#
# There is insufficient memory for the Java Runtime Environment to continue.
# Native memory allocation (malloc) failed to allocate 1752816 bytes for Chunk::new
# Possible reasons:
#   The system is out of physical RAM or swap space
#   The process is running with CompressedOops enabled, and the Java Heap may be blocking the growth of the native heap
# Possible solutions:
#   Reduce memory load on the system
#   Increase physical memory or swap space
#   Check if swap backing store is full
#   Decrease Java heap size (-Xmx/-Xms)
#   Decrease number of Java threads
#   Decrease Java thread stack sizes (-Xss)
#   Set larger code cache with -XX:ReservedCodeCacheSize=
#   JVM is running with Unscaled Compressed Oops mode in which the Java heap is
#     placed in the first 4GB address space. The Java Heap base address is the
#     maximum limit for the native heap growth. Please use -XX:HeapBaseMinAddress
#     to set the Java Heap base and to place the Java Heap above 4GB virtual address.
# This output file may be truncated or incomplete.
#
#  Out of Memory Error (./src/hotspot/share/memory/arena.cpp:197), pid=24960, tid=12548
#
# JRE version: OpenJDK Runtime Environment (11.0.10) (build 11.0.10+0-b96-7249189)
# Java VM: OpenJDK 64-Bit Server VM (11.0.10+0-b96-7249189, mixed mode, tiered, compressed oops, g1 gc, windows-amd64)
# No core dump will be written. Minidumps are not enabled by default on client versions of Windows
#

---------------  S U M M A R Y ------------

Command Line: --add-opens=java.base/java.util=ALL-UNNAMED --add-opens=java.base/java.lang=ALL-UNNAMED --add-opens=java.base/java.lang.invoke=ALL-UNNAMED --add-opens=java.base/java.util=ALL-UNNAMED --add-opens=java.prefs/java.util.prefs=ALL-UNNAMED --add-opens=java.prefs/java.util.prefs=ALL-UNNAMED --add-opens=java.base/java.nio.charset=ALL-UNNAMED --add-opens=java.base/java.net=ALL-UNNAMED --add-opens=java.base/java.util.concurrent.atomic=ALL-UNNAMED -Xmx2048m -Dfile.encoding=GBK -Duser.country=CN -Duser.language=zh -Duser.variant org.gradle.launcher.daemon.bootstrap.GradleDaemon 7.0.2

Host: Intel(R) Core(TM) i7-8750H CPU @ 2.20GHz, 12 cores, 23G,  Windows 10 , 64 bit Build 19041 (10.0.19041.1202)
Time: Sun Dec 19 11:44:41 2021 中国标准时间 elapsed time: 13.574056 seconds (0d 0h 0m 13s)

---------------  T H R E A D  ---------------

Current thread (0x000001576cbb0000):  JavaThread "C2 CompilerThread1" daemon [_thread_in_native, id=12548, stack(0x0000004fd1d00000,0x0000004fd1e00000)]


Current CompileTask:
C2:  13574 8260       4       org.objectweb.asm.Frame::execute (2318 bytes)

Stack: [0x0000004fd1d00000,0x0000004fd1e00000]
Native frames: (J=compiled Java code, j=interpreted, Vv=VM code, C=native code)
V  [jvm.dll+0x5ecfaa]
V  [jvm.dll+0x722bd5]
V  [jvm.dll+0x72412d]
V  [jvm.dll+0x7247e3]
V  [jvm.dll+0x242928]
V  [jvm.dll+0xbc4fc]
V  [jvm.dll+0xbca0c]
V  [jvm.dll+0x352d7d]
V  [jvm.dll+0x320ad3]
V  [jvm.dll+0x31ffca]
V  [jvm.dll+0x1fb602]
V  [jvm.dll+0x1fa7f4]
V  [jvm.dll+0x18354c]
V  [jvm.dll+0x208ee7]
V  [jvm.dll+0x207731]
V  [jvm.dll+0x6eb1cf]
V  [jvm.dll+0x6e3d45]
V  [jvm.dll+0x5ebe96]
C  [ucrtbase.dll+0x21bb2]
C  [KERNEL32.DLL+0x17034]
C  [ntdll.dll+0x52651]


---------------  P R O C E S S  ---------------

Threads class SMR info:
_java_thread_list=0x0000015771119660, length=60, elements={
0x000001574e522000, 0x00000157696bc800, 0x00000157696c8800, 0x0000015769731800,
0x0000015769732000, 0x0000015769733800, 0x000001576973d800, 0x0000015769749800,
0x0000015769751800, 0x00000157698b0800, 0x000001576b7f6000, 0x00000157699dd000,
0x000001576c5ae800, 0x000001576aaf7000, 0x000001576b0ea800, 0x000001576b9df800,
0x000001576b6ab000, 0x000001576a582800, 0x000001576be9b000, 0x000001576bb67000,
0x000001576bb65000, 0x000001576bb69000, 0x000001576bb63800, 0x000001576bb67800,
0x000001576bb68800, 0x000001576bb66000, 0x000001576bb6a000, 0x000001576bb64800,
0x0000015769ae7000, 0x0000015769ae7800, 0x0000015769ae6000, 0x0000015769ae8800,
0x0000015769ae9800, 0x0000015769aea000, 0x0000015769aeb000, 0x0000015769ae5000,
0x0000015769aef000, 0x0000015769aee000, 0x0000015769aed800, 0x0000015769aec800,
0x0000015769af0000, 0x0000015769af1800, 0x0000015769aeb800, 0x0000015769af3000,
0x0000015769af4000, 0x000001576cbb0000, 0x000001577117d000, 0x0000015771177800,
0x0000015771179800, 0x000001577117b800, 0x000001577117c000, 0x000001577117a800,
0x000001577117e000, 0x0000015771178000, 0x0000015771184800, 0x0000015771182000,
0x000001577117e800, 0x0000015771182800, 0x0000015771c56800, 0x0000015771185000
}

Java Threads: ( => current thread )
  0x000001574e522000 JavaThread "main" [_thread_blocked, id=2472, stack(0x0000004fcf400000,0x0000004fcf500000)]
  0x00000157696bc800 JavaThread "Reference Handler" daemon [_thread_blocked, id=20860, stack(0x0000004fcfb00000,0x0000004fcfc00000)]
  0x00000157696c8800 JavaThread "Finalizer" daemon [_thread_blocked, id=23580, stack(0x0000004fcfc00000,0x0000004fcfd00000)]
  0x0000015769731800 JavaThread "Signal Dispatcher" daemon [_thread_blocked, id=8724, stack(0x0000004fcfd00000,0x0000004fcfe00000)]
  0x0000015769732000 JavaThread "Attach Listener" daemon [_thread_blocked, id=10572, stack(0x0000004fcfe00000,0x0000004fcff00000)]
  0x0000015769733800 JavaThread "Service Thread" daemon [_thread_blocked, id=15780, stack(0x0000004fcff00000,0x0000004fd0000000)]
  0x000001576973d800 JavaThread "C2 CompilerThread0" daemon [_thread_in_native, id=27044, stack(0x0000004fd0000000,0x0000004fd0100000)]
  0x0000015769749800 JavaThread "C1 CompilerThread0" daemon [_thread_in_native, id=12856, stack(0x0000004fd0100000,0x0000004fd0200000)]
  0x0000015769751800 JavaThread "Sweeper thread" daemon [_thread_blocked, id=8772, stack(0x0000004fd0200000,0x0000004fd0300000)]
  0x00000157698b0800 JavaThread "Common-Cleaner" daemon [_thread_blocked, id=2696, stack(0x0000004fd0300000,0x0000004fd0400000)]
  0x000001576b7f6000 JavaThread "Daemon health stats" [_thread_blocked, id=21292, stack(0x0000004fd0f00000,0x0000004fd1000000)]
  0x00000157699dd000 JavaThread "Incoming local TCP Connector on port 61503" [_thread_in_native, id=12736, stack(0x0000004fd0500000,0x0000004fd0600000)]
  0x000001576c5ae800 JavaThread "Daemon periodic checks" [_thread_blocked, id=18452, stack(0x0000004fd0e00000,0x0000004fd0f00000)]
  0x000001576aaf7000 JavaThread "Daemon" [_thread_blocked, id=20748, stack(0x0000004fd1000000,0x0000004fd1100000)]
  0x000001576b0ea800 JavaThread "Handler for socket connection from /127.0.0.1:61503 to /127.0.0.1:61504" [_thread_in_native, id=23624, stack(0x0000004fd1100000,0x0000004fd1200000)]
  0x000001576b9df800 JavaThread "Cancel handler" [_thread_blocked, id=18396, stack(0x0000004fd1200000,0x0000004fd1300000)]
  0x000001576b6ab000 JavaThread "Daemon worker" [_thread_in_vm, id=24776, stack(0x0000004fd1300000,0x0000004fd1400000)]
  0x000001576a582800 JavaThread "Asynchronous log dispatcher for DefaultDaemonConnection: socket connection from /127.0.0.1:61503 to /127.0.0.1:61504" [_thread_blocked, id=10680, stack(0x0000004fd1400000,0x0000004fd1500000)]
  0x000001576be9b000 JavaThread "Stdin handler" [_thread_blocked, id=26152, stack(0x0000004fd1500000,0x0000004fd1600000)]
  0x000001576bb67000 JavaThread "Daemon client event forwarder" [_thread_blocked, id=23236, stack(0x0000004fd1600000,0x0000004fd1700000)]
  0x000001576bb65000 JavaThread "Cache worker for file hash cache (C:\Users\dell\.gradle\caches\7.0.2\fileHashes)" [_thread_blocked, id=10984, stack(0x0000004fd1700000,0x0000004fd1800000)]
  0x000001576bb69000 JavaThread "File lock request listener" [_thread_in_native, id=24024, stack(0x0000004fd1800000,0x0000004fd1900000)]
  0x000001576bb63800 JavaThread "Cache worker for journal cache (C:\Users\dell\.gradle\caches\journal-1)" [_thread_blocked, id=17772, stack(0x0000004fd1c00000,0x0000004fd1d00000)]
  0x000001576bb67800 JavaThread "Cache worker for file hash cache (D:\YOMSSJ\.gradle\7.0.2\fileHashes)" [_thread_blocked, id=9092, stack(0x0000004fd1e00000,0x0000004fd1f00000)]
  0x000001576bb68800 JavaThread "File watcher server" daemon [_thread_in_native, id=18988, stack(0x0000004fd1f00000,0x0000004fd2000000)]
  0x000001576bb66000 JavaThread "File watcher consumer" daemon [_thread_blocked, id=27176, stack(0x0000004fd2000000,0x0000004fd2100000)]
  0x000001576bb6a000 JavaThread "jar transforms" [_thread_blocked, id=24132, stack(0x0000004fd2100000,0x0000004fd2200000)]
  0x000001576bb64800 JavaThread "jar transforms Thread 2" [_thread_blocked, id=21056, stack(0x0000004fd2200000,0x0000004fd2300000)]
  0x0000015769ae7000 JavaThread "jar transforms Thread 3" [_thread_blocked, id=4192, stack(0x0000004fd2300000,0x0000004fd2400000)]
  0x0000015769ae7800 JavaThread "jar transforms Thread 4" [_thread_blocked, id=17176, stack(0x0000004fd2400000,0x0000004fd2500000)]
  0x0000015769ae6000 JavaThread "jar transforms Thread 5" [_thread_blocked, id=20836, stack(0x0000004fd2500000,0x0000004fd2600000)]
  0x0000015769ae8800 JavaThread "jar transforms Thread 6" [_thread_blocked, id=12584, stack(0x0000004fd2600000,0x0000004fd2700000)]
  0x0000015769ae9800 JavaThread "jar transforms Thread 7" [_thread_blocked, id=20228, stack(0x0000004fd2700000,0x0000004fd2800000)]
  0x0000015769aea000 JavaThread "jar transforms Thread 8" [_thread_blocked, id=26536, stack(0x0000004fd2800000,0x0000004fd2900000)]
  0x0000015769aeb000 JavaThread "jar transforms Thread 9" [_thread_blocked, id=12724, stack(0x0000004fd2900000,0x0000004fd2a00000)]
  0x0000015769ae5000 JavaThread "jar transforms Thread 10" [_thread_blocked, id=11944, stack(0x0000004fd2a00000,0x0000004fd2b00000)]
  0x0000015769aef000 JavaThread "jar transforms Thread 11" [_thread_blocked, id=25988, stack(0x0000004fd2b00000,0x0000004fd2c00000)]
  0x0000015769aee000 JavaThread "jar transforms Thread 12" [_thread_blocked, id=23984, stack(0x0000004fd2d00000,0x0000004fd2e00000)]
  0x0000015769aed800 JavaThread "Cache worker for checksums cache (D:\YOMSSJ\.gradle\checksums)" [_thread_blocked, id=21388, stack(0x0000004fd2e00000,0x0000004fd2f00000)]
  0x0000015769aec800 JavaThread "Cache worker for cache directory md-supplier (C:\Users\dell\.gradle\caches\7.0.2\md-supplier)" [_thread_blocked, id=8292, stack(0x0000004fd2f00000,0x0000004fd3000000)]
  0x0000015769af0000 JavaThread "Cache worker for cache directory md-rule (C:\Users\dell\.gradle\caches\7.0.2\md-rule)" [_thread_blocked, id=1556, stack(0x0000004fd3000000,0x0000004fd3100000)]
  0x0000015769af1800 JavaThread "Cache worker for execution history cache (C:\Users\dell\.gradle\caches\7.0.2\executionHistory)" [_thread_blocked, id=14052, stack(0x0000004fd3100000,0x0000004fd3200000)]
  0x0000015769aeb800 JavaThread "Cache worker for file content cache (C:\Users\dell\.gradle\caches\7.0.2\fileContent)" [_thread_blocked, id=2884, stack(0x0000004fd3200000,0x0000004fd3300000)]
  0x0000015769af3000 JavaThread "Cache worker for dependencies-accessors (D:\YOMSSJ\.gradle\7.0.2\dependencies-accessors)" [_thread_blocked, id=12592, stack(0x0000004fd3300000,0x0000004fd3400000)]
  0x0000015769af4000 JavaThread "Cache worker for Build Output Cleanup Cache (D:\YOMSSJ\.gradle\buildOutputCleanup)" [_thread_blocked, id=16356, stack(0x0000004fd3400000,0x0000004fd3500000)]
=>0x000001576cbb0000 JavaThread "C2 CompilerThread1" daemon [_thread_in_native, id=12548, stack(0x0000004fd1d00000,0x0000004fd1e00000)]
  0x000001577117d000 JavaThread "Build operations" [_thread_blocked, id=5348, stack(0x0000004fd2c00000,0x0000004fd2d00000)]
  0x0000015771177800 JavaThread "Build operations Thread 2" [_thread_blocked, id=8796, stack(0x0000004fd3500000,0x0000004fd3600000)]
  0x0000015771179800 JavaThread "Build operations Thread 3" [_thread_blocked, id=11032, stack(0x0000004fd3600000,0x0000004fd3700000)]
  0x000001577117b800 JavaThread "Build operations Thread 4" [_thread_blocked, id=12628, stack(0x0000004fd3700000,0x0000004fd3800000)]
  0x000001577117c000 JavaThread "Build operations Thread 5" [_thread_blocked, id=9276, stack(0x0000004fd3800000,0x0000004fd3900000)]
  0x000001577117a800 JavaThread "Build operations Thread 6" [_thread_blocked, id=20408, stack(0x0000004fd3900000,0x0000004fd3a00000)]
  0x000001577117e000 JavaThread "Build operations Thread 7" [_thread_blocked, id=18508, stack(0x0000004fd3a00000,0x0000004fd3b00000)]
  0x0000015771178000 JavaThread "Build operations Thread 8" [_thread_blocked, id=13272, stack(0x0000004fd3b00000,0x0000004fd3c00000)]
  0x0000015771184800 JavaThread "Build operations Thread 9" [_thread_blocked, id=16556, stack(0x0000004fd3c00000,0x0000004fd3d00000)]
  0x0000015771182000 JavaThread "Build operations Thread 10" [_thread_blocked, id=2624, stack(0x0000004fd3d00000,0x0000004fd3e00000)]
  0x000001577117e800 JavaThread "Build operations Thread 11" [_thread_blocked, id=25932, stack(0x0000004fd3e00000,0x0000004fd3f00000)]
  0x0000015771182800 JavaThread "Build operations Thread 12" [_thread_blocked, id=17108, stack(0x0000004fd3f00000,0x0000004fd4000000)]
  0x0000015771c56800 JavaThread "C2 CompilerThread2" daemon [_thread_in_native, id=24076, stack(0x0000004fd4000000,0x0000004fd4100000)]
  0x0000015771185000 JavaThread "Memory manager" [_thread_blocked, id=13096, stack(0x0000004fd4100000,0x0000004fd4200000)]

Other Threads:
  0x00000157696ba800 VMThread "VM Thread" [stack: 0x0000004fcfa00000,0x0000004fcfb00000] [id=6060]
  0x00000157698ca800 WatcherThread [stack: 0x0000004fd0400000,0x0000004fd0500000] [id=26184]
  0x000001574e53a000 GCTaskThread "GC Thread#0" [stack: 0x0000004fcf500000,0x0000004fcf600000] [id=10096]
  0x000001576a5fe800 GCTaskThread "GC Thread#1" [stack: 0x0000004fd0600000,0x0000004fd0700000] [id=7816]
  0x000001576a483800 GCTaskThread "GC Thread#2" [stack: 0x0000004fd0700000,0x0000004fd0800000] [id=5804]
  0x0000015769b80000 GCTaskThread "GC Thread#3" [stack: 0x0000004fd0800000,0x0000004fd0900000] [id=21172]
  0x000001576a345000 GCTaskThread "GC Thread#4" [stack: 0x0000004fd0900000,0x0000004fd0a00000] [id=19972]
  0x000001576a3c4800 GCTaskThread "GC Thread#5" [stack: 0x0000004fd0a00000,0x0000004fd0b00000] [id=3016]
  0x000001576a3c5000 GCTaskThread "GC Thread#6" [stack: 0x0000004fd0b00000,0x0000004fd0c00000] [id=26296]
  0x000001576a499000 GCTaskThread "GC Thread#7" [stack: 0x0000004fd0c00000,0x0000004fd0d00000] [id=6600]
  0x000001576a252800 GCTaskThread "GC Thread#8" [stack: 0x0000004fd0d00000,0x0000004fd0e00000] [id=7512]
  0x000001576c2ae800 GCTaskThread "GC Thread#9" [stack: 0x0000004fd1900000,0x0000004fd1a00000] [id=11620]
  0x000001574e56e800 ConcurrentGCThread "G1 Main Marker" [stack: 0x0000004fcf600000,0x0000004fcf700000] [id=23924]
  0x000001574e56f800 ConcurrentGCThread "G1 Conc#0" [stack: 0x0000004fcf700000,0x0000004fcf800000] [id=3560]
  0x000001576a671800 ConcurrentGCThread "G1 Conc#1" [stack: 0x0000004fd1a00000,0x0000004fd1b00000] [id=24704]
  0x000001576a532000 ConcurrentGCThread "G1 Conc#2" [stack: 0x0000004fd1b00000,0x0000004fd1c00000] [id=10204]
  0x000001574e5fe800 ConcurrentGCThread "G1 Refine#0" [stack: 0x0000004fcf800000,0x0000004fcf900000] [id=16560]
  0x0000015768d09000 ConcurrentGCThread "G1 Young RemSet Sampling" [stack: 0x0000004fcf900000,0x0000004fcfa00000] [id=21320]

Threads with active compile tasks:
C2 CompilerThread0  13652 8299       4       java.io.WinNTFileSystem::normalize (143 bytes)
C1 CompilerThread0  13652 8491       3       org.gradle.model.internal.asm.AsmClassGenerator::define (12 bytes)
C2 CompilerThread1  13652 8260       4       org.objectweb.asm.Frame::execute (2318 bytes)
C2 CompilerThread2  13652 8399       4       org.gradle.internal.reflect.ClassInspector::inspectClass (179 bytes)

VM state:not at safepoint (normal execution)

VM Mutex/Monitor currently owned by a thread: None

Heap address: 0x0000000080000000, size: 2048 MB, Compressed Oops mode: 32-bit
Narrow klass base: 0x0000000000000000, Narrow klass shift: 3
Compressed class space size: 1073741824 Address: 0x0000000100000000

Heap:
 garbage-first heap   total 391168K, used 241627K [0x0000000080000000, 0x0000000100000000)
  region size 1024K, 178 young (182272K), 26 survivors (26624K)
 Metaspace       used 89009K, capacity 91375K, committed 91468K, reserved 1128448K
  class space    used 11465K, capacity 12287K, committed 12364K, reserved 1048576K
Heap Regions: E=young(eden), S=young(survivor), O=old, HS=humongous(starts), HC=humongous(continues), CS=collection set, F=free, A=archive, TAMS=top-at-mark-start (previous, next)
|   0|0x0000000080000000, 0x0000000080100000, 0x0000000080100000|100%| O|  |TAMS 0x0000000080100000, 0x0000000080000000| Untracked 
|   1|0x0000000080100000, 0x0000000080200000, 0x0000000080200000|100%| O|  |TAMS 0x0000000080200000, 0x0000000080100000| Untracked 
|   2|0x0000000080200000, 0x0000000080300000, 0x0000000080300000|100%| O|  |TAMS 0x0000000080300000, 0x0000000080200000| Untracked 
|   3|0x0000000080300000, 0x0000000080400000, 0x0000000080400000|100%|HS|  |TAMS 0x0000000080400000, 0x0000000080300000| Complete 
|   4|0x0000000080400000, 0x0000000080500000, 0x0000000080500000|100%|HC|  |TAMS 0x0000000080500000, 0x0000000080400000| Complete 
|   5|0x0000000080500000, 0x0000000080600000, 0x0000000080600000|100%|HC|  |TAMS 0x0000000080600000, 0x0000000080500000| Complete 
|   6|0x0000000080600000, 0x0000000080700000, 0x0000000080700000|100%| O|  |TAMS 0x0000000080700000, 0x0000000080600000| Untracked 
|   7|0x0000000080700000, 0x0000000080800000, 0x0000000080800000|100%| O|  |TAMS 0x0000000080800000, 0x0000000080700000| Untracked 
|   8|0x0000000080800000, 0x0000000080900000, 0x0000000080900000|100%| O|  |TAMS 0x0000000080900000, 0x0000000080800000| Untracked 
|   9|0x0000000080900000, 0x0000000080a00000, 0x0000000080a00000|100%| O|  |TAMS 0x0000000080a00000, 0x0000000080900000| Untracked 
|  10|0x0000000080a00000, 0x0000000080b00000, 0x0000000080b00000|100%| O|  |TAMS 0x0000000080b00000, 0x0000000080a00000| Untracked 
|  11|0x0000000080b00000, 0x0000000080c00000, 0x0000000080c00000|100%| O|  |TAMS 0x0000000080c00000, 0x0000000080b00000| Untracked 
|  12|0x0000000080c00000, 0x0000000080d00000, 0x0000000080d00000|100%| O|  |TAMS 0x0000000080d00000, 0x0000000080c00000| Untracked 
|  13|0x0000000080d00000, 0x0000000080e00000, 0x0000000080e00000|100%| O|  |TAMS 0x0000000080e00000, 0x0000000080d00000| Untracked 
|  14|0x0000000080e00000, 0x0000000080f00000, 0x0000000080f00000|100%| O|  |TAMS 0x0000000080f00000, 0x0000000080e00000| Untracked 
|  15|0x0000000080f00000, 0x0000000081000000, 0x0000000081000000|100%| O|  |TAMS 0x0000000081000000, 0x0000000080f00000| Untracked 
|  16|0x0000000081000000, 0x0000000081100000, 0x0000000081100000|100%| O|  |TAMS 0x0000000081100000, 0x0000000081000000| Untracked 
|  17|0x0000000081100000, 0x0000000081200000, 0x0000000081200000|100%|HS|  |TAMS 0x0000000081200000, 0x0000000081100000| Complete 
|  18|0x0000000081200000, 0x0000000081300000, 0x0000000081300000|100%|HC|  |TAMS 0x0000000081300000, 0x0000000081200000| Complete 
|  19|0x0000000081300000, 0x0000000081400000, 0x0000000081400000|100%|HS|  |TAMS 0x0000000081400000, 0x0000000081300000| Complete 
|  20|0x0000000081400000, 0x0000000081500000, 0x0000000081500000|100%|HC|  |TAMS 0x0000000081500000, 0x0000000081400000| Complete 
|  21|0x0000000081500000, 0x0000000081600000, 0x0000000081600000|100%|HC|  |TAMS 0x0000000081600000, 0x0000000081500000| Complete 
|  22|0x0000000081600000, 0x0000000081700000, 0x0000000081700000|100%|HS|  |TAMS 0x0000000081700000, 0x0000000081600000| Complete 
|  23|0x0000000081700000, 0x0000000081800000, 0x0000000081800000|100%|HC|  |TAMS 0x0000000081800000, 0x0000000081700000| Complete 
|  24|0x0000000081800000, 0x0000000081900000, 0x0000000081900000|100%|HC|  |TAMS 0x0000000081900000, 0x0000000081800000| Complete 
|  25|0x0000000081900000, 0x0000000081a00000, 0x0000000081a00000|100%|HC|  |TAMS 0x0000000081a00000, 0x0000000081900000| Complete 
|  26|0x0000000081a00000, 0x0000000081b00000, 0x0000000081b00000|100%|HC|  |TAMS 0x0000000081b00000, 0x0000000081a00000| Complete 
|  27|0x0000000081b00000, 0x0000000081c00000, 0x0000000081c00000|100%|HS|  |TAMS 0x0000000081c00000, 0x0000000081b00000| Complete 
|  28|0x0000000081c00000, 0x0000000081d00000, 0x0000000081d00000|100%|HS|  |TAMS 0x0000000081d00000, 0x0000000081c00000| Complete 
|  29|0x0000000081d00000, 0x0000000081e00000, 0x0000000081e00000|100%| O|  |TAMS 0x0000000081e00000, 0x0000000081d00000| Untracked 
|  30|0x0000000081e00000, 0x0000000081f00000, 0x0000000081f00000|100%|HS|  |TAMS 0x0000000081f00000, 0x0000000081e00000| Complete 
|  31|0x0000000081f00000, 0x0000000082000000, 0x0000000082000000|100%|HC|  |TAMS 0x0000000082000000, 0x0000000081f00000| Complete 
|  32|0x0000000082000000, 0x0000000082100000, 0x0000000082100000|100%|HC|  |TAMS 0x0000000082100000, 0x0000000082000000| Complete 
|  33|0x0000000082100000, 0x0000000082200000, 0x0000000082200000|100%|HC|  |TAMS 0x0000000082200000, 0x0000000082100000| Complete 
|  34|0x0000000082200000, 0x0000000082300000, 0x0000000082300000|100%|HC|  |TAMS 0x0000000082300000, 0x0000000082200000| Complete 
|  35|0x0000000082300000, 0x0000000082400000, 0x0000000082400000|100%|HS|  |TAMS 0x0000000082400000, 0x0000000082300000| Complete 
|  36|0x0000000082400000, 0x0000000082500000, 0x0000000082500000|100%|HC|  |TAMS 0x0000000082500000, 0x0000000082400000| Complete 
|  37|0x0000000082500000, 0x0000000082600000, 0x0000000082600000|100%|HC|  |TAMS 0x0000000082600000, 0x0000000082500000| Complete 
|  38|0x0000000082600000, 0x0000000082700000, 0x0000000082700000|100%| O|  |TAMS 0x0000000082700000, 0x0000000082600000| Untracked 
|  39|0x0000000082700000, 0x0000000082800000, 0x0000000082800000|100%| O|  |TAMS 0x0000000082800000, 0x0000000082700000| Untracked 
|  40|0x0000000082800000, 0x0000000082900000, 0x0000000082900000|100%|HS|  |TAMS 0x0000000082900000, 0x0000000082800000| Complete 
|  41|0x0000000082900000, 0x0000000082a00000, 0x0000000082a00000|100%|HC|  |TAMS 0x0000000082a00000, 0x0000000082900000| Complete 
|  42|0x0000000082a00000, 0x0000000082b00000, 0x0000000082b00000|100%|HC|  |TAMS 0x0000000082b00000, 0x0000000082a00000| Complete 
|  43|0x0000000082b00000, 0x0000000082c00000, 0x0000000082c00000|100%|HS|  |TAMS 0x0000000082c00000, 0x0000000082b00000| Complete 
|  44|0x0000000082c00000, 0x0000000082d00000, 0x0000000082d00000|100%|HC|  |TAMS 0x0000000082d00000, 0x0000000082c00000| Complete 
|  45|0x0000000082d00000, 0x0000000082e00000, 0x0000000082e00000|100%| O|  |TAMS 0x0000000082e00000, 0x0000000082d00000| Untracked 
|  46|0x0000000082e00000, 0x0000000082f00000, 0x0000000082f00000|100%| O|  |TAMS 0x0000000082f00000, 0x0000000082e00000| Untracked 
|  47|0x0000000082f00000, 0x0000000083000000, 0x0000000083000000|100%| O|  |TAMS 0x0000000083000000, 0x0000000082f00000| Untracked 
|  48|0x0000000083000000, 0x0000000083100000, 0x0000000083100000|100%| O|  |TAMS 0x0000000083100000, 0x0000000083000000| Untracked 
|  49|0x0000000083100000, 0x0000000083200000, 0x0000000083200000|100%|HS|  |TAMS 0x0000000083100000, 0x0000000083100000| Complete 
|  50|0x0000000083200000, 0x0000000083300000, 0x0000000083300000|100%| O|  |TAMS 0x0000000083300000, 0x0000000083200000| Untracked 
|  51|0x0000000083300000, 0x0000000083400000, 0x0000000083400000|100%| O|  |TAMS 0x0000000083400000, 0x0000000083300000| Untracked 
|  52|0x0000000083400000, 0x0000000083500000, 0x0000000083500000|100%| O|  |TAMS 0x0000000083500000, 0x0000000083400000| Untracked 
|  53|0x0000000083500000, 0x0000000083600000, 0x0000000083600000|100%| O|  |TAMS 0x0000000083600000, 0x0000000083500000| Untracked 
|  54|0x0000000083600000, 0x0000000083700000, 0x0000000083700000|100%| O|  |TAMS 0x0000000083700000, 0x0000000083600000| Untracked 
|  55|0x0000000083700000, 0x0000000083800000, 0x0000000083800000|100%| O|  |TAMS 0x0000000083800000, 0x0000000083700000| Untracked 
|  56|0x0000000083800000, 0x0000000083900000, 0x0000000083900000|100%| O|  |TAMS 0x0000000083900000, 0x0000000083800000| Untracked 
|  57|0x0000000083900000, 0x0000000083a00000, 0x0000000083a00000|100%| O|  |TAMS 0x0000000083a00000, 0x0000000083900000| Untracked 
|  58|0x0000000083a00000, 0x0000000083b00000, 0x0000000083b00000|100%| O|  |TAMS 0x0000000083b00000, 0x0000000083a00000| Untracked 
|  59|0x0000000083b00000, 0x0000000083c00000, 0x0000000083c00000|100%| O|  |TAMS 0x0000000083c00000, 0x0000000083b00000| Untracked 
|  60|0x0000000083c00000, 0x0000000083c04000, 0x0000000083d00000|  1%| O|  |TAMS 0x0000000083c04000, 0x0000000083c00000| Untracked 
|  61|0x0000000083d00000, 0x0000000083d00000, 0x0000000083e00000|  0%| F|  |TAMS 0x0000000083d00000, 0x0000000083d00000| Untracked 
|  62|0x0000000083e00000, 0x0000000083e00000, 0x0000000083f00000|  0%| F|  |TAMS 0x0000000083e00000, 0x0000000083e00000| Untracked 
|  63|0x0000000083f00000, 0x0000000083f00000, 0x0000000084000000|  0%| F|  |TAMS 0x0000000083f00000, 0x0000000083f00000| Untracked 
|  64|0x0000000084000000, 0x0000000084000000, 0x0000000084100000|  0%| F|  |TAMS 0x0000000084000000, 0x0000000084000000| Untracked 
|  65|0x0000000084100000, 0x0000000084100000, 0x0000000084200000|  0%| F|  |TAMS 0x0000000084100000, 0x0000000084100000| Untracked 
|  66|0x0000000084200000, 0x0000000084200000, 0x0000000084300000|  0%| F|  |TAMS 0x0000000084200000, 0x0000000084200000| Untracked 
|  67|0x0000000084300000, 0x0000000084300000, 0x0000000084400000|  0%| F|  |TAMS 0x0000000084300000, 0x0000000084300000| Untracked 
|  68|0x0000000084400000, 0x0000000084400000, 0x0000000084500000|  0%| F|  |TAMS 0x0000000084400000, 0x0000000084400000| Untracked 
|  69|0x0000000084500000, 0x0000000084500000, 0x0000000084600000|  0%| F|  |TAMS 0x0000000084500000, 0x0000000084500000| Untracked 
|  70|0x0000000084600000, 0x0000000084600000, 0x0000000084700000|  0%| F|  |TAMS 0x0000000084600000, 0x0000000084600000| Untracked 
|  71|0x0000000084700000, 0x0000000084700000, 0x0000000084800000|  0%| F|  |TAMS 0x0000000084700000, 0x0000000084700000| Untracked 
|  72|0x0000000084800000, 0x0000000084800000, 0x0000000084900000|  0%| F|  |TAMS 0x0000000084800000, 0x0000000084800000| Untracked 
|  73|0x0000000084900000, 0x0000000084900000, 0x0000000084a00000|  0%| F|  |TAMS 0x0000000084900000, 0x0000000084900000| Untracked 
|  74|0x0000000084a00000, 0x0000000084a00000, 0x0000000084b00000|  0%| F|  |TAMS 0x0000000084a00000, 0x0000000084a00000| Untracked 
|  75|0x0000000084b00000, 0x0000000084b00000, 0x0000000084c00000|  0%| F|  |TAMS 0x0000000084b00000, 0x0000000084b00000| Untracked 
|  76|0x0000000084c00000, 0x0000000084c00000, 0x0000000084d00000|  0%| F|  |TAMS 0x0000000084c00000, 0x0000000084c00000| Untracked 
|  77|0x0000000084d00000, 0x0000000084d00000, 0x0000000084e00000|  0%| F|  |TAMS 0x0000000084d00000, 0x0000000084d00000| Untracked 
|  78|0x0000000084e00000, 0x0000000084e00000, 0x0000000084f00000|  0%| F|  |TAMS 0x0000000084e00000, 0x0000000084e00000| Untracked 
|  79|0x0000000084f00000, 0x0000000084f00000, 0x0000000085000000|  0%| F|  |TAMS 0x0000000084f00000, 0x0000000084f00000| Untracked 
|  80|0x0000000085000000, 0x0000000085000000, 0x0000000085100000|  0%| F|  |TAMS 0x0000000085000000, 0x0000000085000000| Untracked 
|  81|0x0000000085100000, 0x0000000085100000, 0x0000000085200000|  0%| F|  |TAMS 0x0000000085100000, 0x0000000085100000| Untracked 
|  82|0x0000000085200000, 0x0000000085200000, 0x0000000085300000|  0%| F|  |TAMS 0x0000000085200000, 0x0000000085200000| Untracked 
|  83|0x0000000085300000, 0x0000000085300000, 0x0000000085400000|  0%| F|  |TAMS 0x0000000085300000, 0x0000000085300000| Untracked 
|  84|0x0000000085400000, 0x0000000085400000, 0x0000000085500000|  0%| F|  |TAMS 0x0000000085400000, 0x0000000085400000| Untracked 
|  85|0x0000000085500000, 0x0000000085500000, 0x0000000085600000|  0%| F|  |TAMS 0x0000000085500000, 0x0000000085500000| Untracked 
|  86|0x0000000085600000, 0x0000000085600000, 0x0000000085700000|  0%| F|  |TAMS 0x0000000085600000, 0x0000000085600000| Untracked 
|  87|0x0000000085700000, 0x0000000085700000, 0x0000000085800000|  0%| F|  |TAMS 0x0000000085700000, 0x0000000085700000| Untracked 
|  88|0x0000000085800000, 0x0000000085800000, 0x0000000085900000|  0%| F|  |TAMS 0x0000000085800000, 0x0000000085800000| Untracked 
|  89|0x0000000085900000, 0x0000000085900000, 0x0000000085a00000|  0%| F|  |TAMS 0x0000000085900000, 0x0000000085900000| Untracked 
|  90|0x0000000085a00000, 0x0000000085a00000, 0x0000000085b00000|  0%| F|  |TAMS 0x0000000085a00000, 0x0000000085a00000| Untracked 
|  91|0x0000000085b00000, 0x0000000085b00000, 0x0000000085c00000|  0%| F|  |TAMS 0x0000000085b00000, 0x0000000085b00000| Untracked 
|  92|0x0000000085c00000, 0x0000000085c00000, 0x0000000085d00000|  0%| F|  |TAMS 0x0000000085c00000, 0x0000000085c00000| Untracked 
|  93|0x0000000085d00000, 0x0000000085d00000, 0x0000000085e00000|  0%| F|  |TAMS 0x0000000085d00000, 0x0000000085d00000| Untracked 
|  94|0x0000000085e00000, 0x0000000085e00000, 0x0000000085f00000|  0%| F|  |TAMS 0x0000000085e00000, 0x0000000085e00000| Untracked 
|  95|0x0000000085f00000, 0x0000000085f00000, 0x0000000086000000|  0%| F|  |TAMS 0x0000000085f00000, 0x0000000085f00000| Untracked 
|  96|0x0000000086000000, 0x0000000086000000, 0x0000000086100000|  0%| F|  |TAMS 0x0000000086000000, 0x0000000086000000| Untracked 
|  97|0x0000000086100000, 0x0000000086100000, 0x0000000086200000|  0%| F|  |TAMS 0x0000000086100000, 0x0000000086100000| Untracked 
|  98|0x0000000086200000, 0x0000000086200000, 0x0000000086300000|  0%| F|  |TAMS 0x0000000086200000, 0x0000000086200000| Untracked 
|  99|0x0000000086300000, 0x0000000086300000, 0x0000000086400000|  0%| F|  |TAMS 0x0000000086300000, 0x0000000086300000| Untracked 
| 100|0x0000000086400000, 0x0000000086400000, 0x0000000086500000|  0%| F|  |TAMS 0x0000000086400000, 0x0000000086400000| Untracked 
| 101|0x0000000086500000, 0x0000000086500000, 0x0000000086600000|  0%| F|  |TAMS 0x0000000086500000, 0x0000000086500000| Untracked 
| 102|0x0000000086600000, 0x0000000086600000, 0x0000000086700000|  0%| F|  |TAMS 0x0000000086600000, 0x0000000086600000| Untracked 
| 103|0x0000000086700000, 0x0000000086700000, 0x0000000086800000|  0%| F|  |TAMS 0x0000000086700000, 0x0000000086700000| Untracked 
| 104|0x0000000086800000, 0x0000000086800000, 0x0000000086900000|  0%| F|  |TAMS 0x0000000086800000, 0x0000000086800000| Untracked 
| 105|0x0000000086900000, 0x0000000086900000, 0x0000000086a00000|  0%| F|  |TAMS 0x0000000086900000, 0x0000000086900000| Untracked 
| 106|0x0000000086a00000, 0x0000000086a00000, 0x0000000086b00000|  0%| F|  |TAMS 0x0000000086a00000, 0x0000000086a00000| Untracked 
| 107|0x0000000086b00000, 0x0000000086b00000, 0x0000000086c00000|  0%| F|  |TAMS 0x0000000086b00000, 0x0000000086b00000| Untracked 
| 108|0x0000000086c00000, 0x0000000086c00000, 0x0000000086d00000|  0%| F|  |TAMS 0x0000000086c00000, 0x0000000086c00000| Untracked 
| 109|0x0000000086d00000, 0x0000000086d00000, 0x0000000086e00000|  0%| F|  |TAMS 0x0000000086d00000, 0x0000000086d00000| Untracked 
| 110|0x0000000086e00000, 0x0000000086e00000, 0x0000000086f00000|  0%| F|  |TAMS 0x0000000086e00000, 0x0000000086e00000| Untracked 
| 111|0x0000000086f00000, 0x0000000086f00000, 0x0000000087000000|  0%| F|  |TAMS 0x0000000086f00000, 0x0000000086f00000| Untracked 
| 112|0x0000000087000000, 0x0000000087000000, 0x0000000087100000|  0%| F|  |TAMS 0x0000000087000000, 0x0000000087000000| Untracked 
| 113|0x0000000087100000, 0x0000000087100000, 0x0000000087200000|  0%| F|  |TAMS 0x0000000087100000, 0x0000000087100000| Untracked 
| 114|0x0000000087200000, 0x0000000087200000, 0x0000000087300000|  0%| F|  |TAMS 0x0000000087200000, 0x0000000087200000| Untracked 
| 115|0x0000000087300000, 0x0000000087300000, 0x0000000087400000|  0%| F|  |TAMS 0x0000000087300000, 0x0000000087300000| Untracked 
| 116|0x0000000087400000, 0x0000000087400000, 0x0000000087500000|  0%| F|  |TAMS 0x0000000087400000, 0x0000000087400000| Untracked 
| 117|0x0000000087500000, 0x0000000087500000, 0x0000000087600000|  0%| F|  |TAMS 0x0000000087500000, 0x0000000087500000| Untracked 
| 118|0x0000000087600000, 0x0000000087600000, 0x0000000087700000|  0%| F|  |TAMS 0x0000000087600000, 0x0000000087600000| Untracked 
| 119|0x0000000087700000, 0x0000000087700000, 0x0000000087800000|  0%| F|  |TAMS 0x0000000087700000, 0x0000000087700000| Untracked 
| 120|0x0000000087800000, 0x0000000087800000, 0x0000000087900000|  0%| F|  |TAMS 0x0000000087800000, 0x0000000087800000| Untracked 
| 121|0x0000000087900000, 0x0000000087900000, 0x0000000087a00000|  0%| F|  |TAMS 0x0000000087900000, 0x0000000087900000| Untracked 
| 122|0x0000000087a00000, 0x0000000087a00000, 0x0000000087b00000|  0%| F|  |TAMS 0x0000000087a00000, 0x0000000087a00000| Untracked 
| 123|0x0000000087b00000, 0x0000000087b00000, 0x0000000087c00000|  0%| F|  |TAMS 0x0000000087b00000, 0x0000000087b00000| Untracked 
| 124|0x0000000087c00000, 0x0000000087c00000, 0x0000000087d00000|  0%| F|  |TAMS 0x0000000087c00000, 0x0000000087c00000| Untracked 
| 125|0x0000000087d00000, 0x0000000087d00000, 0x0000000087e00000|  0%| F|  |TAMS 0x0000000087d00000, 0x0000000087d00000| Untracked 
| 126|0x0000000087e00000, 0x0000000087e00000, 0x0000000087f00000|  0%| F|  |TAMS 0x0000000087e00000, 0x0000000087e00000| Untracked 
| 127|0x0000000087f00000, 0x0000000087f00000, 0x0000000088000000|  0%| F|  |TAMS 0x0000000087f00000, 0x0000000087f00000| Untracked 
| 128|0x0000000088000000, 0x0000000088000000, 0x0000000088100000|  0%| F|  |TAMS 0x0000000088000000, 0x0000000088000000| Untracked 
| 129|0x0000000088100000, 0x0000000088100000, 0x0000000088200000|  0%| F|  |TAMS 0x0000000088100000, 0x0000000088100000| Untracked 
| 130|0x0000000088200000, 0x0000000088200000, 0x0000000088300000|  0%| F|  |TAMS 0x0000000088200000, 0x0000000088200000| Untracked 
| 131|0x0000000088300000, 0x0000000088300000, 0x0000000088400000|  0%| F|  |TAMS 0x0000000088300000, 0x0000000088300000| Untracked 
| 132|0x0000000088400000, 0x0000000088400000, 0x0000000088500000|  0%| F|  |TAMS 0x0000000088400000, 0x0000000088400000| Untracked 
| 133|0x0000000088500000, 0x0000000088500000, 0x0000000088600000|  0%| F|  |TAMS 0x0000000088500000, 0x0000000088500000| Untracked 
| 134|0x0000000088600000, 0x0000000088600000, 0x0000000088700000|  0%| F|  |TAMS 0x0000000088600000, 0x0000000088600000| Untracked 
| 135|0x0000000088700000, 0x0000000088700000, 0x0000000088800000|  0%| F|  |TAMS 0x0000000088700000, 0x0000000088700000| Untracked 
| 136|0x0000000088800000, 0x0000000088800000, 0x0000000088900000|  0%| F|  |TAMS 0x0000000088800000, 0x0000000088800000| Untracked 
| 137|0x0000000088900000, 0x0000000088900000, 0x0000000088a00000|  0%| F|  |TAMS 0x0000000088900000, 0x0000000088900000| Untracked 
| 138|0x0000000088a00000, 0x0000000088a00000, 0x0000000088b00000|  0%| F|  |TAMS 0x0000000088a00000, 0x0000000088a00000| Untracked 
| 139|0x0000000088b00000, 0x0000000088b00000, 0x0000000088c00000|  0%| F|  |TAMS 0x0000000088b00000, 0x0000000088b00000| Untracked 
| 140|0x0000000088c00000, 0x0000000088c00000, 0x0000000088d00000|  0%| F|  |TAMS 0x0000000088c00000, 0x0000000088c00000| Untracked 
| 141|0x0000000088d00000, 0x0000000088d00000, 0x0000000088e00000|  0%| F|  |TAMS 0x0000000088d00000, 0x0000000088d00000| Untracked 
| 142|0x0000000088e00000, 0x0000000088e00000, 0x0000000088f00000|  0%| F|  |TAMS 0x0000000088e00000, 0x0000000088e00000| Untracked 
| 143|0x0000000088f00000, 0x0000000088f00000, 0x0000000089000000|  0%| F|  |TAMS 0x0000000088f00000, 0x0000000088f00000| Untracked 
| 144|0x0000000089000000, 0x0000000089000000, 0x0000000089100000|  0%| F|  |TAMS 0x0000000089000000, 0x0000000089000000| Untracked 
| 145|0x0000000089100000, 0x0000000089100000, 0x0000000089200000|  0%| F|  |TAMS 0x0000000089100000, 0x0000000089100000| Untracked 
| 146|0x0000000089200000, 0x0000000089200000, 0x0000000089300000|  0%| F|  |TAMS 0x0000000089200000, 0x0000000089200000| Untracked 
| 147|0x0000000089300000, 0x0000000089300000, 0x0000000089400000|  0%| F|  |TAMS 0x0000000089300000, 0x0000000089300000| Untracked 
| 148|0x0000000089400000, 0x0000000089400000, 0x0000000089500000|  0%| F|  |TAMS 0x0000000089400000, 0x0000000089400000| Untracked 
| 149|0x0000000089500000, 0x0000000089500000, 0x0000000089600000|  0%| F|  |TAMS 0x0000000089500000, 0x0000000089500000| Untracked 
| 150|0x0000000089600000, 0x0000000089600000, 0x0000000089700000|  0%| F|  |TAMS 0x0000000089600000, 0x0000000089600000| Untracked 
| 151|0x0000000089700000, 0x0000000089700000, 0x0000000089800000|  0%| F|  |TAMS 0x0000000089700000, 0x0000000089700000| Untracked 
| 152|0x0000000089800000, 0x00000000898f2fa0, 0x0000000089900000| 94%| S|CS|TAMS 0x0000000089800000, 0x0000000089800000| Complete 
| 153|0x0000000089900000, 0x0000000089a00000, 0x0000000089a00000|100%| S|CS|TAMS 0x0000000089900000, 0x0000000089900000| Complete 
| 154|0x0000000089a00000, 0x0000000089b00000, 0x0000000089b00000|100%| S|CS|TAMS 0x0000000089a00000, 0x0000000089a00000| Complete 
| 155|0x0000000089b00000, 0x0000000089c00000, 0x0000000089c00000|100%| S|CS|TAMS 0x0000000089b00000, 0x0000000089b00000| Complete 
| 156|0x0000000089c00000, 0x0000000089d00000, 0x0000000089d00000|100%| S|CS|TAMS 0x0000000089c00000, 0x0000000089c00000| Complete 
| 157|0x0000000089d00000, 0x0000000089e00000, 0x0000000089e00000|100%| S|CS|TAMS 0x0000000089d00000, 0x0000000089d00000| Complete 
| 158|0x0000000089e00000, 0x0000000089f00000, 0x0000000089f00000|100%| S|CS|TAMS 0x0000000089e00000, 0x0000000089e00000| Complete 
| 159|0x0000000089f00000, 0x000000008a000000, 0x000000008a000000|100%| S|CS|TAMS 0x0000000089f00000, 0x0000000089f00000| Complete 
| 160|0x000000008a000000, 0x000000008a100000, 0x000000008a100000|100%| S|CS|TAMS 0x000000008a000000, 0x000000008a000000| Complete 
| 161|0x000000008a100000, 0x000000008a200000, 0x000000008a200000|100%| S|CS|TAMS 0x000000008a100000, 0x000000008a100000| Complete 
| 162|0x000000008a200000, 0x000000008a300000, 0x000000008a300000|100%| S|CS|TAMS 0x000000008a200000, 0x000000008a200000| Complete 
| 163|0x000000008a300000, 0x000000008a400000, 0x000000008a400000|100%| S|CS|TAMS 0x000000008a300000, 0x000000008a300000| Complete 
| 164|0x000000008a400000, 0x000000008a500000, 0x000000008a500000|100%| S|CS|TAMS 0x000000008a400000, 0x000000008a400000| Complete 
| 165|0x000000008a500000, 0x000000008a600000, 0x000000008a600000|100%| S|CS|TAMS 0x000000008a500000, 0x000000008a500000| Complete 
| 166|0x000000008a600000, 0x000000008a700000, 0x000000008a700000|100%| S|CS|TAMS 0x000000008a600000, 0x000000008a600000| Complete 
| 167|0x000000008a700000, 0x000000008a800000, 0x000000008a800000|100%| S|CS|TAMS 0x000000008a700000, 0x000000008a700000| Complete 
| 168|0x000000008a800000, 0x000000008a900000, 0x000000008a900000|100%| S|CS|TAMS 0x000000008a800000, 0x000000008a800000| Complete 
| 169|0x000000008a900000, 0x000000008aa00000, 0x000000008aa00000|100%| S|CS|TAMS 0x000000008a900000, 0x000000008a900000| Complete 
| 170|0x000000008aa00000, 0x000000008aa00000, 0x000000008ab00000|  0%| F|  |TAMS 0x000000008aa00000, 0x000000008aa00000| Untracked 
| 171|0x000000008ab00000, 0x000000008ab00000, 0x000000008ac00000|  0%| F|  |TAMS 0x000000008ab00000, 0x000000008ab00000| Untracked 
| 172|0x000000008ac00000, 0x000000008ac00000, 0x000000008ad00000|  0%| F|  |TAMS 0x000000008ac00000, 0x000000008ac00000| Untracked 
| 173|0x000000008ad00000, 0x000000008ad00000, 0x000000008ae00000|  0%| F|  |TAMS 0x000000008ad00000, 0x000000008ad00000| Untracked 
| 174|0x000000008ae00000, 0x000000008ae00000, 0x000000008af00000|  0%| F|  |TAMS 0x000000008ae00000, 0x000000008ae00000| Untracked 
| 175|0x000000008af00000, 0x000000008af00000, 0x000000008b000000|  0%| F|  |TAMS 0x000000008af00000, 0x000000008af00000| Untracked 
| 176|0x000000008b000000, 0x000000008b000000, 0x000000008b100000|  0%| F|  |TAMS 0x000000008b000000, 0x000000008b000000| Untracked 
| 177|0x000000008b100000, 0x000000008b100000, 0x000000008b200000|  0%| F|  |TAMS 0x000000008b100000, 0x000000008b100000| Untracked 
| 178|0x000000008b200000, 0x000000008b200000, 0x000000008b300000|  0%| F|  |TAMS 0x000000008b200000, 0x000000008b200000| Untracked 
| 179|0x000000008b300000, 0x000000008b300000, 0x000000008b400000|  0%| F|  |TAMS 0x000000008b300000, 0x000000008b300000| Untracked 
| 180|0x000000008b400000, 0x000000008b400000, 0x000000008b500000|  0%| F|  |TAMS 0x000000008b400000, 0x000000008b400000| Untracked 
| 181|0x000000008b500000, 0x000000008b500000, 0x000000008b600000|  0%| F|  |TAMS 0x000000008b500000, 0x000000008b500000| Untracked 
| 182|0x000000008b600000, 0x000000008b600000, 0x000000008b700000|  0%| F|  |TAMS 0x000000008b600000, 0x000000008b600000| Untracked 
| 183|0x000000008b700000, 0x000000008b700000, 0x000000008b800000|  0%| F|  |TAMS 0x000000008b700000, 0x000000008b700000| Untracked 
| 184|0x000000008b800000, 0x000000008b800000, 0x000000008b900000|  0%| F|  |TAMS 0x000000008b800000, 0x000000008b800000| Untracked 
| 185|0x000000008b900000, 0x000000008b900000, 0x000000008ba00000|  0%| F|  |TAMS 0x000000008b900000, 0x000000008b900000| Untracked 
| 186|0x000000008ba00000, 0x000000008ba00000, 0x000000008bb00000|  0%| F|  |TAMS 0x000000008ba00000, 0x000000008ba00000| Untracked 
| 187|0x000000008bb00000, 0x000000008bb00000, 0x000000008bc00000|  0%| F|  |TAMS 0x000000008bb00000, 0x000000008bb00000| Untracked 
| 188|0x000000008bc00000, 0x000000008bc00000, 0x000000008bd00000|  0%| F|  |TAMS 0x000000008bc00000, 0x000000008bc00000| Untracked 
| 189|0x000000008bd00000, 0x000000008bd00000, 0x000000008be00000|  0%| F|  |TAMS 0x000000008bd00000, 0x000000008bd00000| Untracked 
| 190|0x000000008be00000, 0x000000008be00000, 0x000000008bf00000|  0%| F|  |TAMS 0x000000008be00000, 0x000000008be00000| Untracked 
| 191|0x000000008bf00000, 0x000000008bf00000, 0x000000008c000000|  0%| F|  |TAMS 0x000000008bf00000, 0x000000008bf00000| Untracked 
| 192|0x000000008c000000, 0x000000008c000000, 0x000000008c100000|  0%| F|  |TAMS 0x000000008c000000, 0x000000008c000000| Untracked 
| 193|0x000000008c100000, 0x000000008c100000, 0x000000008c200000|  0%| F|  |TAMS 0x000000008c100000, 0x000000008c100000| Untracked 
| 194|0x000000008c200000, 0x000000008c300000, 0x000000008c300000|100%| S|CS|TAMS 0x000000008c200000, 0x000000008c200000| Complete 
| 195|0x000000008c300000, 0x000000008c400000, 0x000000008c400000|100%| S|CS|TAMS 0x000000008c300000, 0x000000008c300000| Complete 
| 196|0x000000008c400000, 0x000000008c500000, 0x000000008c500000|100%| S|CS|TAMS 0x000000008c400000, 0x000000008c400000| Complete 
| 197|0x000000008c500000, 0x000000008c600000, 0x000000008c600000|100%| S|CS|TAMS 0x000000008c500000, 0x000000008c500000| Complete 
| 198|0x000000008c600000, 0x000000008c700000, 0x000000008c700000|100%| S|CS|TAMS 0x000000008c600000, 0x000000008c600000| Complete 
| 199|0x000000008c700000, 0x000000008c800000, 0x000000008c800000|100%| S|CS|TAMS 0x000000008c700000, 0x000000008c700000| Complete 
| 200|0x000000008c800000, 0x000000008c900000, 0x000000008c900000|100%| S|CS|TAMS 0x000000008c800000, 0x000000008c800000| Complete 
| 201|0x000000008c900000, 0x000000008ca00000, 0x000000008ca00000|100%| S|CS|TAMS 0x000000008c900000, 0x000000008c900000| Complete 
| 202|0x000000008ca00000, 0x000000008ca00000, 0x000000008cb00000|  0%| F|  |TAMS 0x000000008ca00000, 0x000000008ca00000| Untracked 
| 203|0x000000008cb00000, 0x000000008cb00000, 0x000000008cc00000|  0%| F|  |TAMS 0x000000008cb00000, 0x000000008cb00000| Untracked 
| 204|0x000000008cc00000, 0x000000008cc00000, 0x000000008cd00000|  0%| F|  |TAMS 0x000000008cc00000, 0x000000008cc00000| Untracked 
| 205|0x000000008cd00000, 0x000000008cd00000, 0x000000008ce00000|  0%| F|  |TAMS 0x000000008cd00000, 0x000000008cd00000| Untracked 
| 206|0x000000008ce00000, 0x000000008ce00000, 0x000000008cf00000|  0%| F|  |TAMS 0x000000008ce00000, 0x000000008ce00000| Untracked 
| 207|0x000000008cf00000, 0x000000008cf00000, 0x000000008d000000|  0%| F|  |TAMS 0x000000008cf00000, 0x000000008cf00000| Untracked 
| 208|0x000000008d000000, 0x000000008d000000, 0x000000008d100000|  0%| F|  |TAMS 0x000000008d000000, 0x000000008d000000| Untracked 
| 209|0x000000008d100000, 0x000000008d100000, 0x000000008d200000|  0%| F|  |TAMS 0x000000008d100000, 0x000000008d100000| Untracked 
| 210|0x000000008d200000, 0x000000008d200000, 0x000000008d300000|  0%| F|  |TAMS 0x000000008d200000, 0x000000008d200000| Untracked 
| 211|0x000000008d300000, 0x000000008d300000, 0x000000008d400000|  0%| F|  |TAMS 0x000000008d300000, 0x000000008d300000| Untracked 
| 212|0x000000008d400000, 0x000000008d400000, 0x000000008d500000|  0%| F|  |TAMS 0x000000008d400000, 0x000000008d400000| Untracked 
| 213|0x000000008d500000, 0x000000008d500000, 0x000000008d600000|  0%| F|  |TAMS 0x000000008d500000, 0x000000008d500000| Untracked 
| 214|0x000000008d600000, 0x000000008d600000, 0x000000008d700000|  0%| F|  |TAMS 0x000000008d600000, 0x000000008d600000| Untracked 
| 215|0x000000008d700000, 0x000000008d700000, 0x000000008d800000|  0%| F|  |TAMS 0x000000008d700000, 0x000000008d700000| Untracked 
| 216|0x000000008d800000, 0x000000008d800000, 0x000000008d900000|  0%| F|  |TAMS 0x000000008d800000, 0x000000008d800000| Untracked 
| 217|0x000000008d900000, 0x000000008d900000, 0x000000008da00000|  0%| F|  |TAMS 0x000000008d900000, 0x000000008d900000| Untracked 
| 218|0x000000008da00000, 0x000000008da00000, 0x000000008db00000|  0%| F|  |TAMS 0x000000008da00000, 0x000000008da00000| Untracked 
| 219|0x000000008db00000, 0x000000008db00000, 0x000000008dc00000|  0%| F|  |TAMS 0x000000008db00000, 0x000000008db00000| Untracked 
| 220|0x000000008dc00000, 0x000000008dc00000, 0x000000008dd00000|  0%| F|  |TAMS 0x000000008dc00000, 0x000000008dc00000| Untracked 
| 221|0x000000008dd00000, 0x000000008dd00000, 0x000000008de00000|  0%| F|  |TAMS 0x000000008dd00000, 0x000000008dd00000| Untracked 
| 222|0x000000008de00000, 0x000000008de00000, 0x000000008df00000|  0%| F|  |TAMS 0x000000008de00000, 0x000000008de00000| Untracked 
| 223|0x000000008df00000, 0x000000008df00000, 0x000000008e000000|  0%| F|  |TAMS 0x000000008df00000, 0x000000008df00000| Untracked 
| 224|0x000000008e000000, 0x000000008e000000, 0x000000008e100000|  0%| F|  |TAMS 0x000000008e000000, 0x000000008e000000| Untracked 
| 225|0x000000008e100000, 0x000000008e100000, 0x000000008e200000|  0%| F|  |TAMS 0x000000008e100000, 0x000000008e100000| Untracked 
| 226|0x000000008e200000, 0x000000008e200000, 0x000000008e300000|  0%| F|  |TAMS 0x000000008e200000, 0x000000008e200000| Untracked 
| 227|0x000000008e300000, 0x000000008e300000, 0x000000008e400000|  0%| F|  |TAMS 0x000000008e300000, 0x000000008e300000| Untracked 
| 228|0x000000008e400000, 0x000000008e400000, 0x000000008e500000|  0%| F|  |TAMS 0x000000008e400000, 0x000000008e400000| Untracked 
| 229|0x000000008e500000, 0x000000008e580800, 0x000000008e600000| 50%| E|  |TAMS 0x000000008e500000, 0x000000008e500000| Complete 
| 230|0x000000008e600000, 0x000000008e700000, 0x000000008e700000|100%| E|CS|TAMS 0x000000008e600000, 0x000000008e600000| Complete 
| 231|0x000000008e700000, 0x000000008e800000, 0x000000008e800000|100%| E|CS|TAMS 0x000000008e700000, 0x000000008e700000| Complete 
| 232|0x000000008e800000, 0x000000008e900000, 0x000000008e900000|100%| E|CS|TAMS 0x000000008e800000, 0x000000008e800000| Complete 
| 233|0x000000008e900000, 0x000000008ea00000, 0x000000008ea00000|100%| E|CS|TAMS 0x000000008e900000, 0x000000008e900000| Complete 
| 234|0x000000008ea00000, 0x000000008eb00000, 0x000000008eb00000|100%| E|CS|TAMS 0x000000008ea00000, 0x000000008ea00000| Complete 
| 235|0x000000008eb00000, 0x000000008ec00000, 0x000000008ec00000|100%| E|CS|TAMS 0x000000008eb00000, 0x000000008eb00000| Complete 
| 236|0x000000008ec00000, 0x000000008ed00000, 0x000000008ed00000|100%| E|CS|TAMS 0x000000008ec00000, 0x000000008ec00000| Complete 
| 237|0x000000008ed00000, 0x000000008ee00000, 0x000000008ee00000|100%| E|CS|TAMS 0x000000008ed00000, 0x000000008ed00000| Complete 
| 238|0x000000008ee00000, 0x000000008ef00000, 0x000000008ef00000|100%| E|CS|TAMS 0x000000008ee00000, 0x000000008ee00000| Complete 
| 239|0x000000008ef00000, 0x000000008f000000, 0x000000008f000000|100%| E|CS|TAMS 0x000000008ef00000, 0x000000008ef00000| Complete 
| 240|0x000000008f000000, 0x000000008f100000, 0x000000008f100000|100%| E|CS|TAMS 0x000000008f000000, 0x000000008f000000| Complete 
| 241|0x000000008f100000, 0x000000008f200000, 0x000000008f200000|100%| E|CS|TAMS 0x000000008f100000, 0x000000008f100000| Complete 
| 242|0x000000008f200000, 0x000000008f300000, 0x000000008f300000|100%| E|CS|TAMS 0x000000008f200000, 0x000000008f200000| Complete 
| 243|0x000000008f300000, 0x000000008f400000, 0x000000008f400000|100%| E|CS|TAMS 0x000000008f300000, 0x000000008f300000| Complete 
| 244|0x000000008f400000, 0x000000008f500000, 0x000000008f500000|100%| E|CS|TAMS 0x000000008f400000, 0x000000008f400000| Complete 
| 245|0x000000008f500000, 0x000000008f600000, 0x000000008f600000|100%| E|CS|TAMS 0x000000008f500000, 0x000000008f500000| Complete 
| 246|0x000000008f600000, 0x000000008f700000, 0x000000008f700000|100%| E|CS|TAMS 0x000000008f600000, 0x000000008f600000| Complete 
| 247|0x000000008f700000, 0x000000008f800000, 0x000000008f800000|100%| E|CS|TAMS 0x000000008f700000, 0x000000008f700000| Complete 
| 248|0x000000008f800000, 0x000000008f900000, 0x000000008f900000|100%| E|CS|TAMS 0x000000008f800000, 0x000000008f800000| Complete 
| 249|0x000000008f900000, 0x000000008fa00000, 0x000000008fa00000|100%| E|CS|TAMS 0x000000008f900000, 0x000000008f900000| Complete 
| 250|0x000000008fa00000, 0x000000008fb00000, 0x000000008fb00000|100%| E|CS|TAMS 0x000000008fa00000, 0x000000008fa00000| Complete 
| 251|0x000000008fb00000, 0x000000008fc00000, 0x000000008fc00000|100%| E|CS|TAMS 0x000000008fb00000, 0x000000008fb00000| Complete 
| 252|0x000000008fc00000, 0x000000008fd00000, 0x000000008fd00000|100%| E|CS|TAMS 0x000000008fc00000, 0x000000008fc00000| Complete 
| 253|0x000000008fd00000, 0x000000008fe00000, 0x000000008fe00000|100%| E|CS|TAMS 0x000000008fd00000, 0x000000008fd00000| Complete 
| 254|0x000000008fe00000, 0x000000008ff00000, 0x000000008ff00000|100%| E|CS|TAMS 0x000000008fe00000, 0x000000008fe00000| Complete 
| 255|0x000000008ff00000, 0x0000000090000000, 0x0000000090000000|100%| E|CS|TAMS 0x000000008ff00000, 0x000000008ff00000| Complete 
| 256|0x0000000090000000, 0x0000000090100000, 0x0000000090100000|100%| E|CS|TAMS 0x0000000090000000, 0x0000000090000000| Complete 
| 257|0x0000000090100000, 0x0000000090200000, 0x0000000090200000|100%| E|CS|TAMS 0x0000000090100000, 0x0000000090100000| Complete 
| 258|0x0000000090200000, 0x0000000090300000, 0x0000000090300000|100%| E|CS|TAMS 0x0000000090200000, 0x0000000090200000| Complete 
| 259|0x0000000090300000, 0x0000000090400000, 0x0000000090400000|100%| E|CS|TAMS 0x0000000090300000, 0x0000000090300000| Complete 
| 260|0x0000000090400000, 0x0000000090500000, 0x0000000090500000|100%| E|CS|TAMS 0x0000000090400000, 0x0000000090400000| Complete 
| 261|0x0000000090500000, 0x0000000090600000, 0x0000000090600000|100%| E|CS|TAMS 0x0000000090500000, 0x0000000090500000| Complete 
| 262|0x0000000090600000, 0x0000000090700000, 0x0000000090700000|100%| E|CS|TAMS 0x0000000090600000, 0x0000000090600000| Complete 
| 263|0x0000000090700000, 0x0000000090800000, 0x0000000090800000|100%| E|CS|TAMS 0x0000000090700000, 0x0000000090700000| Complete 
| 264|0x0000000090800000, 0x0000000090900000, 0x0000000090900000|100%| E|CS|TAMS 0x0000000090800000, 0x0000000090800000| Complete 
| 265|0x0000000090900000, 0x0000000090a00000, 0x0000000090a00000|100%| E|CS|TAMS 0x0000000090900000, 0x0000000090900000| Complete 
| 266|0x0000000090a00000, 0x0000000090b00000, 0x0000000090b00000|100%| E|CS|TAMS 0x0000000090a00000, 0x0000000090a00000| Complete 
| 267|0x0000000090b00000, 0x0000000090c00000, 0x0000000090c00000|100%| E|CS|TAMS 0x0000000090b00000, 0x0000000090b00000| Complete 
| 268|0x0000000090c00000, 0x0000000090d00000, 0x0000000090d00000|100%| E|CS|TAMS 0x0000000090c00000, 0x0000000090c00000| Complete 
| 269|0x0000000090d00000, 0x0000000090e00000, 0x0000000090e00000|100%| E|CS|TAMS 0x0000000090d00000, 0x0000000090d00000| Complete 
| 270|0x0000000090e00000, 0x0000000090f00000, 0x0000000090f00000|100%| E|CS|TAMS 0x0000000090e00000, 0x0000000090e00000| Complete 
| 271|0x0000000090f00000, 0x0000000091000000, 0x0000000091000000|100%| E|CS|TAMS 0x0000000090f00000, 0x0000000090f00000| Complete 
| 272|0x0000000091000000, 0x0000000091100000, 0x0000000091100000|100%| E|CS|TAMS 0x0000000091000000, 0x0000000091000000| Complete 
| 273|0x0000000091100000, 0x0000000091200000, 0x0000000091200000|100%| E|CS|TAMS 0x0000000091100000, 0x0000000091100000| Complete 
| 274|0x0000000091200000, 0x0000000091300000, 0x0000000091300000|100%| E|CS|TAMS 0x0000000091200000, 0x0000000091200000| Complete 
| 275|0x0000000091300000, 0x0000000091400000, 0x0000000091400000|100%| E|CS|TAMS 0x0000000091300000, 0x0000000091300000| Complete 
| 276|0x0000000091400000, 0x0000000091500000, 0x0000000091500000|100%| E|CS|TAMS 0x0000000091400000, 0x0000000091400000| Complete 
| 277|0x0000000091500000, 0x0000000091600000, 0x0000000091600000|100%| E|CS|TAMS 0x0000000091500000, 0x0000000091500000| Complete 
| 278|0x0000000091600000, 0x0000000091700000, 0x0000000091700000|100%| E|CS|TAMS 0x0000000091600000, 0x0000000091600000| Complete 
| 279|0x0000000091700000, 0x0000000091800000, 0x0000000091800000|100%| E|CS|TAMS 0x0000000091700000, 0x0000000091700000| Complete 
| 280|0x0000000091800000, 0x0000000091900000, 0x0000000091900000|100%| E|CS|TAMS 0x0000000091800000, 0x0000000091800000| Complete 
| 281|0x0000000091900000, 0x0000000091a00000, 0x0000000091a00000|100%| E|CS|TAMS 0x0000000091900000, 0x0000000091900000| Complete 
| 282|0x0000000091a00000, 0x0000000091b00000, 0x0000000091b00000|100%| E|CS|TAMS 0x0000000091a00000, 0x0000000091a00000| Complete 
| 283|0x0000000091b00000, 0x0000000091c00000, 0x0000000091c00000|100%| E|CS|TAMS 0x0000000091b00000, 0x0000000091b00000| Complete 
| 284|0x0000000091c00000, 0x0000000091d00000, 0x0000000091d00000|100%| E|CS|TAMS 0x0000000091c00000, 0x0000000091c00000| Complete 
| 285|0x0000000091d00000, 0x0000000091e00000, 0x0000000091e00000|100%| E|CS|TAMS 0x0000000091d00000, 0x0000000091d00000| Complete 
| 286|0x0000000091e00000, 0x0000000091f00000, 0x0000000091f00000|100%| E|CS|TAMS 0x0000000091e00000, 0x0000000091e00000| Complete 
| 287|0x0000000091f00000, 0x0000000092000000, 0x0000000092000000|100%| E|CS|TAMS 0x0000000091f00000, 0x0000000091f00000| Complete 
| 288|0x0000000092000000, 0x0000000092100000, 0x0000000092100000|100%| E|CS|TAMS 0x0000000092000000, 0x0000000092000000| Complete 
| 289|0x0000000092100000, 0x0000000092200000, 0x0000000092200000|100%| E|CS|TAMS 0x0000000092100000, 0x0000000092100000| Complete 
| 290|0x0000000092200000, 0x0000000092300000, 0x0000000092300000|100%| E|CS|TAMS 0x0000000092200000, 0x0000000092200000| Complete 
| 291|0x0000000092300000, 0x0000000092400000, 0x0000000092400000|100%| E|CS|TAMS 0x0000000092300000, 0x0000000092300000| Complete 
| 292|0x0000000092400000, 0x0000000092500000, 0x0000000092500000|100%| E|CS|TAMS 0x0000000092400000, 0x0000000092400000| Complete 
| 293|0x0000000092500000, 0x0000000092600000, 0x0000000092600000|100%| E|CS|TAMS 0x0000000092500000, 0x0000000092500000| Complete 
| 294|0x0000000092600000, 0x0000000092700000, 0x0000000092700000|100%| E|CS|TAMS 0x0000000092600000, 0x0000000092600000| Complete 
| 295|0x0000000092700000, 0x0000000092800000, 0x0000000092800000|100%| E|  |TAMS 0x0000000092700000, 0x0000000092700000| Complete 
| 296|0x0000000092800000, 0x0000000092900000, 0x0000000092900000|100%| E|CS|TAMS 0x0000000092800000, 0x0000000092800000| Complete 
| 297|0x0000000092900000, 0x0000000092a00000, 0x0000000092a00000|100%| E|CS|TAMS 0x0000000092900000, 0x0000000092900000| Complete 
| 298|0x0000000092a00000, 0x0000000092b00000, 0x0000000092b00000|100%| E|CS|TAMS 0x0000000092a00000, 0x0000000092a00000| Complete 
| 299|0x0000000092b00000, 0x0000000092c00000, 0x0000000092c00000|100%| E|CS|TAMS 0x0000000092b00000, 0x0000000092b00000| Complete 
| 300|0x0000000092c00000, 0x0000000092d00000, 0x0000000092d00000|100%| E|CS|TAMS 0x0000000092c00000, 0x0000000092c00000| Complete 
| 301|0x0000000092d00000, 0x0000000092e00000, 0x0000000092e00000|100%| E|CS|TAMS 0x0000000092d00000, 0x0000000092d00000| Complete 
| 302|0x0000000092e00000, 0x0000000092f00000, 0x0000000092f00000|100%| E|CS|TAMS 0x0000000092e00000, 0x0000000092e00000| Complete 
| 303|0x0000000092f00000, 0x0000000093000000, 0x0000000093000000|100%| E|CS|TAMS 0x0000000092f00000, 0x0000000092f00000| Complete 
| 304|0x0000000093000000, 0x0000000093100000, 0x0000000093100000|100%| E|CS|TAMS 0x0000000093000000, 0x0000000093000000| Complete 
| 305|0x0000000093100000, 0x0000000093200000, 0x0000000093200000|100%| E|CS|TAMS 0x0000000093100000, 0x0000000093100000| Complete 
| 306|0x0000000093200000, 0x0000000093300000, 0x0000000093300000|100%| E|CS|TAMS 0x0000000093200000, 0x0000000093200000| Complete 
| 307|0x0000000093300000, 0x0000000093400000, 0x0000000093400000|100%| E|CS|TAMS 0x0000000093300000, 0x0000000093300000| Complete 
| 308|0x0000000093400000, 0x0000000093500000, 0x0000000093500000|100%| E|CS|TAMS 0x0000000093400000, 0x0000000093400000| Complete 
| 309|0x0000000093500000, 0x0000000093600000, 0x0000000093600000|100%| E|CS|TAMS 0x0000000093500000, 0x0000000093500000| Complete 
| 310|0x0000000093600000, 0x0000000093700000, 0x0000000093700000|100%| E|CS|TAMS 0x0000000093600000, 0x0000000093600000| Complete 
| 311|0x0000000093700000, 0x0000000093800000, 0x0000000093800000|100%| E|CS|TAMS 0x0000000093700000, 0x0000000093700000| Complete 
| 312|0x0000000093800000, 0x0000000093900000, 0x0000000093900000|100%| E|CS|TAMS 0x0000000093800000, 0x0000000093800000| Complete 
| 313|0x0000000093900000, 0x0000000093a00000, 0x0000000093a00000|100%| E|CS|TAMS 0x0000000093900000, 0x0000000093900000| Complete 
| 314|0x0000000093a00000, 0x0000000093b00000, 0x0000000093b00000|100%| E|CS|TAMS 0x0000000093a00000, 0x0000000093a00000| Complete 
| 315|0x0000000093b00000, 0x0000000093c00000, 0x0000000093c00000|100%| E|CS|TAMS 0x0000000093b00000, 0x0000000093b00000| Complete 
| 316|0x0000000093c00000, 0x0000000093d00000, 0x0000000093d00000|100%| E|CS|TAMS 0x0000000093c00000, 0x0000000093c00000| Complete 
| 317|0x0000000093d00000, 0x0000000093e00000, 0x0000000093e00000|100%| E|CS|TAMS 0x0000000093d00000, 0x0000000093d00000| Complete 
| 318|0x0000000093e00000, 0x0000000093f00000, 0x0000000093f00000|100%| E|CS|TAMS 0x0000000093e00000, 0x0000000093e00000| Complete 
| 319|0x0000000093f00000, 0x0000000094000000, 0x0000000094000000|100%| E|CS|TAMS 0x0000000093f00000, 0x0000000093f00000| Complete 
| 320|0x0000000094000000, 0x0000000094100000, 0x0000000094100000|100%| E|CS|TAMS 0x0000000094000000, 0x0000000094000000| Complete 
| 321|0x0000000094100000, 0x0000000094200000, 0x0000000094200000|100%| E|CS|TAMS 0x0000000094100000, 0x0000000094100000| Complete 
| 322|0x0000000094200000, 0x0000000094300000, 0x0000000094300000|100%| E|CS|TAMS 0x0000000094200000, 0x0000000094200000| Complete 
| 323|0x0000000094300000, 0x0000000094400000, 0x0000000094400000|100%| E|CS|TAMS 0x0000000094300000, 0x0000000094300000| Complete 
| 324|0x0000000094400000, 0x0000000094500000, 0x0000000094500000|100%| E|CS|TAMS 0x0000000094400000, 0x0000000094400000| Complete 
| 325|0x0000000094500000, 0x0000000094600000, 0x0000000094600000|100%| E|CS|TAMS 0x0000000094500000, 0x0000000094500000| Complete 
| 326|0x0000000094600000, 0x0000000094700000, 0x0000000094700000|100%| E|CS|TAMS 0x0000000094600000, 0x0000000094600000| Complete 
| 327|0x0000000094700000, 0x0000000094800000, 0x0000000094800000|100%| E|CS|TAMS 0x0000000094700000, 0x0000000094700000| Complete 
| 328|0x0000000094800000, 0x0000000094900000, 0x0000000094900000|100%| E|CS|TAMS 0x0000000094800000, 0x0000000094800000| Complete 
| 329|0x0000000094900000, 0x0000000094a00000, 0x0000000094a00000|100%| E|CS|TAMS 0x0000000094900000, 0x0000000094900000| Complete 
| 330|0x0000000094a00000, 0x0000000094b00000, 0x0000000094b00000|100%| E|CS|TAMS 0x0000000094a00000, 0x0000000094a00000| Complete 
| 331|0x0000000094b00000, 0x0000000094c00000, 0x0000000094c00000|100%| E|CS|TAMS 0x0000000094b00000, 0x0000000094b00000| Complete 
| 332|0x0000000094c00000, 0x0000000094d00000, 0x0000000094d00000|100%| E|CS|TAMS 0x0000000094c00000, 0x0000000094c00000| Complete 
| 333|0x0000000094d00000, 0x0000000094e00000, 0x0000000094e00000|100%| E|CS|TAMS 0x0000000094d00000, 0x0000000094d00000| Complete 
| 334|0x0000000094e00000, 0x0000000094f00000, 0x0000000094f00000|100%| E|CS|TAMS 0x0000000094e00000, 0x0000000094e00000| Complete 
| 335|0x0000000094f00000, 0x0000000095000000, 0x0000000095000000|100%| E|CS|TAMS 0x0000000094f00000, 0x0000000094f00000| Complete 
| 336|0x0000000095000000, 0x0000000095100000, 0x0000000095100000|100%| E|CS|TAMS 0x0000000095000000, 0x0000000095000000| Complete 
| 337|0x0000000095100000, 0x0000000095200000, 0x0000000095200000|100%| E|CS|TAMS 0x0000000095100000, 0x0000000095100000| Complete 
| 338|0x0000000095200000, 0x0000000095300000, 0x0000000095300000|100%| E|CS|TAMS 0x0000000095200000, 0x0000000095200000| Complete 
| 339|0x0000000095300000, 0x0000000095400000, 0x0000000095400000|100%| E|CS|TAMS 0x0000000095300000, 0x0000000095300000| Complete 
| 340|0x0000000095400000, 0x0000000095500000, 0x0000000095500000|100%| E|CS|TAMS 0x0000000095400000, 0x0000000095400000| Complete 
| 341|0x0000000095500000, 0x0000000095600000, 0x0000000095600000|100%| E|CS|TAMS 0x0000000095500000, 0x0000000095500000| Complete 
| 342|0x0000000095600000, 0x0000000095700000, 0x0000000095700000|100%| E|CS|TAMS 0x0000000095600000, 0x0000000095600000| Complete 
| 343|0x0000000095700000, 0x0000000095800000, 0x0000000095800000|100%| E|CS|TAMS 0x0000000095700000, 0x0000000095700000| Complete 
| 344|0x0000000095800000, 0x0000000095900000, 0x0000000095900000|100%| E|CS|TAMS 0x0000000095800000, 0x0000000095800000| Complete 
| 345|0x0000000095900000, 0x0000000095a00000, 0x0000000095a00000|100%| E|CS|TAMS 0x0000000095900000, 0x0000000095900000| Complete 
| 346|0x0000000095a00000, 0x0000000095b00000, 0x0000000095b00000|100%| E|CS|TAMS 0x0000000095a00000, 0x0000000095a00000| Complete 
| 347|0x0000000095b00000, 0x0000000095c00000, 0x0000000095c00000|100%| E|CS|TAMS 0x0000000095b00000, 0x0000000095b00000| Complete 
| 348|0x0000000095c00000, 0x0000000095d00000, 0x0000000095d00000|100%| E|CS|TAMS 0x0000000095c00000, 0x0000000095c00000| Complete 
| 349|0x0000000095d00000, 0x0000000095e00000, 0x0000000095e00000|100%| E|CS|TAMS 0x0000000095d00000, 0x0000000095d00000| Complete 
| 350|0x0000000095e00000, 0x0000000095f00000, 0x0000000095f00000|100%| E|CS|TAMS 0x0000000095e00000, 0x0000000095e00000| Complete 
| 351|0x0000000095f00000, 0x0000000096000000, 0x0000000096000000|100%| E|CS|TAMS 0x0000000095f00000, 0x0000000095f00000| Complete 
| 352|0x0000000096000000, 0x0000000096100000, 0x0000000096100000|100%| E|CS|TAMS 0x0000000096000000, 0x0000000096000000| Complete 
| 353|0x0000000096100000, 0x0000000096200000, 0x0000000096200000|100%| E|CS|TAMS 0x0000000096100000, 0x0000000096100000| Complete 
| 354|0x0000000096200000, 0x0000000096300000, 0x0000000096300000|100%| E|CS|TAMS 0x0000000096200000, 0x0000000096200000| Complete 
| 355|0x0000000096300000, 0x0000000096400000, 0x0000000096400000|100%| E|CS|TAMS 0x0000000096300000, 0x0000000096300000| Complete 
| 356|0x0000000096400000, 0x0000000096500000, 0x0000000096500000|100%| E|CS|TAMS 0x0000000096400000, 0x0000000096400000| Complete 
| 357|0x0000000096500000, 0x0000000096600000, 0x0000000096600000|100%| E|CS|TAMS 0x0000000096500000, 0x0000000096500000| Complete 
| 358|0x0000000096600000, 0x0000000096700000, 0x0000000096700000|100%| E|CS|TAMS 0x0000000096600000, 0x0000000096600000| Complete 
| 359|0x0000000096700000, 0x0000000096800000, 0x0000000096800000|100%| E|CS|TAMS 0x0000000096700000, 0x0000000096700000| Complete 
| 360|0x0000000096800000, 0x0000000096900000, 0x0000000096900000|100%| E|CS|TAMS 0x0000000096800000, 0x0000000096800000| Complete 
| 361|0x0000000096900000, 0x0000000096a00000, 0x0000000096a00000|100%| E|CS|TAMS 0x0000000096900000, 0x0000000096900000| Complete 
| 362|0x0000000096a00000, 0x0000000096b00000, 0x0000000096b00000|100%| E|CS|TAMS 0x0000000096a00000, 0x0000000096a00000| Complete 
| 363|0x0000000096b00000, 0x0000000096c00000, 0x0000000096c00000|100%| E|CS|TAMS 0x0000000096b00000, 0x0000000096b00000| Complete 
| 364|0x0000000096c00000, 0x0000000096d00000, 0x0000000096d00000|100%| E|CS|TAMS 0x0000000096c00000, 0x0000000096c00000| Complete 
| 365|0x0000000096d00000, 0x0000000096e00000, 0x0000000096e00000|100%| E|CS|TAMS 0x0000000096d00000, 0x0000000096d00000| Complete 
| 366|0x0000000096e00000, 0x0000000096f00000, 0x0000000096f00000|100%| E|CS|TAMS 0x0000000096e00000, 0x0000000096e00000| Complete 
| 367|0x0000000096f00000, 0x0000000097000000, 0x0000000097000000|100%| E|CS|TAMS 0x0000000096f00000, 0x0000000096f00000| Complete 
| 368|0x0000000097000000, 0x0000000097100000, 0x0000000097100000|100%| E|CS|TAMS 0x0000000097000000, 0x0000000097000000| Complete 
| 369|0x0000000097100000, 0x0000000097200000, 0x0000000097200000|100%| E|CS|TAMS 0x0000000097100000, 0x0000000097100000| Complete 
| 370|0x0000000097200000, 0x0000000097300000, 0x0000000097300000|100%| E|CS|TAMS 0x0000000097200000, 0x0000000097200000| Complete 
| 371|0x0000000097300000, 0x0000000097400000, 0x0000000097400000|100%| E|CS|TAMS 0x0000000097300000, 0x0000000097300000| Complete 
| 372|0x0000000097400000, 0x0000000097500000, 0x0000000097500000|100%| E|CS|TAMS 0x0000000097400000, 0x0000000097400000| Complete 
| 373|0x0000000097500000, 0x0000000097600000, 0x0000000097600000|100%| E|CS|TAMS 0x0000000097500000, 0x0000000097500000| Complete 
| 374|0x0000000097600000, 0x0000000097700000, 0x0000000097700000|100%| E|CS|TAMS 0x0000000097600000, 0x0000000097600000| Complete 
| 375|0x0000000097700000, 0x0000000097800000, 0x0000000097800000|100%| E|CS|TAMS 0x0000000097700000, 0x0000000097700000| Complete 
| 376|0x0000000097800000, 0x0000000097900000, 0x0000000097900000|100%| E|CS|TAMS 0x0000000097800000, 0x0000000097800000| Complete 
| 377|0x0000000097900000, 0x0000000097a00000, 0x0000000097a00000|100%| E|CS|TAMS 0x0000000097900000, 0x0000000097900000| Complete 
| 378|0x0000000097a00000, 0x0000000097b00000, 0x0000000097b00000|100%| E|CS|TAMS 0x0000000097a00000, 0x0000000097a00000| Complete 
| 379|0x0000000097b00000, 0x0000000097c00000, 0x0000000097c00000|100%| E|CS|TAMS 0x0000000097b00000, 0x0000000097b00000| Complete 
| 380|0x0000000097c00000, 0x0000000097d00000, 0x0000000097d00000|100%| E|CS|TAMS 0x0000000097c00000, 0x0000000097c00000| Complete 
| 381|0x0000000097d00000, 0x0000000097e00000, 0x0000000097e00000|100%| E|CS|TAMS 0x0000000097d00000, 0x0000000097d00000| Complete 

Card table byte_map: [0x0000015761970000,0x0000015761d70000] _byte_map_base: 0x0000015761570000

Marking Bits (Prev, Next): (CMBitMap*) 0x000001574e565e58, (CMBitMap*) 0x000001574e565e90
 Prev Bits: [0x0000015762170000, 0x0000015764170000)
 Next Bits: [0x0000015764170000, 0x0000015766170000)

Polling page: 0x000001574c460000

Metaspace:

Usage:
  Non-class:     77.30 MB capacity,    75.82 MB ( 98%) used,     1.26 MB (  2%) free+waste,   230.56 KB ( <1%) overhead. 
      Class:     12.03 MB capacity,    11.21 MB ( 93%) used,   734.31 KB (  6%) free+waste,   107.19 KB ( <1%) overhead. 
       Both:     89.33 MB capacity,    87.03 MB ( 97%) used,     1.97 MB (  2%) free+waste,   337.75 KB ( <1%) overhead. 

Virtual space:
  Non-class space:       78.00 MB reserved,      77.50 MB (>99%) committed 
      Class space:        1.00 GB reserved,      12.07 MB (  1%) committed 
             Both:        1.08 GB reserved,      89.57 MB (  8%) committed 

Chunk freelists:
   Non-Class:  14.00 KB
       Class:  30.00 KB
        Both:  44.00 KB

MaxMetaspaceSize: 17179869184.00 GB
CompressedClassSpaceSize: 1.00 GB

CodeHeap 'non-profiled nmethods': size=120000Kb used=5572Kb max_used=5572Kb free=114427Kb
 bounds [0x0000015759ae0000, 0x000001575a060000, 0x0000015761010000]
CodeHeap 'profiled nmethods': size=120000Kb used=18550Kb max_used=18550Kb free=101449Kb
 bounds [0x00000157525b0000, 0x00000157537d0000, 0x0000015759ae0000]
CodeHeap 'non-nmethods': size=5760Kb used=2291Kb max_used=2344Kb free=3468Kb
 bounds [0x0000015752010000, 0x0000015752280000, 0x00000157525b0000]
 total_blobs=9359 nmethods=8464 adapters=805
 compilation: enabled
              stopped_count=0, restarted_count=0
 full_count=0

Compilation events (20 events):
Event: 13.424 Thread 0x0000015769749800 8311       3       org.gradle.tooling.internal.adapter.ProtocolToModelAdapter$AdaptingMethodInvoker::invoke (48 bytes)
Event: 13.424 Thread 0x0000015769749800 nmethod 8311 0x0000015753743910 code [0x0000015753743b00, 0x0000015753743f78]
Event: 13.424 Thread 0x0000015769749800 8312       3       kotlin.collections.CollectionsKt__IterablesKt::collectionSizeOrDefault (27 bytes)
Event: 13.424 Thread 0x0000015769749800 nmethod 8312 0x0000015753744110 code [0x0000015753744360, 0x0000015753744b08]
Event: 13.424 Thread 0x0000015769749800 8313       3       kotlin.io.FilePathComponents::<init> (27 bytes)
Event: 13.425 Thread 0x0000015769749800 nmethod 8313 0x0000015753744d10 code [0x0000015753744fa0, 0x00000157537458f8]
Event: 13.425 Thread 0x0000015769749800 8315       3       org.gradle.tooling.internal.consumer.converters.ConsumerTargetTypeProvider::getTargetType (182 bytes)
Event: 13.425 Thread 0x0000015771c56800 8316       4       kotlin.jvm.internal.Intrinsics::checkNotNullParameter (9 bytes)
Event: 13.425 Thread 0x0000015771c56800 nmethod 8316 0x000001575a044290 code [0x000001575a044420, 0x000001575a044478]
Event: 13.426 Thread 0x0000015769749800 nmethod 8315 0x0000015753745c10 code [0x00000157537460c0, 0x0000015753748398]
Event: 13.426 Thread 0x0000015769749800 8314       3       org.gradle.tooling.internal.adapter.ProtocolToModelAdapter::createView (165 bytes)
Event: 13.427 Thread 0x0000015769749800 nmethod 8314 0x0000015753748d90 code [0x00000157537491e0, 0x000001575374b288]
Event: 13.427 Thread 0x0000015769749800 8317       3       org.gradle.internal.Cast::uncheckedNonnullCast (2 bytes)
Event: 13.427 Thread 0x0000015769749800 nmethod 8317 0x000001575374bd10 code [0x000001575374bec0, 0x000001575374bf98]
Event: 13.427 Thread 0x0000015771c56800 8318       4       java.util.ArrayList::newCapacity (65 bytes)
Event: 13.428 Thread 0x0000015771c56800 nmethod 8318 0x000001575a044510 code [0x000001575a0446a0, 0x000001575a044778]
Event: 13.443 Thread 0x0000015769749800 8319       3       org.gradle.tooling.internal.adapter.ProtocolToModelAdapter$PropertyCachingMethodInvoker::cachePropertyValue (36 bytes)
Event: 13.444 Thread 0x0000015769749800 nmethod 8319 0x000001575374c010 code [0x000001575374c200, 0x000001575374c6d8]
Event: 13.444 Thread 0x0000015769749800 8320       3       org.gradle.tooling.internal.adapter.ProtocolToModelAdapter::convert (177 bytes)
Event: 13.445 Thread 0x0000015769749800 nmethod 8320 0x000001575374c890 code [0x000001575374cd00, 0x000001575374f418]

GC Heap History (16 events):
Event: 0.904 GC heap before
{Heap before GC invocations=0 (full 0):
 garbage-first heap   total 391168K, used 29696K [0x0000000080000000, 0x0000000100000000)
  region size 1024K, 24 young (24576K), 0 survivors (0K)
 Metaspace       used 10163K, capacity 10397K, committed 10624K, reserved 1058816K
  class space    used 1060K, capacity 1107K, committed 1152K, reserved 1048576K
}
Event: 0.907 GC heap after
{Heap after GC invocations=1 (full 0):
 garbage-first heap   total 391168K, used 9264K [0x0000000080000000, 0x0000000100000000)
  region size 1024K, 3 young (3072K), 3 survivors (3072K)
 Metaspace       used 10163K, capacity 10397K, committed 10624K, reserved 1058816K
  class space    used 1060K, capacity 1107K, committed 1152K, reserved 1048576K
}
Event: 5.338 GC heap before
{Heap before GC invocations=1 (full 0):
 garbage-first heap   total 391168K, used 104496K [0x0000000080000000, 0x0000000100000000)
  region size 1024K, 97 young (99328K), 3 survivors (3072K)
 Metaspace       used 20573K, capacity 21095K, committed 21248K, reserved 1067008K
  class space    used 2511K, capacity 2701K, committed 2816K, reserved 1048576K
}
Event: 5.348 GC heap after
{Heap after GC invocations=2 (full 0):
 garbage-first heap   total 391168K, used 16862K [0x0000000080000000, 0x0000000100000000)
  region size 1024K, 11 young (11264K), 11 survivors (11264K)
 Metaspace       used 20573K, capacity 21095K, committed 21248K, reserved 1067008K
  class space    used 2511K, capacity 2701K, committed 2816K, reserved 1048576K
}
Event: 5.521 GC heap before
{Heap before GC invocations=3 (full 0):
 garbage-first heap   total 391168K, used 27102K [0x0000000080000000, 0x0000000100000000)
  region size 1024K, 21 young (21504K), 11 survivors (11264K)
 Metaspace       used 21810K, capacity 22470K, committed 22784K, reserved 1069056K
  class space    used 2733K, capacity 2949K, committed 3072K, reserved 1048576K
}
Event: 5.527 GC heap after
{Heap after GC invocations=4 (full 0):
 garbage-first heap   total 391168K, used 17188K [0x0000000080000000, 0x0000000100000000)
  region size 1024K, 1 young (1024K), 1 survivors (1024K)
 Metaspace       used 21810K, capacity 22470K, committed 22784K, reserved 1069056K
  class space    used 2733K, capacity 2949K, committed 3072K, reserved 1048576K
}
Event: 6.918 GC heap before
{Heap before GC invocations=4 (full 0):
 garbage-first heap   total 391168K, used 129828K [0x0000000080000000, 0x0000000100000000)
  region size 1024K, 101 young (103424K), 1 survivors (1024K)
 Metaspace       used 32199K, capacity 33041K, committed 33280K, reserved 1077248K
  class space    used 4308K, capacity 4599K, committed 4608K, reserved 1048576K
}
Event: 6.922 GC heap after
{Heap after GC invocations=5 (full 0):
 garbage-first heap   total 391168K, used 33548K [0x0000000080000000, 0x0000000100000000)
  region size 1024K, 7 young (7168K), 7 survivors (7168K)
 Metaspace       used 32199K, capacity 33041K, committed 33280K, reserved 1077248K
  class space    used 4308K, capacity 4599K, committed 4608K, reserved 1048576K
}
Event: 7.085 GC heap before
{Heap before GC invocations=5 (full 0):
 garbage-first heap   total 391168K, used 42764K [0x0000000080000000, 0x0000000100000000)
  region size 1024K, 17 young (17408K), 7 survivors (7168K)
 Metaspace       used 34843K, capacity 35720K, committed 35840K, reserved 1081344K
  class space    used 4553K, capacity 4898K, committed 4992K, reserved 1048576K
}
Event: 7.095 GC heap after
{Heap after GC invocations=6 (full 0):
 garbage-first heap   total 391168K, used 35242K [0x0000000080000000, 0x0000000100000000)
  region size 1024K, 9 young (9216K), 9 survivors (9216K)
 Metaspace       used 34843K, capacity 35720K, committed 35840K, reserved 1081344K
  class space    used 4553K, capacity 4898K, committed 4992K, reserved 1048576K
}
Event: 8.283 GC heap before
{Heap before GC invocations=7 (full 0):
 garbage-first heap   total 391168K, used 171434K [0x0000000080000000, 0x0000000100000000)
  region size 1024K, 131 young (134144K), 9 survivors (9216K)
 Metaspace       used 45355K, capacity 46568K, committed 46720K, reserved 1089536K
  class space    used 5733K, capacity 6158K, committed 6272K, reserved 1048576K
}
Event: 8.296 GC heap after
{Heap after GC invocations=8 (full 0):
 garbage-first heap   total 391168K, used 53715K [0x0000000080000000, 0x0000000100000000)
  region size 1024K, 17 young (17408K), 17 survivors (17408K)
 Metaspace       used 45355K, capacity 46568K, committed 46720K, reserved 1089536K
  class space    used 5733K, capacity 6158K, committed 6272K, reserved 1048576K
}
Event: 10.246 GC heap before
{Heap before GC invocations=8 (full 0):
 garbage-first heap   total 391168K, used 233939K [0x0000000080000000, 0x0000000100000000)
  region size 1024K, 188 young (192512K), 17 survivors (17408K)
 Metaspace       used 58394K, capacity 60130K, committed 60160K, reserved 1101824K
  class space    used 7435K, capacity 8041K, committed 8064K, reserved 1048576K
}
Event: 10.279 GC heap after
{Heap after GC invocations=9 (full 0):
 garbage-first heap   total 391168K, used 74510K [0x0000000080000000, 0x0000000100000000)
  region size 1024K, 24 young (24576K), 24 survivors (24576K)
 Metaspace       used 58394K, capacity 60130K, committed 60160K, reserved 1101824K
  class space    used 7435K, capacity 8041K, committed 8064K, reserved 1048576K
}
Event: 11.967 GC heap before
{Heap before GC invocations=10 (full 0):
 garbage-first heap   total 391168K, used 258830K [0x0000000080000000, 0x0000000100000000)
  region size 1024K, 204 young (208896K), 24 survivors (24576K)
 Metaspace       used 75000K, capacity 76889K, committed 77004K, reserved 1116160K
  class space    used 9744K, capacity 10391K, committed 10444K, reserved 1048576K
}
Event: 11.998 GC heap after
{Heap after GC invocations=11 (full 0):
 garbage-first heap   total 391168K, used 87003K [0x0000000080000000, 0x0000000100000000)
  region size 1024K, 26 young (26624K), 26 survivors (26624K)
 Metaspace       used 75000K, capacity 76889K, committed 77004K, reserved 1116160K
  class space    used 9744K, capacity 10391K, committed 10444K, reserved 1048576K
}

Deoptimization events (20 events):
Event: 13.275 Thread 0x000001576b6ab000 DEOPT PACKING pc=0x0000015753165363 sp=0x0000004fd13f89d0
Event: 13.275 Thread 0x000001576b6ab000 DEOPT UNPACKING pc=0x00000157520376ce sp=0x0000004fd13f7e80 mode 0
Event: 13.275 Thread 0x000001576b6ab000 DEOPT PACKING pc=0x0000015753165363 sp=0x0000004fd13f89d0
Event: 13.275 Thread 0x000001576b6ab000 DEOPT UNPACKING pc=0x00000157520376ce sp=0x0000004fd13f7e80 mode 0
Event: 13.279 Thread 0x000001576b6ab000 Uncommon trap: trap_request=0xffffff4d fr.pc=0x0000015759ccc438 relative=0x0000000000000078
Event: 13.279 Thread 0x000001576b6ab000 Uncommon trap: reason=unstable_if action=reinterpret pc=0x0000015759ccc438 method=java.util.regex.Matcher.find()Z @ 10 c2
Event: 13.279 Thread 0x000001576b6ab000 DEOPT PACKING pc=0x0000015759ccc438 sp=0x0000004fd13f8c40
Event: 13.279 Thread 0x000001576b6ab000 DEOPT UNPACKING pc=0x00000157520378af sp=0x0000004fd13f8bc0 mode 2
Event: 13.285 Thread 0x000001576b6ab000 Uncommon trap: trap_request=0xffffff4d fr.pc=0x0000015759e857d0 relative=0x0000000000000270
Event: 13.285 Thread 0x000001576b6ab000 Uncommon trap: reason=unstable_if action=reinterpret pc=0x0000015759e857d0 method=java.lang.CharacterDataLatin1.digit(II)I @ 12 c2
Event: 13.285 Thread 0x000001576b6ab000 DEOPT PACKING pc=0x0000015759e857d0 sp=0x0000004fd13f9010
Event: 13.285 Thread 0x000001576b6ab000 DEOPT UNPACKING pc=0x00000157520378af sp=0x0000004fd13f8e30 mode 2
Event: 13.303 Thread 0x000001576b6ab000 Uncommon trap: trap_request=0xffffff4d fr.pc=0x0000015759ec9a20 relative=0x0000000000000240
Event: 13.303 Thread 0x000001576b6ab000 Uncommon trap: reason=unstable_if action=reinterpret pc=0x0000015759ec9a20 method=com.google.gson.stream.JsonReader.doPeek()I @ 315 c2
Event: 13.303 Thread 0x000001576b6ab000 DEOPT PACKING pc=0x0000015759ec9a20 sp=0x0000004fd13f9700
Event: 13.303 Thread 0x000001576b6ab000 DEOPT UNPACKING pc=0x00000157520378af sp=0x0000004fd13f9678 mode 2
Event: 13.304 Thread 0x000001576b6ab000 Uncommon trap: trap_request=0xffffff4d fr.pc=0x0000015759ecbe58 relative=0x0000000000000098
Event: 13.304 Thread 0x000001576b6ab000 Uncommon trap: reason=unstable_if action=reinterpret pc=0x0000015759ecbe58 method=com.google.gson.stream.JsonReader.peek()Lcom/google/gson/stream/JsonToken; @ 15 c2
Event: 13.304 Thread 0x000001576b6ab000 DEOPT PACKING pc=0x0000015759ecbe58 sp=0x0000004fd13f93f0
Event: 13.304 Thread 0x000001576b6ab000 DEOPT UNPACKING pc=0x00000157520378af sp=0x0000004fd13f9378 mode 2

Classes redefined (0 events):
No events

Internal exceptions (20 events):
Event: 12.781 Thread 0x000001576b6ab000 Exception <a 'java/lang/ClassNotFoundException'{0x0000000093356f58}: org/gradle/api/internal/tasks/DefaultTaskContainer_DecoratedCustomizer> (0x0000000093356f58) thrown at [./src/hotspot/share/classfile/systemDictionary.cpp, line 231]
Event: 12.808 Thread 0x000001576b6ab000 Exception <a 'java/lang/ClassNotFoundException'{0x00000000932611c8}: org/gradle/api/tasks/SourceSetBeanInfo> (0x00000000932611c8) thrown at [./src/hotspot/share/classfile/systemDictionary.cpp, line 231]
Event: 12.808 Thread 0x000001576b6ab000 Exception <a 'java/lang/ClassNotFoundException'{0x000000009327e168}: org/gradle/api/tasks/SourceSetCustomizer> (0x000000009327e168) thrown at [./src/hotspot/share/classfile/systemDictionary.cpp, line 231]
Event: 12.810 Thread 0x000001576b6ab000 Exception <a 'java/lang/ClassNotFoundException'{0x00000000932fc6b8}: java/util/LinkedHashMapBeanInfo> (0x00000000932fc6b8) thrown at [./src/hotspot/share/classfile/systemDictionary.cpp, line 231]
Event: 12.811 Thread 0x000001576b6ab000 Exception <a 'java/lang/ClassNotFoundException'{0x0000000093105dd0}: java/util/HashMapBeanInfo> (0x0000000093105dd0) thrown at [./src/hotspot/share/classfile/systemDictionary.cpp, line 231]
Event: 12.811 Thread 0x000001576b6ab000 Exception <a 'java/lang/ClassNotFoundException'{0x000000009310f888}: java/util/AbstractMapBeanInfo> (0x000000009310f888) thrown at [./src/hotspot/share/classfile/systemDictionary.cpp, line 231]
Event: 12.811 Thread 0x000001576b6ab000 Exception <a 'java/lang/ClassNotFoundException'{0x00000000931193f8}: java/util/AbstractMapCustomizer> (0x00000000931193f8) thrown at [./src/hotspot/share/classfile/systemDictionary.cpp, line 231]
Event: 12.811 Thread 0x000001576b6ab000 Exception <a 'java/lang/ClassNotFoundException'{0x000000009312caa8}: java/util/HashMapCustomizer> (0x000000009312caa8) thrown at [./src/hotspot/share/classfile/systemDictionary.cpp, line 231]
Event: 12.812 Thread 0x000001576b6ab000 Exception <a 'java/lang/ClassNotFoundException'{0x000000009314e320}: java/util/LinkedHashMapCustomizer> (0x000000009314e320) thrown at [./src/hotspot/share/classfile/systemDictionary.cpp, line 231]
Event: 13.018 Thread 0x000001576b6ab000 Exception <a 'sun/nio/fs/WindowsException'{0x0000000092117988}> (0x0000000092117988) thrown at [./src/hotspot/share/prims/jni.cpp, line 615]
Event: 13.018 Thread 0x000001576b6ab000 Exception <a 'sun/nio/fs/WindowsException'{0x0000000092118ce8}> (0x0000000092118ce8) thrown at [./src/hotspot/share/prims/jni.cpp, line 615]
Event: 13.019 Thread 0x000001576b6ab000 Exception <a 'sun/nio/fs/WindowsException'{0x00000000921192b0}> (0x00000000921192b0) thrown at [./src/hotspot/share/prims/jni.cpp, line 615]
Event: 13.113 Thread 0x000001576b6ab000 Exception <a 'java/lang/NullPointerException'{0x0000000091832588}> (0x0000000091832588) thrown at [./src/hotspot/share/interpreter/linkResolver.cpp, line 1440]
Event: 13.164 Thread 0x000001576b6ab000 Implicit null exception at 0x0000015759f3b809 to 0x0000015759f3bec8
Event: 13.250 Thread 0x000001576b6ab000 Exception <a 'java/lang/NoSuchMethodError'{0x000000009096ad00}: 'int java.lang.invoke.DirectMethodHandle$Holder.invokeStatic(java.lang.Object, java.lang.Object, int, java.lang.Object)'> (0x000000009096ad00) thrown at [./src/hotspot/share/interpreter/linkResolver.cpp, line 773]
Event: 13.293 Thread 0x000001576b6ab000 Exception <a 'sun/nio/fs/WindowsException'{0x000000009089d880}> (0x000000009089d880) thrown at [./src/hotspot/share/prims/jni.cpp, line 615]
Event: 13.294 Thread 0x000001576b6ab000 Exception <a 'sun/nio/fs/WindowsException'{0x000000009089eb68}> (0x000000009089eb68) thrown at [./src/hotspot/share/prims/jni.cpp, line 615]
Event: 13.294 Thread 0x000001576b6ab000 Exception <a 'sun/nio/fs/WindowsException'{0x000000009089fea0}> (0x000000009089fea0) thrown at [./src/hotspot/share/prims/jni.cpp, line 615]
Event: 13.294 Thread 0x000001576b6ab000 Exception <a 'sun/nio/fs/WindowsException'{0x00000000908a11d8}> (0x00000000908a11d8) thrown at [./src/hotspot/share/prims/jni.cpp, line 615]
Event: 13.452 Thread 0x000001576b6ab000 Exception <a 'java/lang/reflect/InvocationTargetException'{0x000000008f8225a0}> (0x000000008f8225a0) thrown at [./src/hotspot/share/runtime/reflection.cpp, line 1247]

Events (20 events):
Event: 13.450 loading class com/android/tools/idea/gradle/project/sync/ModuleConfiguration
Event: 13.450 loading class com/android/tools/idea/gradle/project/sync/ModuleConfiguration done
Event: 13.450 loading class kotlin/TuplesKt
Event: 13.450 loading class kotlin/TuplesKt done
Event: 13.451 loading class kotlin/Pair
Event: 13.451 loading class kotlin/Pair done
Event: 13.451 loading class com/android/tools/idea/gradle/project/sync/AndroidExtraModelProviderWorker$getVariantAndModuleDependenciesAction$1
Event: 13.451 loading class com/android/tools/idea/gradle/project/sync/AndroidExtraModelProviderWorker$getVariantAndModuleDependenciesAction$1 done
Event: 13.452 loading class com/android/tools/idea/gradle/project/sync/AndroidExtraModelProviderWorker$findVariantModel$1
Event: 13.452 loading class com/android/tools/idea/gradle/project/sync/AndroidExtraModelProviderWorker$findVariantModel$1 done
Event: 13.452 loading class com/android/build/gradle/internal/ide/ModelBuilder$SourceProviders
Event: 13.452 loading class com/android/build/gradle/internal/ide/ModelBuilder$SourceProviders done
Event: 13.453 loading class com/android/build/gradle/internal/ide/InstantRunImpl
Event: 13.453 loading class com/android/build/gradle/internal/ide/InstantRunImpl done
Event: 13.453 loading class com/android/build/gradle/internal/ide/dependencies/DependencyGraphBuilderKt
Event: 13.453 loading class com/android/build/gradle/internal/ide/dependencies/DependencyGraphBuilderKt done
Event: 13.453 loading class com/android/build/gradle/internal/ide/dependencies/ArtifactDependencyGraph
Event: 13.453 loading class com/android/build/gradle/internal/ide/dependencies/ArtifactDependencyGraph done
Event: 13.453 loading class com/android/build/gradle/internal/ide/dependencies/DependencyGraphBuilder
Event: 13.453 loading class com/android/build/gradle/internal/ide/dependencies/DependencyGraphBuilder done


Dynamic libraries:
0x00007ff6ddc40000 - 0x00007ff6ddc4a000 	E:\AndroidStudio\androidstudio\jre\bin\java.exe
0x00007ffc01150000 - 0x00007ffc01345000 	C:\WINDOWS\SYSTEM32\ntdll.dll
0x00007ffc00a90000 - 0x00007ffc00b4e000 	C:\WINDOWS\System32\KERNEL32.DLL
0x00007ffbfe870000 - 0x00007ffbfeb39000 	C:\WINDOWS\System32\KERNELBASE.dll
0x00007ffbfecd0000 - 0x00007ffbfedd0000 	C:\WINDOWS\System32\ucrtbase.dll
0x00007ffbf6f70000 - 0x00007ffbf6f89000 	E:\AndroidStudio\androidstudio\jre\bin\jli.dll
0x00007ffbe0e00000 - 0x00007ffbe0e17000 	E:\AndroidStudio\androidstudio\jre\bin\VCRUNTIME140.dll
0x00007ffc008e0000 - 0x00007ffc00a81000 	C:\WINDOWS\System32\USER32.dll
0x00007ffbfee60000 - 0x00007ffbfee82000 	C:\WINDOWS\System32\win32u.dll
0x00007ffbff440000 - 0x00007ffbff46b000 	C:\WINDOWS\System32\GDI32.dll
0x00007ffbff030000 - 0x00007ffbff13b000 	C:\WINDOWS\System32\gdi32full.dll
0x00007ffbfdc70000 - 0x00007ffbfdf0a000 	C:\WINDOWS\WinSxS\amd64_microsoft.windows.common-controls_6595b64144ccf1df_6.0.19041.1110_none_60b5254171f9507e\COMCTL32.dll
0x00007ffbfef90000 - 0x00007ffbff02d000 	C:\WINDOWS\System32\msvcp_win.dll
0x00007ffbff7c0000 - 0x00007ffbff85e000 	C:\WINDOWS\System32\msvcrt.dll
0x00007ffbff630000 - 0x00007ffbff660000 	C:\WINDOWS\System32\IMM32.DLL
0x00007ffbaf890000 - 0x00007ffbaf92d000 	E:\AndroidStudio\androidstudio\jre\bin\msvcp140.dll
0x00007ffba6c60000 - 0x00007ffba772f000 	E:\AndroidStudio\androidstudio\jre\bin\server\jvm.dll
0x00007ffc00820000 - 0x00007ffc008cc000 	C:\WINDOWS\System32\ADVAPI32.dll
0x00007ffbff870000 - 0x00007ffbff90b000 	C:\WINDOWS\System32\sechost.dll
0x00007ffbff1a0000 - 0x00007ffbff2ca000 	C:\WINDOWS\System32\RPCRT4.dll
0x00007ffc00c80000 - 0x00007ffc00c88000 	C:\WINDOWS\System32\PSAPI.DLL
0x00007ffbe1a80000 - 0x00007ffbe1a89000 	C:\WINDOWS\SYSTEM32\WSOCK32.dll
0x00007ffbfb870000 - 0x00007ffbfb897000 	C:\WINDOWS\SYSTEM32\WINMM.dll
0x00007ffbf5e70000 - 0x00007ffbf5e7a000 	C:\WINDOWS\SYSTEM32\VERSION.dll
0x00007ffbffcd0000 - 0x00007ffbffd3b000 	C:\WINDOWS\System32\WS2_32.dll
0x00007ffbfcab0000 - 0x00007ffbfcac2000 	C:\WINDOWS\SYSTEM32\kernel.appcore.dll
0x00007ffbf8510000 - 0x00007ffbf8521000 	E:\AndroidStudio\androidstudio\jre\bin\verify.dll
0x00007ffbfe290000 - 0x00007ffbfe474000 	C:\WINDOWS\SYSTEM32\DBGHELP.DLL
0x00007ffbfe040000 - 0x00007ffbfe06c000 	C:\WINDOWS\SYSTEM32\dbgcore.DLL
0x00007ffbfedd0000 - 0x00007ffbfee53000 	C:\WINDOWS\System32\bcryptPrimitives.dll
0x00007ffbd5560000 - 0x00007ffbd5589000 	E:\AndroidStudio\androidstudio\jre\bin\java.dll
0x00007ffbf7fe0000 - 0x00007ffbf7feb000 	E:\AndroidStudio\androidstudio\jre\bin\jimage.dll
0x00007ffbd8080000 - 0x00007ffbd8098000 	E:\AndroidStudio\androidstudio\jre\bin\zip.dll
0x00007ffbfff30000 - 0x00007ffc0066f000 	C:\WINDOWS\System32\SHELL32.dll
0x00007ffbfc200000 - 0x00007ffbfc990000 	C:\WINDOWS\SYSTEM32\windows.storage.dll
0x00007ffbff910000 - 0x00007ffbffc65000 	C:\WINDOWS\System32\combase.dll
0x00007ffbfdbd0000 - 0x00007ffbfdbfc000 	C:\WINDOWS\SYSTEM32\Wldp.dll
0x00007ffc00bd0000 - 0x00007ffc00c7d000 	C:\WINDOWS\System32\SHCORE.dll
0x00007ffbff2d0000 - 0x00007ffbff325000 	C:\WINDOWS\System32\shlwapi.dll
0x00007ffbfe7b0000 - 0x00007ffbfe7cf000 	C:\WINDOWS\SYSTEM32\profapi.dll
0x00007ffbd7400000 - 0x00007ffbd741a000 	E:\AndroidStudio\androidstudio\jre\bin\net.dll
0x00007ffbfb040000 - 0x00007ffbfb148000 	C:\WINDOWS\SYSTEM32\WINHTTP.dll
0x00007ffbfd8c0000 - 0x00007ffbfd92a000 	C:\WINDOWS\system32\mswsock.dll
0x00007ffbd5630000 - 0x00007ffbd5644000 	E:\AndroidStudio\androidstudio\jre\bin\nio.dll
0x00007ffbf9eb0000 - 0x00007ffbf9ed7000 	C:\Users\dell\.gradle\native\8bec1ad78214c89d9ad589b4d07fe93259594b29d510b10fafb7a158f7737e5d\windows-amd64\native-platform.dll
0x00007ffbb9750000 - 0x00007ffbb988d000 	C:\Users\dell\.gradle\native\53dbd7edfb1c66fb8903c78663c9afc45aea4f116125fa6feffd364cf09443e8\windows-amd64\native-platform-file-events.dll
0x00007ffbf7fd0000 - 0x00007ffbf7fda000 	E:\AndroidStudio\androidstudio\jre\bin\management.dll
0x00007ffbf6bf0000 - 0x00007ffbf6bfc000 	E:\AndroidStudio\androidstudio\jre\bin\management_ext.dll
0x00007ffbfe5f0000 - 0x00007ffbfe608000 	C:\WINDOWS\SYSTEM32\CRYPTSP.dll
0x00007ffbfd2d0000 - 0x00007ffbfd304000 	C:\WINDOWS\system32\rsaenh.dll
0x00007ffbfeca0000 - 0x00007ffbfecc7000 	C:\WINDOWS\System32\bcrypt.dll
0x00007ffbfe770000 - 0x00007ffbfe79e000 	C:\WINDOWS\SYSTEM32\USERENV.dll
0x00007ffbfdbc0000 - 0x00007ffbfdbcc000 	C:\WINDOWS\SYSTEM32\CRYPTBASE.dll
0x00007ffbfd5f0000 - 0x00007ffbfd62b000 	C:\WINDOWS\SYSTEM32\IPHLPAPI.DLL
0x00007ffc008d0000 - 0x00007ffc008d8000 	C:\WINDOWS\System32\NSI.dll
0x00007ffbf5a90000 - 0x00007ffbf5aa7000 	C:\WINDOWS\SYSTEM32\dhcpcsvc6.DLL
0x00007ffbf6000000 - 0x00007ffbf601d000 	C:\WINDOWS\SYSTEM32\dhcpcsvc.DLL
0x00007ffbfd630000 - 0x00007ffbfd6fc000 	C:\WINDOWS\SYSTEM32\DNSAPI.dll

dbghelp: loaded successfully - version: 4.0.5 - missing functions: none
symbol engine: initialized successfully - sym options: 0x614 - pdb path: .;E:\AndroidStudio\androidstudio\jre\bin;C:\WINDOWS\SYSTEM32;C:\WINDOWS\WinSxS\amd64_microsoft.windows.common-controls_6595b64144ccf1df_6.0.19041.1110_none_60b5254171f9507e;E:\AndroidStudio\androidstudio\jre\bin\server;C:\Users\dell\.gradle\native\8bec1ad78214c89d9ad589b4d07fe93259594b29d510b10fafb7a158f7737e5d\windows-amd64;C:\Users\dell\.gradle\native\53dbd7edfb1c66fb8903c78663c9afc45aea4f116125fa6feffd364cf09443e8\windows-amd64

VM Arguments:
jvm_args: --add-opens=java.base/java.util=ALL-UNNAMED --add-opens=java.base/java.lang=ALL-UNNAMED --add-opens=java.base/java.lang.invoke=ALL-UNNAMED --add-opens=java.base/java.util=ALL-UNNAMED --add-opens=java.prefs/java.util.prefs=ALL-UNNAMED --add-opens=java.prefs/java.util.prefs=ALL-UNNAMED --add-opens=java.base/java.nio.charset=ALL-UNNAMED --add-opens=java.base/java.net=ALL-UNNAMED --add-opens=java.base/java.util.concurrent.atomic=ALL-UNNAMED -Xmx2048m -Dfile.encoding=GBK -Duser.country=CN -Duser.language=zh -Duser.variant 
java_command: org.gradle.launcher.daemon.bootstrap.GradleDaemon 7.0.2
java_class_path (initial): C:\Users\dell\.gradle\wrapper\dists\gradle-7.0.2-all\7era6s5ay7zsbhuvl0oc9g94s\gradle-7.0.2\lib\gradle-launcher-7.0.2.jar
Launcher Type: SUN_STANDARD

[Global flags]
     intx CICompilerCount                          = 4                                         {product} {ergonomic}
     uint ConcGCThreads                            = 3                                         {product} {ergonomic}
     uint G1ConcRefinementThreads                  = 10                                        {product} {ergonomic}
   size_t G1HeapRegionSize                         = 1048576                                   {product} {ergonomic}
    uintx GCDrainStackTargetSize                   = 64                                        {product} {ergonomic}
   size_t InitialHeapSize                          = 400556032                                 {product} {ergonomic}
   size_t MarkStackSize                            = 4194304                                   {product} {ergonomic}
   size_t MaxHeapSize                              = 2147483648                                {product} {command line}
   size_t MaxNewSize                               = 1287651328                                {product} {ergonomic}
   size_t MinHeapDeltaBytes                        = 1048576                                   {product} {ergonomic}
    uintx NonNMethodCodeHeapSize                   = 5836300                                {pd product} {ergonomic}
    uintx NonProfiledCodeHeapSize                  = 122910970                              {pd product} {ergonomic}
    uintx ProfiledCodeHeapSize                     = 122910970                              {pd product} {ergonomic}
    uintx ReservedCodeCacheSize                    = 251658240                              {pd product} {ergonomic}
     bool SegmentedCodeCache                       = true                                      {product} {ergonomic}
     bool UseCompressedClassPointers               = true                                 {lp64_product} {ergonomic}
     bool UseCompressedOops                        = true                                 {lp64_product} {ergonomic}
     bool UseG1GC                                  = true                                      {product} {ergonomic}
     bool UseLargePagesIndividualAllocation        = false                                  {pd product} {ergonomic}

Logging:
Log output configuration:
 #0: stdout all=warning uptime,level,tags
 #1: stderr all=off uptime,level,tags

Environment Variables:
CLASSPATH=.
PATH=D:\oracle\WINDOWS.X64_193000_db_home\bin;D:\oracle_sql\WINDOWS.X64_193000_db_home\bin;D:\NVIDIA\CUDADevelopment\bin;D:\NVIDIA\CUDADevelopment\libnvvp;D:\xshell\;C:\Program Files (x86)\Common Files\Oracle\Java\javapath;C:\Program Files\Python38\Scripts\;C:\Program Files\Python38\;C:\Program Files (x86)\Intel\Intel(R) Management Engine Components\iCLS\;C:\Program Files\Intel\Intel(R) Management Engine Components\iCLS\;C:\Windows\system32;C:\Windows;C:\Windows\System32\Wbem;C:\Windows\System32\WindowsPowerShell\v1.0\;C:\Windows\System32\OpenSSH\;C:\Program Files (x86)\NVIDIA Corporation\PhysX\Common;C:\WINDOWS\system32;C:\WINDOWS;C:\WINDOWS\System32\Wbem;C:\WINDOWS\System32\WindowsPowerShell\v1.0\;C:\WINDOWS\System32\OpenSSH\;C:\Users\dell\AppData\Roaming\Microsoft\Windows\Start Menu\Programs\Python 3.7;C:\Program Files\Intel\WiFi\bin\;C:\Program Files\Common Files\Intel\WirelessCommon\;D:\MATLAB\runtime\win64;D:\MATLAB\bin;D:\JAVA\jdk1.8.0_80\bin;C:\Users\dell\AppData\Local\Package Cache\{edfa99b7-1514-493a-aeaf-a37eeec724d2}\python-3.8.1-amd64.exe;C:\Users\dell\AppData\Roaming\Python\Python38\Scripts;C:\Users\dell\Downloads\jre-8u251-windows-x64.exe;C:\Program Files\TortoiseGit\bin;D:\Anaconda;D:\Anaconda\Scripts;D:\Anaconda\Library\mingw-w64\bin;D:\Anaconda\Library\usr\bin;D:\Anaconda\Library\bin;C:\Program Files\NVIDIA Corporation\Nsight Compute 2019.5.0\;C:\Program Files\NVIDIA Corporation\NVIDIA NvDLISR;C:\Program Files\NVIDIA GPU Computing Toolkit\CUDA\v10.2;C:\Program Files\NVIDIA GPU Computing Toolkit\CUDA\v10.2\lib\x64;D:\web\mysql-8.0.22-winx64\bin;D:\Git\cmd;E:\node_js\;D:\MySQL5.7\mysql-5.7.33-winx64\bin;E:\XFTPP\XFTP\;C:\Program Files\dotnet\;C:\Program Files (x86)\dotnet\;E:\node_js\node_global;C:\Users\dell\alpha;D:\Go\bin;C:\WINDOWS\system32;C:\WINDOWS;C:\WINDOWS\System32\Wbem;C:\WINDOWS\System32\WindowsPowerShell\v1.0\;C:\WINDOWS\System32\OpenSSH\;D:\windows编程\Windows编程（刘晓翔）2020\VC6+MSDN\Tools\WinNT;D:\windows编程\Windows编程（刘晓翔）2020\
USERNAME=songshijie
OS=Windows_NT
PROCESSOR_IDENTIFIER=Intel64 Family 6 Model 158 Stepping 10, GenuineIntel



---------------  S Y S T E M  ---------------

OS: Windows 10 , 64 bit Build 19041 (10.0.19041.1202)
OS uptime: 0 days 19:24 hours

CPU:total 12 (initial active 12) (6 cores per cpu, 2 threads per core) family 6 model 158 stepping 10 microcode 0xb4, cmov, cx8, fxsr, mmx, sse, sse2, sse3, ssse3, sse4.1, sse4.2, popcnt, avx, avx2, aes, clmul, erms, 3dnowpref, lzcnt, ht, tsc, tscinvbit, bmi1, bmi2, adx, fma

Memory: 4k page, system-wide physical 24370M (10439M free)
TotalPageFile size 34370M (AvailPageFile size 5M)
current process WorkingSet (physical memory assigned to process): 562M, peak: 562M
current process commit charge ("private bytes"): 702M, peak: 702M

vm_info: OpenJDK 64-Bit Server VM (11.0.10+0-b96-7249189) for windows-amd64 JRE (11.0.10+0-b96-7249189), built on Mar 31 2021 21:44:00 by "builder" with MS VC++ 14.0 (VS2015)

END.
