#
# There is insufficient memory for the Java Runtime Environment to continue.
# Native memory allocation (malloc) failed to allocate 32744 bytes for ChunkPool::allocate
# Possible reasons:
#   The system is out of physical RAM or swap space
#   The process is running with CompressedOops enabled, and the Java Heap may be blocking the growth of the native heap
# Possible solutions:
#   Reduce memory load on the system
#   Increase physical memory or swap space
#   Check if swap backing store is full
#   Decrease Java heap size (-Xmx/-Xms)
#   Decrease number of Java threads
#   Decrease Java thread stack sizes (-Xss)
#   Set larger code cache with -XX:ReservedCodeCacheSize=
#   JVM is running with Unscaled Compressed Oops mode in which the Java heap is
#     placed in the first 4GB address space. The Java Heap base address is the
#     maximum limit for the native heap growth. Please use -XX:HeapBaseMinAddress
#     to set the Java Heap base and to place the Java Heap above 4GB virtual address.
# This output file may be truncated or incomplete.
#
#  Out of Memory Error (./src/hotspot/share/memory/arena.cpp:81), pid=23236, tid=22008
#
# JRE version: OpenJDK Runtime Environment (11.0.10) (build 11.0.10+0-b96-7249189)
# Java VM: OpenJDK 64-Bit Server VM (11.0.10+0-b96-7249189, mixed mode, tiered, compressed oops, g1 gc, windows-amd64)
# No core dump will be written. Minidumps are not enabled by default on client versions of Windows
#

---------------  S U M M A R Y ------------

Command Line: --add-opens=java.base/java.util=ALL-UNNAMED --add-opens=java.base/java.lang=ALL-UNNAMED --add-opens=java.base/java.lang.invoke=ALL-UNNAMED --add-opens=java.prefs/java.util.prefs=ALL-UNNAMED -Xmx2048m -Dfile.encoding=GBK -Duser.country=CN -Duser.language=zh -Duser.variant org.gradle.launcher.daemon.bootstrap.GradleDaemon 6.1.1

Host: Intel(R) Core(TM) i7-8750H CPU @ 2.20GHz, 12 cores, 23G,  Windows 10 , 64 bit Build 19041 (10.0.19041.1202)
Time: Sat Dec 18 15:01:32 2021 中国标准时间 elapsed time: 39.210785 seconds (0d 0h 0m 39s)

---------------  T H R E A D  ---------------

Current thread (0x00000290ff919800):  JavaThread "C2 CompilerThread0" daemon [_thread_in_native, id=22008, stack(0x000000f3fba00000,0x000000f3fbb00000)]


Current CompileTask:
C2:  39210 12140 %     4       com.android.tools.r8.B.a.a.f::a @ 2577 (3630 bytes)

Stack: [0x000000f3fba00000,0x000000f3fbb00000]
Native frames: (J=compiled Java code, j=interpreted, Vv=VM code, C=native code)
V  [jvm.dll+0x5ecfaa]
V  [jvm.dll+0x722bd5]
V  [jvm.dll+0x72412d]
V  [jvm.dll+0x7247e3]
V  [jvm.dll+0x242928]
V  [jvm.dll+0xbc75b]
V  [jvm.dll+0xbca0c]
V  [jvm.dll+0x63f28b]
V  [jvm.dll+0x197f00]
V  [jvm.dll+0x1fb70e]
V  [jvm.dll+0x1fa7f4]
V  [jvm.dll+0x18354c]
V  [jvm.dll+0x208ee7]
V  [jvm.dll+0x207731]
V  [jvm.dll+0x6eb1cf]
V  [jvm.dll+0x6e3d45]
V  [jvm.dll+0x5ebe96]
C  [ucrtbase.dll+0x21bb2]
C  [KERNEL32.DLL+0x17034]
C  [ntdll.dll+0x52651]


---------------  P R O C E S S  ---------------

Threads class SMR info:
_java_thread_list=0x000002908ef7da70, length=62, elements={
0x00000290e46ff000, 0x00000290ff897000, 0x00000290ff899000, 0x00000290ff90e800,
0x00000290ff90f800, 0x00000290ff912000, 0x00000290ff919800, 0x00000290ff91e800,
0x00000290ff920000, 0x00000290ffabf800, 0x0000029080c79800, 0x00000290ffbe7800,
0x0000029081a4d800, 0x0000029081414800, 0x00000290814fa000, 0x0000029081ad5000,
0x0000029081ada000, 0x0000029081ad6800, 0x0000029081ad6000, 0x000002908090d800,
0x0000029080912800, 0x000002908090f800, 0x0000029080914000, 0x0000029080910000,
0x000002908090e800, 0x0000029080916000, 0x0000029080915000, 0x0000029080916800,
0x0000029080911000, 0x0000029080917800, 0x0000029080913800, 0x000002908091a000,
0x0000029080918800, 0x0000029080919000, 0x000002908091a800, 0x000002908091b800,
0x000002908091c800, 0x0000029083e25800, 0x0000029083e23000, 0x0000029083e28000,
0x0000029083e22800, 0x0000029083e29000, 0x0000029083e29800, 0x0000029083e24000,
0x0000029083e2b800, 0x0000029083e2f800, 0x0000029083e2c000, 0x0000029083e2d000,
0x0000029083e30000, 0x0000029083e2a800, 0x0000029083e2d800, 0x0000029081ada800,
0x0000029081adb800, 0x0000029081ad9000, 0x0000029081ad7800, 0x0000029081ad8000,
0x0000029086df9000, 0x0000029086df7800, 0x0000029086df5000, 0x0000029086dfa000,
0x0000029081fcd000, 0x0000029081a3c000
}

Java Threads: ( => current thread )
  0x00000290e46ff000 JavaThread "main" [_thread_blocked, id=6380, stack(0x000000f3fae00000,0x000000f3faf00000)]
  0x00000290ff897000 JavaThread "Reference Handler" daemon [_thread_blocked, id=12624, stack(0x000000f3fb500000,0x000000f3fb600000)]
  0x00000290ff899000 JavaThread "Finalizer" daemon [_thread_blocked, id=16848, stack(0x000000f3fb600000,0x000000f3fb700000)]
  0x00000290ff90e800 JavaThread "Signal Dispatcher" daemon [_thread_blocked, id=19232, stack(0x000000f3fb700000,0x000000f3fb800000)]
  0x00000290ff90f800 JavaThread "Attach Listener" daemon [_thread_blocked, id=2764, stack(0x000000f3fb800000,0x000000f3fb900000)]
  0x00000290ff912000 JavaThread "Service Thread" daemon [_thread_blocked, id=24124, stack(0x000000f3fb900000,0x000000f3fba00000)]
=>0x00000290ff919800 JavaThread "C2 CompilerThread0" daemon [_thread_in_native, id=22008, stack(0x000000f3fba00000,0x000000f3fbb00000)]
  0x00000290ff91e800 JavaThread "C1 CompilerThread0" daemon [_thread_in_native, id=20268, stack(0x000000f3fbb00000,0x000000f3fbc00000)]
  0x00000290ff920000 JavaThread "Sweeper thread" daemon [_thread_blocked, id=18556, stack(0x000000f3fbc00000,0x000000f3fbd00000)]
  0x00000290ffabf800 JavaThread "Common-Cleaner" daemon [_thread_blocked, id=16868, stack(0x000000f3fbd00000,0x000000f3fbe00000)]
  0x0000029080c79800 JavaThread "Daemon health stats" [_thread_blocked, id=13704, stack(0x000000f3fc900000,0x000000f3fca00000)]
  0x00000290ffbe7800 JavaThread "Incoming local TCP Connector on port 62677" [_thread_in_native, id=9980, stack(0x000000f3fbf00000,0x000000f3fc000000)]
  0x0000029081a4d800 JavaThread "Daemon periodic checks" [_thread_blocked, id=11640, stack(0x000000f3fc800000,0x000000f3fc900000)]
  0x0000029081414800 JavaThread "Daemon" [_thread_blocked, id=23704, stack(0x000000f3fca00000,0x000000f3fcb00000)]
  0x00000290814fa000 JavaThread "Daemon worker" [_thread_blocked, id=23044, stack(0x000000f3fcd00000,0x000000f3fce00000)]
  0x0000029081ad5000 JavaThread "Cache worker for journal cache (C:\Users\dell\.gradle\caches\journal-1)" [_thread_blocked, id=16708, stack(0x000000f3fd200000,0x000000f3fd300000)]
  0x0000029081ada000 JavaThread "File lock request listener" [_thread_in_native, id=8776, stack(0x000000f3fd300000,0x000000f3fd400000)]
  0x0000029081ad6800 JavaThread "Cache worker for file hash cache (C:\Users\dell\.gradle\caches\6.1.1\fileHashes)" [_thread_blocked, id=23536, stack(0x000000f3fd400000,0x000000f3fd500000)]
  0x0000029081ad6000 JavaThread "Cache worker for execution history cache (C:\Users\dell\.gradle\caches\6.1.1\executionHistory)" [_thread_blocked, id=2416, stack(0x000000f3fdd00000,0x000000f3fde00000)]
  0x000002908090d800 JavaThread "Handler for socket connection from /127.0.0.1:62677 to /127.0.0.1:62705" [_thread_in_native, id=12388, stack(0x000000f3fce00000,0x000000f3fcf00000)]
  0x0000029080912800 JavaThread "Cancel handler" [_thread_blocked, id=22224, stack(0x000000f3fcf00000,0x000000f3fd000000)]
  0x000002908090f800 JavaThread "Asynchronous log dispatcher for DefaultDaemonConnection: socket connection from /127.0.0.1:62677 to /127.0.0.1:62705" [_thread_blocked, id=17652, stack(0x000000f3fd000000,0x000000f3fd100000)]
  0x0000029080914000 JavaThread "Stdin handler" [_thread_blocked, id=9108, stack(0x000000f3fd100000,0x000000f3fd200000)]
  0x0000029080910000 JavaThread "Thread-65" [_thread_blocked, id=12464, stack(0x000000f3fd800000,0x000000f3fd900000)]
  0x000002908090e800 JavaThread "Cache worker for checksums cache (D:\YOMSSJ\.gradle\checksums)" [_thread_blocked, id=23124, stack(0x000000f3fd900000,0x000000f3fda00000)]
  0x0000029080916000 JavaThread "Cache worker for file hash cache (D:\YOMSSJ\.gradle\6.1.1\fileHashes)" [_thread_blocked, id=21240, stack(0x000000f3fda00000,0x000000f3fdb00000)]
  0x0000029080915000 JavaThread "Cache worker for cache directory md-supplier (C:\Users\dell\.gradle\caches\6.1.1\md-supplier)" [_thread_blocked, id=10388, stack(0x000000f3fdc00000,0x000000f3fdd00000)]
  0x0000029080916800 JavaThread "Cache worker for cache directory md-rule (C:\Users\dell\.gradle\caches\6.1.1\md-rule)" [_thread_blocked, id=23384, stack(0x000000f3fde00000,0x000000f3fdf00000)]
  0x0000029080911000 JavaThread "Build operations" [_thread_blocked, id=21776, stack(0x000000f3fe000000,0x000000f3fe100000)]
  0x0000029080917800 JavaThread "Build operations Thread 2" [_thread_blocked, id=19816, stack(0x000000f3fe100000,0x000000f3fe200000)]
  0x0000029080913800 JavaThread "Build operations Thread 3" [_thread_blocked, id=13412, stack(0x000000f3fe200000,0x000000f3fe300000)]
  0x000002908091a000 JavaThread "Build operations Thread 4" [_thread_blocked, id=17380, stack(0x000000f3fe300000,0x000000f3fe400000)]
  0x0000029080918800 JavaThread "Build operations Thread 5" [_thread_blocked, id=16476, stack(0x000000f3fe400000,0x000000f3fe500000)]
  0x0000029080919000 JavaThread "Build operations Thread 6" [_thread_blocked, id=24396, stack(0x000000f3fe500000,0x000000f3fe600000)]
  0x000002908091a800 JavaThread "Build operations Thread 7" [_thread_blocked, id=20396, stack(0x000000f3fe600000,0x000000f3fe700000)]
  0x000002908091b800 JavaThread "Build operations Thread 8" [_thread_blocked, id=11332, stack(0x000000f3fe700000,0x000000f3fe800000)]
  0x000002908091c800 JavaThread "Build operations Thread 9" [_thread_blocked, id=1004, stack(0x000000f3fe800000,0x000000f3fe900000)]
  0x0000029083e25800 JavaThread "Build operations Thread 10" [_thread_blocked, id=21932, stack(0x000000f3fe900000,0x000000f3fea00000)]
  0x0000029083e23000 JavaThread "Build operations Thread 11" [_thread_blocked, id=14356, stack(0x000000f3fea00000,0x000000f3feb00000)]
  0x0000029083e28000 JavaThread "Build operations Thread 12" [_thread_blocked, id=17792, stack(0x000000f3feb00000,0x000000f3fec00000)]
  0x0000029083e22800 JavaThread "Cache worker for Build Output Cleanup Cache (D:\YOMSSJ\.gradle\buildOutputCleanup)" [_thread_blocked, id=23612, stack(0x000000f3fec00000,0x000000f3fed00000)]
  0x0000029083e29000 JavaThread "Memory manager" [_thread_blocked, id=13136, stack(0x000000f3fed00000,0x000000f3fee00000)]
  0x0000029083e29800 JavaThread "Cache worker for file content cache (C:\Users\dell\.gradle\caches\6.1.1\fileContent)" [_thread_blocked, id=23312, stack(0x000000f3fee00000,0x000000f3fef00000)]
  0x0000029083e24000 JavaThread "Cache worker for file content cache (D:\YOMSSJ\.gradle\6.1.1\fileContent)" [_thread_blocked, id=2516, stack(0x000000f3fef00000,0x000000f3ff000000)]
  0x0000029083e2b800 JavaThread "Execution worker for ':'" [_thread_blocked, id=5344, stack(0x000000f3ff000000,0x000000f3ff100000)]
  0x0000029083e2f800 JavaThread "Execution worker for ':' Thread 2" [_thread_in_Java, id=13720, stack(0x000000f3ff100000,0x000000f3ff200000)]
  0x0000029083e2c000 JavaThread "Execution worker for ':' Thread 3" [_thread_blocked, id=17608, stack(0x000000f3ff200000,0x000000f3ff300000)]
  0x0000029083e2d000 JavaThread "Execution worker for ':' Thread 4" [_thread_blocked, id=20556, stack(0x000000f3ff300000,0x000000f3ff400000)]
  0x0000029083e30000 JavaThread "Execution worker for ':' Thread 5" [_thread_blocked, id=24200, stack(0x000000f3ff400000,0x000000f3ff500000)]
  0x0000029083e2a800 JavaThread "Execution worker for ':' Thread 6" [_thread_in_Java, id=11852, stack(0x000000f3ff500000,0x000000f3ff600000)]
  0x0000029083e2d800 JavaThread "Execution worker for ':' Thread 7" [_thread_blocked, id=12204, stack(0x000000f3ff600000,0x000000f3ff700000)]
  0x0000029081ada800 JavaThread "Execution worker for ':' Thread 8" [_thread_in_Java, id=21940, stack(0x000000f3ff700000,0x000000f3ff800000)]
  0x0000029081adb800 JavaThread "Execution worker for ':' Thread 9" [_thread_in_Java, id=9956, stack(0x000000f3ff800000,0x000000f3ff900000)]
  0x0000029081ad9000 JavaThread "Execution worker for ':' Thread 10" [_thread_blocked, id=15840, stack(0x000000f3ff900000,0x000000f3ffa00000)]
  0x0000029081ad7800 JavaThread "Execution worker for ':' Thread 11" [_thread_in_Java, id=11108, stack(0x000000f3ffa00000,0x000000f3ffb00000)]
  0x0000029081ad8000 JavaThread "Cache worker for execution history cache (D:\YOMSSJ\.gradle\6.1.1\executionHistory)" [_thread_blocked, id=10656, stack(0x000000f3ffb00000,0x000000f3ffc00000)]
  0x0000029086df9000 JavaThread "WorkerExecutor Queue" [_thread_blocked, id=13332, stack(0x000000f3ffc00000,0x000000f3ffd00000)]
  0x0000029086df7800 JavaThread "pool-5-thread-1" [_thread_blocked, id=9632, stack(0x000000f3ffe00000,0x000000f3fff00000)]
  0x0000029086df5000 JavaThread "stderr" [_thread_in_native, id=23400, stack(0x000000f3fff00000,0x000000f400000000)]
  0x0000029086dfa000 JavaThread "stdout" [_thread_in_native, id=10692, stack(0x000000f380000000,0x000000f380100000)]
  0x0000029081fcd000 JavaThread "C2 CompilerThread1" daemon [_thread_in_native, id=18928, stack(0x000000f380100000,0x000000f380200000)]
  0x0000029081a3c000 JavaThread "C2 CompilerThread2" daemon [_thread_in_native, id=3732, stack(0x000000f380200000,0x000000f380300000)]

Other Threads:
  0x00000290ff894800 VMThread "VM Thread" [stack: 0x000000f3fb400000,0x000000f3fb500000] [id=20264]
  0x00000290ffac0800 WatcherThread [stack: 0x000000f3fbe00000,0x000000f3fbf00000] [id=5216]
  0x00000290e4718800 GCTaskThread "GC Thread#0" [stack: 0x000000f3faf00000,0x000000f3fb000000] [id=3812]
  0x0000029080ac6800 GCTaskThread "GC Thread#1" [stack: 0x000000f3fc000000,0x000000f3fc100000] [id=4320]
  0x0000029080950000 GCTaskThread "GC Thread#2" [stack: 0x000000f3fc100000,0x000000f3fc200000] [id=4272]
  0x000002908096b000 GCTaskThread "GC Thread#3" [stack: 0x000000f3fc200000,0x000000f3fc300000] [id=23192]
  0x0000029080853800 GCTaskThread "GC Thread#4" [stack: 0x000000f3fc300000,0x000000f3fc400000] [id=23496]
  0x0000029080854800 GCTaskThread "GC Thread#5" [stack: 0x000000f3fc400000,0x000000f3fc500000] [id=17244]
  0x00000290807b7000 GCTaskThread "GC Thread#6" [stack: 0x000000f3fc500000,0x000000f3fc600000] [id=3872]
  0x00000290807b8000 GCTaskThread "GC Thread#7" [stack: 0x000000f3fc600000,0x000000f3fc700000] [id=16948]
  0x0000029080e9a000 GCTaskThread "GC Thread#8" [stack: 0x000000f3fc700000,0x000000f3fc800000] [id=22580]
  0x0000029081c42800 GCTaskThread "GC Thread#9" [stack: 0x000000f3fd500000,0x000000f3fd600000] [id=9432]
  0x00000290e474b000 ConcurrentGCThread "G1 Main Marker" [stack: 0x000000f3fb000000,0x000000f3fb100000] [id=18956]
  0x00000290e474d000 ConcurrentGCThread "G1 Conc#0" [stack: 0x000000f3fb100000,0x000000f3fb200000] [id=1600]
  0x0000029081d50000 ConcurrentGCThread "G1 Conc#1" [stack: 0x000000f3fd600000,0x000000f3fd700000] [id=14564]
  0x0000029081d8e800 ConcurrentGCThread "G1 Conc#2" [stack: 0x000000f3fd700000,0x000000f3fd800000] [id=18056]
  0x00000290e47de800 ConcurrentGCThread "G1 Refine#0" [stack: 0x000000f3fb200000,0x000000f3fb300000] [id=24160]
  0x0000029090688800 ConcurrentGCThread "G1 Refine#1" [stack: 0x000000f380300000,0x000000f380400000] [id=13684]
  0x00000290908ce800 ConcurrentGCThread "G1 Refine#2" [stack: 0x000000f380400000,0x000000f380500000] [id=11064]
  0x0000029091c8b000 ConcurrentGCThread "G1 Refine#3" [stack: 0x000000f380500000,0x000000f380600000] [id=23764]
  0x0000029091e7e800 ConcurrentGCThread "G1 Refine#4" [stack: 0x000000f380600000,0x000000f380700000] [id=23100]
  0x0000029091e09000 ConcurrentGCThread "G1 Refine#5" [stack: 0x000000f380700000,0x000000f380800000] [id=19296]
  0x000002909089d800 ConcurrentGCThread "G1 Refine#6" [stack: 0x000000f380800000,0x000000f380900000] [id=21372]
  0x00000290feee5000 ConcurrentGCThread "G1 Young RemSet Sampling" [stack: 0x000000f3fb300000,0x000000f3fb400000] [id=3792]

Threads with active compile tasks:
C2 CompilerThread0  39265 12140 %     4       com.android.tools.r8.B.a.a.f::a @ 2577 (3630 bytes)
C1 CompilerThread0  39265 14549       2       com.android.tools.r8.ir.conversion.O::a (2643 bytes)
C2 CompilerThread1  39265 13525 %     4       com.android.tools.r8.ir.optimize.Z::a @ 55 (425 bytes)
C2 CompilerThread2  39266 13767       4       com.android.tools.r8.ir.optimize.I::a (282 bytes)

VM state:not at safepoint (normal execution)

VM Mutex/Monitor currently owned by a thread: None

Heap address: 0x0000000080000000, size: 2048 MB, Compressed Oops mode: 32-bit
Narrow klass base: 0x0000000000000000, Narrow klass shift: 3
Compressed class space size: 1073741824 Address: 0x0000000100000000

Heap:
 garbage-first heap   total 391168K, used 243856K [0x0000000080000000, 0x0000000100000000)
  region size 1024K, 88 young (90112K), 13 survivors (13312K)
 Metaspace       used 108457K, capacity 111843K, committed 111964K, reserved 1146880K
  class space    used 13684K, capacity 14867K, committed 14924K, reserved 1048576K
Heap Regions: E=young(eden), S=young(survivor), O=old, HS=humongous(starts), HC=humongous(continues), CS=collection set, F=free, A=archive, TAMS=top-at-mark-start (previous, next)
|   0|0x0000000080000000, 0x0000000080100000, 0x0000000080100000|100%| O|  |TAMS 0x0000000080100000, 0x0000000080000000| Untracked 
|   1|0x0000000080100000, 0x0000000080200000, 0x0000000080200000|100%| O|  |TAMS 0x0000000080200000, 0x0000000080100000| Untracked 
|   2|0x0000000080200000, 0x0000000080300000, 0x0000000080300000|100%| O|  |TAMS 0x0000000080300000, 0x0000000080200000| Untracked 
|   3|0x0000000080300000, 0x0000000080400000, 0x0000000080400000|100%|HS|  |TAMS 0x0000000080400000, 0x0000000080300000| Complete 
|   4|0x0000000080400000, 0x0000000080500000, 0x0000000080500000|100%|HC|  |TAMS 0x0000000080500000, 0x0000000080400000| Complete 
|   5|0x0000000080500000, 0x0000000080600000, 0x0000000080600000|100%|HC|  |TAMS 0x0000000080600000, 0x0000000080500000| Complete 
|   6|0x0000000080600000, 0x0000000080700000, 0x0000000080700000|100%| O|  |TAMS 0x0000000080700000, 0x0000000080600000| Untracked 
|   7|0x0000000080700000, 0x0000000080800000, 0x0000000080800000|100%| O|  |TAMS 0x0000000080800000, 0x0000000080700000| Untracked 
|   8|0x0000000080800000, 0x0000000080900000, 0x0000000080900000|100%| O|  |TAMS 0x0000000080900000, 0x0000000080800000| Untracked 
|   9|0x0000000080900000, 0x0000000080a00000, 0x0000000080a00000|100%| O|  |TAMS 0x0000000080a00000, 0x0000000080900000| Untracked 
|  10|0x0000000080a00000, 0x0000000080b00000, 0x0000000080b00000|100%| O|  |TAMS 0x0000000080b00000, 0x0000000080a00000| Untracked 
|  11|0x0000000080b00000, 0x0000000080c00000, 0x0000000080c00000|100%| O|  |TAMS 0x0000000080c00000, 0x0000000080b00000| Untracked 
|  12|0x0000000080c00000, 0x0000000080d00000, 0x0000000080d00000|100%| O|  |TAMS 0x0000000080d00000, 0x0000000080c00000| Untracked 
|  13|0x0000000080d00000, 0x0000000080e00000, 0x0000000080e00000|100%| O|  |TAMS 0x0000000080e00000, 0x0000000080d00000| Untracked 
|  14|0x0000000080e00000, 0x0000000080f00000, 0x0000000080f00000|100%| O|  |TAMS 0x0000000080f00000, 0x0000000080e00000| Untracked 
|  15|0x0000000080f00000, 0x0000000081000000, 0x0000000081000000|100%| O|  |TAMS 0x0000000081000000, 0x0000000080f00000| Untracked 
|  16|0x0000000081000000, 0x0000000081100000, 0x0000000081100000|100%|HS|  |TAMS 0x0000000081100000, 0x0000000081000000| Complete 
|  17|0x0000000081100000, 0x0000000081200000, 0x0000000081200000|100%|HC|  |TAMS 0x0000000081200000, 0x0000000081100000| Complete 
|  18|0x0000000081200000, 0x0000000081300000, 0x0000000081300000|100%|HS|  |TAMS 0x0000000081300000, 0x0000000081200000| Complete 
|  19|0x0000000081300000, 0x0000000081400000, 0x0000000081400000|100%|HC|  |TAMS 0x0000000081400000, 0x0000000081300000| Complete 
|  20|0x0000000081400000, 0x0000000081500000, 0x0000000081500000|100%|HC|  |TAMS 0x0000000081500000, 0x0000000081400000| Complete 
|  21|0x0000000081500000, 0x0000000081600000, 0x0000000081600000|100%|HS|  |TAMS 0x0000000081600000, 0x0000000081500000| Complete 
|  22|0x0000000081600000, 0x0000000081700000, 0x0000000081700000|100%|HC|  |TAMS 0x0000000081700000, 0x0000000081600000| Complete 
|  23|0x0000000081700000, 0x0000000081800000, 0x0000000081800000|100%|HC|  |TAMS 0x0000000081800000, 0x0000000081700000| Complete 
|  24|0x0000000081800000, 0x0000000081900000, 0x0000000081900000|100%|HC|  |TAMS 0x0000000081900000, 0x0000000081800000| Complete 
|  25|0x0000000081900000, 0x0000000081a00000, 0x0000000081a00000|100%|HC|  |TAMS 0x0000000081a00000, 0x0000000081900000| Complete 
|  26|0x0000000081a00000, 0x0000000081b00000, 0x0000000081b00000|100%|HS|  |TAMS 0x0000000081b00000, 0x0000000081a00000| Complete 
|  27|0x0000000081b00000, 0x0000000081c00000, 0x0000000081c00000|100%|HC|  |TAMS 0x0000000081c00000, 0x0000000081b00000| Complete 
|  28|0x0000000081c00000, 0x0000000081d00000, 0x0000000081d00000|100%|HC|  |TAMS 0x0000000081d00000, 0x0000000081c00000| Complete 
|  29|0x0000000081d00000, 0x0000000081e00000, 0x0000000081e00000|100%|HS|  |TAMS 0x0000000081e00000, 0x0000000081d00000| Complete 
|  30|0x0000000081e00000, 0x0000000081f00000, 0x0000000081f00000|100%|HC|  |TAMS 0x0000000081f00000, 0x0000000081e00000| Complete 
|  31|0x0000000081f00000, 0x0000000082000000, 0x0000000082000000|100%|HC|  |TAMS 0x0000000082000000, 0x0000000081f00000| Complete 
|  32|0x0000000082000000, 0x0000000082100000, 0x0000000082100000|100%|HS|  |TAMS 0x0000000082100000, 0x0000000082000000| Complete 
|  33|0x0000000082100000, 0x0000000082200000, 0x0000000082200000|100%|HC|  |TAMS 0x0000000082200000, 0x0000000082100000| Complete 
|  34|0x0000000082200000, 0x0000000082300000, 0x0000000082300000|100%| O|  |TAMS 0x0000000082300000, 0x0000000082200000| Untracked 
|  35|0x0000000082300000, 0x0000000082400000, 0x0000000082400000|100%| O|  |TAMS 0x0000000082400000, 0x0000000082300000| Untracked 
|  36|0x0000000082400000, 0x0000000082500000, 0x0000000082500000|100%| O|  |TAMS 0x0000000082500000, 0x0000000082400000| Untracked 
|  37|0x0000000082500000, 0x0000000082600000, 0x0000000082600000|100%| O|  |TAMS 0x0000000082600000, 0x0000000082500000| Untracked 
|  38|0x0000000082600000, 0x0000000082700000, 0x0000000082700000|100%| O|  |TAMS 0x0000000082700000, 0x0000000082600000| Untracked 
|  39|0x0000000082700000, 0x0000000082800000, 0x0000000082800000|100%| O|  |TAMS 0x0000000082800000, 0x0000000082700000| Untracked 
|  40|0x0000000082800000, 0x0000000082900000, 0x0000000082900000|100%| O|  |TAMS 0x0000000082900000, 0x0000000082800000| Untracked 
|  41|0x0000000082900000, 0x0000000082a00000, 0x0000000082a00000|100%| O|  |TAMS 0x0000000082a00000, 0x0000000082900000| Untracked 
|  42|0x0000000082a00000, 0x0000000082b00000, 0x0000000082b00000|100%| O|  |TAMS 0x0000000082b00000, 0x0000000082a00000| Untracked 
|  43|0x0000000082b00000, 0x0000000082c00000, 0x0000000082c00000|100%| O|  |TAMS 0x0000000082c00000, 0x0000000082b00000| Untracked 
|  44|0x0000000082c00000, 0x0000000082d00000, 0x0000000082d00000|100%| O|  |TAMS 0x0000000082d00000, 0x0000000082c00000| Untracked 
|  45|0x0000000082d00000, 0x0000000082e00000, 0x0000000082e00000|100%| O|  |TAMS 0x0000000082e00000, 0x0000000082d00000| Untracked 
|  46|0x0000000082e00000, 0x0000000082f00000, 0x0000000082f00000|100%| O|  |TAMS 0x0000000082f00000, 0x0000000082e00000| Untracked 
|  47|0x0000000082f00000, 0x0000000083000000, 0x0000000083000000|100%| O|  |TAMS 0x0000000083000000, 0x0000000082f00000| Untracked 
|  48|0x0000000083000000, 0x0000000083100000, 0x0000000083100000|100%| O|  |TAMS 0x0000000083100000, 0x0000000083000000| Untracked 
|  49|0x0000000083100000, 0x0000000083200000, 0x0000000083200000|100%| O|  |TAMS 0x0000000083200000, 0x0000000083100000| Untracked 
|  50|0x0000000083200000, 0x0000000083300000, 0x0000000083300000|100%| O|  |TAMS 0x0000000083300000, 0x0000000083200000| Untracked 
|  51|0x0000000083300000, 0x0000000083400000, 0x0000000083400000|100%| O|  |TAMS 0x0000000083400000, 0x0000000083300000| Untracked 
|  52|0x0000000083400000, 0x0000000083500000, 0x0000000083500000|100%| O|  |TAMS 0x0000000083500000, 0x0000000083400000| Untracked 
|  53|0x0000000083500000, 0x0000000083600000, 0x0000000083600000|100%| O|  |TAMS 0x0000000083600000, 0x0000000083500000| Untracked 
|  54|0x0000000083600000, 0x0000000083700000, 0x0000000083700000|100%| O|  |TAMS 0x0000000083700000, 0x0000000083600000| Untracked 
|  55|0x0000000083700000, 0x0000000083800000, 0x0000000083800000|100%| O|  |TAMS 0x0000000083800000, 0x0000000083700000| Untracked 
|  56|0x0000000083800000, 0x0000000083900000, 0x0000000083900000|100%| O|  |TAMS 0x0000000083900000, 0x0000000083800000| Untracked 
|  57|0x0000000083900000, 0x0000000083a00000, 0x0000000083a00000|100%| O|  |TAMS 0x0000000083a00000, 0x0000000083900000| Untracked 
|  58|0x0000000083a00000, 0x0000000083b00000, 0x0000000083b00000|100%| O|  |TAMS 0x0000000083b00000, 0x0000000083a00000| Untracked 
|  59|0x0000000083b00000, 0x0000000083c00000, 0x0000000083c00000|100%| O|  |TAMS 0x0000000083c00000, 0x0000000083b00000| Untracked 
|  60|0x0000000083c00000, 0x0000000083d00000, 0x0000000083d00000|100%| O|  |TAMS 0x0000000083d00000, 0x0000000083c00000| Untracked 
|  61|0x0000000083d00000, 0x0000000083e00000, 0x0000000083e00000|100%| O|  |TAMS 0x0000000083e00000, 0x0000000083d00000| Untracked 
|  62|0x0000000083e00000, 0x0000000083f00000, 0x0000000083f00000|100%| O|  |TAMS 0x0000000083f00000, 0x0000000083e00000| Untracked 
|  63|0x0000000083f00000, 0x0000000084000000, 0x0000000084000000|100%| O|  |TAMS 0x0000000084000000, 0x0000000083f00000| Untracked 
|  64|0x0000000084000000, 0x0000000084100000, 0x0000000084100000|100%| O|  |TAMS 0x0000000084100000, 0x0000000084000000| Untracked 
|  65|0x0000000084100000, 0x0000000084200000, 0x0000000084200000|100%| O|  |TAMS 0x0000000084200000, 0x0000000084100000| Untracked 
|  66|0x0000000084200000, 0x0000000084300000, 0x0000000084300000|100%| O|  |TAMS 0x0000000084300000, 0x0000000084200000| Untracked 
|  67|0x0000000084300000, 0x0000000084400000, 0x0000000084400000|100%| O|  |TAMS 0x0000000084400000, 0x0000000084300000| Untracked 
|  68|0x0000000084400000, 0x0000000084500000, 0x0000000084500000|100%| O|  |TAMS 0x0000000084500000, 0x0000000084400000| Untracked 
|  69|0x0000000084500000, 0x0000000084600000, 0x0000000084600000|100%| O|  |TAMS 0x0000000084542c00, 0x0000000084500000| Untracked 
|  70|0x0000000084600000, 0x0000000084700000, 0x0000000084700000|100%| O|  |TAMS 0x0000000084600000, 0x0000000084600000| Untracked 
|  71|0x0000000084700000, 0x0000000084800000, 0x0000000084800000|100%|HS|  |TAMS 0x0000000084700000, 0x0000000084700000| Complete 
|  72|0x0000000084800000, 0x0000000084900000, 0x0000000084900000|100%|HS|  |TAMS 0x0000000084800000, 0x0000000084800000| Complete 
|  73|0x0000000084900000, 0x0000000084a00000, 0x0000000084a00000|100%|HS|  |TAMS 0x0000000084900000, 0x0000000084900000| Complete 
|  74|0x0000000084a00000, 0x0000000084b00000, 0x0000000084b00000|100%| O|  |TAMS 0x0000000084a00000, 0x0000000084a00000| Untracked 
|  75|0x0000000084b00000, 0x0000000084c00000, 0x0000000084c00000|100%| O|  |TAMS 0x0000000084b00000, 0x0000000084b00000| Untracked 
|  76|0x0000000084c00000, 0x0000000084d00000, 0x0000000084d00000|100%| O|  |TAMS 0x0000000084c00000, 0x0000000084c00000| Untracked 
|  77|0x0000000084d00000, 0x0000000084e00000, 0x0000000084e00000|100%| O|  |TAMS 0x0000000084d00000, 0x0000000084d00000| Untracked 
|  78|0x0000000084e00000, 0x0000000084f00000, 0x0000000084f00000|100%| O|  |TAMS 0x0000000084e00000, 0x0000000084e00000| Untracked 
|  79|0x0000000084f00000, 0x0000000085000000, 0x0000000085000000|100%| O|  |TAMS 0x0000000084f00000, 0x0000000084f00000| Untracked 
|  80|0x0000000085000000, 0x0000000085100000, 0x0000000085100000|100%| O|  |TAMS 0x0000000085000000, 0x0000000085000000| Untracked 
|  81|0x0000000085100000, 0x0000000085200000, 0x0000000085200000|100%| O|  |TAMS 0x0000000085100000, 0x0000000085100000| Untracked 
|  82|0x0000000085200000, 0x0000000085300000, 0x0000000085300000|100%| O|  |TAMS 0x0000000085200000, 0x0000000085200000| Untracked 
|  83|0x0000000085300000, 0x0000000085400000, 0x0000000085400000|100%| O|  |TAMS 0x0000000085300000, 0x0000000085300000| Untracked 
|  84|0x0000000085400000, 0x0000000085500000, 0x0000000085500000|100%| O|  |TAMS 0x0000000085400000, 0x0000000085400000| Untracked 
|  85|0x0000000085500000, 0x0000000085600000, 0x0000000085600000|100%| O|  |TAMS 0x0000000085500000, 0x0000000085500000| Untracked 
|  86|0x0000000085600000, 0x0000000085700000, 0x0000000085700000|100%| O|  |TAMS 0x0000000085600000, 0x0000000085600000| Untracked 
|  87|0x0000000085700000, 0x0000000085800000, 0x0000000085800000|100%| O|  |TAMS 0x0000000085700000, 0x0000000085700000| Untracked 
|  88|0x0000000085800000, 0x0000000085900000, 0x0000000085900000|100%| O|  |TAMS 0x0000000085800000, 0x0000000085800000| Untracked 
|  89|0x0000000085900000, 0x0000000085a00000, 0x0000000085a00000|100%| O|  |TAMS 0x0000000085900000, 0x0000000085900000| Untracked 
|  90|0x0000000085a00000, 0x0000000085b00000, 0x0000000085b00000|100%| O|  |TAMS 0x0000000085a00000, 0x0000000085a00000| Untracked 
|  91|0x0000000085b00000, 0x0000000085c00000, 0x0000000085c00000|100%| O|  |TAMS 0x0000000085b00000, 0x0000000085b00000| Untracked 
|  92|0x0000000085c00000, 0x0000000085d00000, 0x0000000085d00000|100%| O|  |TAMS 0x0000000085c00000, 0x0000000085c00000| Untracked 
|  93|0x0000000085d00000, 0x0000000085e00000, 0x0000000085e00000|100%| O|  |TAMS 0x0000000085d00000, 0x0000000085d00000| Untracked 
|  94|0x0000000085e00000, 0x0000000085f00000, 0x0000000085f00000|100%| O|  |TAMS 0x0000000085e00000, 0x0000000085e00000| Untracked 
|  95|0x0000000085f00000, 0x0000000086000000, 0x0000000086000000|100%| O|  |TAMS 0x0000000085f00000, 0x0000000085f00000| Untracked 
|  96|0x0000000086000000, 0x0000000086100000, 0x0000000086100000|100%| O|  |TAMS 0x0000000086000000, 0x0000000086000000| Untracked 
|  97|0x0000000086100000, 0x0000000086200000, 0x0000000086200000|100%| O|  |TAMS 0x0000000086100000, 0x0000000086100000| Untracked 
|  98|0x0000000086200000, 0x0000000086300000, 0x0000000086300000|100%| O|  |TAMS 0x0000000086200000, 0x0000000086200000| Untracked 
|  99|0x0000000086300000, 0x0000000086400000, 0x0000000086400000|100%| O|  |TAMS 0x0000000086300000, 0x0000000086300000| Untracked 
| 100|0x0000000086400000, 0x0000000086500000, 0x0000000086500000|100%| O|  |TAMS 0x0000000086400000, 0x0000000086400000| Untracked 
| 101|0x0000000086500000, 0x0000000086600000, 0x0000000086600000|100%| O|  |TAMS 0x0000000086500000, 0x0000000086500000| Untracked 
| 102|0x0000000086600000, 0x0000000086700000, 0x0000000086700000|100%| O|  |TAMS 0x0000000086600000, 0x0000000086600000| Untracked 
| 103|0x0000000086700000, 0x0000000086800000, 0x0000000086800000|100%| O|  |TAMS 0x0000000086700000, 0x0000000086700000| Untracked 
| 104|0x0000000086800000, 0x0000000086900000, 0x0000000086900000|100%| O|  |TAMS 0x0000000086800000, 0x0000000086800000| Untracked 
| 105|0x0000000086900000, 0x0000000086a00000, 0x0000000086a00000|100%| O|  |TAMS 0x0000000086900000, 0x0000000086900000| Untracked 
| 106|0x0000000086a00000, 0x0000000086b00000, 0x0000000086b00000|100%| O|  |TAMS 0x0000000086a00000, 0x0000000086a00000| Untracked 
| 107|0x0000000086b00000, 0x0000000086c00000, 0x0000000086c00000|100%| O|  |TAMS 0x0000000086b00000, 0x0000000086b00000| Untracked 
| 108|0x0000000086c00000, 0x0000000086d00000, 0x0000000086d00000|100%| O|  |TAMS 0x0000000086c00000, 0x0000000086c00000| Untracked 
| 109|0x0000000086d00000, 0x0000000086e00000, 0x0000000086e00000|100%| O|  |TAMS 0x0000000086d00000, 0x0000000086d00000| Untracked 
| 110|0x0000000086e00000, 0x0000000086f00000, 0x0000000086f00000|100%| O|  |TAMS 0x0000000086e00000, 0x0000000086e00000| Untracked 
| 111|0x0000000086f00000, 0x0000000087000000, 0x0000000087000000|100%| O|  |TAMS 0x0000000086f00000, 0x0000000086f00000| Untracked 
| 112|0x0000000087000000, 0x0000000087100000, 0x0000000087100000|100%| O|  |TAMS 0x0000000087000000, 0x0000000087000000| Untracked 
| 113|0x0000000087100000, 0x0000000087200000, 0x0000000087200000|100%| O|  |TAMS 0x0000000087100000, 0x0000000087100000| Untracked 
| 114|0x0000000087200000, 0x0000000087300000, 0x0000000087300000|100%| O|  |TAMS 0x0000000087200000, 0x0000000087200000| Untracked 
| 115|0x0000000087300000, 0x0000000087400000, 0x0000000087400000|100%| O|  |TAMS 0x0000000087300000, 0x0000000087300000| Untracked 
| 116|0x0000000087400000, 0x0000000087500000, 0x0000000087500000|100%| O|  |TAMS 0x0000000087400000, 0x0000000087400000| Untracked 
| 117|0x0000000087500000, 0x0000000087600000, 0x0000000087600000|100%| O|  |TAMS 0x0000000087500000, 0x0000000087500000| Untracked 
| 118|0x0000000087600000, 0x0000000087700000, 0x0000000087700000|100%| O|  |TAMS 0x0000000087600000, 0x0000000087600000| Untracked 
| 119|0x0000000087700000, 0x0000000087800000, 0x0000000087800000|100%| O|  |TAMS 0x0000000087700000, 0x0000000087700000| Untracked 
| 120|0x0000000087800000, 0x0000000087900000, 0x0000000087900000|100%| O|  |TAMS 0x0000000087800000, 0x0000000087800000| Untracked 
| 121|0x0000000087900000, 0x0000000087a00000, 0x0000000087a00000|100%| O|  |TAMS 0x0000000087900000, 0x0000000087900000| Untracked 
| 122|0x0000000087a00000, 0x0000000087b00000, 0x0000000087b00000|100%| O|  |TAMS 0x0000000087a00000, 0x0000000087a00000| Untracked 
| 123|0x0000000087b00000, 0x0000000087c00000, 0x0000000087c00000|100%| O|  |TAMS 0x0000000087b00000, 0x0000000087b00000| Untracked 
| 124|0x0000000087c00000, 0x0000000087d00000, 0x0000000087d00000|100%| O|  |TAMS 0x0000000087c00000, 0x0000000087c00000| Untracked 
| 125|0x0000000087d00000, 0x0000000087e00000, 0x0000000087e00000|100%| O|  |TAMS 0x0000000087d00000, 0x0000000087d00000| Untracked 
| 126|0x0000000087e00000, 0x0000000087f00000, 0x0000000087f00000|100%| O|  |TAMS 0x0000000087e00000, 0x0000000087e00000| Untracked 
| 127|0x0000000087f00000, 0x0000000088000000, 0x0000000088000000|100%| O|  |TAMS 0x0000000087f00000, 0x0000000087f00000| Untracked 
| 128|0x0000000088000000, 0x0000000088100000, 0x0000000088100000|100%| O|  |TAMS 0x0000000088000000, 0x0000000088000000| Untracked 
| 129|0x0000000088100000, 0x0000000088200000, 0x0000000088200000|100%| O|  |TAMS 0x0000000088100000, 0x0000000088100000| Untracked 
| 130|0x0000000088200000, 0x0000000088300000, 0x0000000088300000|100%| O|  |TAMS 0x0000000088200000, 0x0000000088200000| Untracked 
| 131|0x0000000088300000, 0x0000000088400000, 0x0000000088400000|100%| O|  |TAMS 0x0000000088300000, 0x0000000088300000| Untracked 
| 132|0x0000000088400000, 0x0000000088500000, 0x0000000088500000|100%| O|  |TAMS 0x0000000088400000, 0x0000000088400000| Untracked 
| 133|0x0000000088500000, 0x0000000088600000, 0x0000000088600000|100%| O|  |TAMS 0x0000000088500000, 0x0000000088500000| Untracked 
| 134|0x0000000088600000, 0x0000000088700000, 0x0000000088700000|100%| O|  |TAMS 0x0000000088600000, 0x0000000088600000| Untracked 
| 135|0x0000000088700000, 0x0000000088800000, 0x0000000088800000|100%| O|  |TAMS 0x0000000088700000, 0x0000000088700000| Untracked 
| 136|0x0000000088800000, 0x0000000088900000, 0x0000000088900000|100%| O|  |TAMS 0x0000000088800000, 0x0000000088800000| Untracked 
| 137|0x0000000088900000, 0x0000000088a00000, 0x0000000088a00000|100%| O|  |TAMS 0x0000000088900000, 0x0000000088900000| Untracked 
| 138|0x0000000088a00000, 0x0000000088b00000, 0x0000000088b00000|100%| O|  |TAMS 0x0000000088a00000, 0x0000000088a00000| Untracked 
| 139|0x0000000088b00000, 0x0000000088c00000, 0x0000000088c00000|100%| O|  |TAMS 0x0000000088b00000, 0x0000000088b00000| Untracked 
| 140|0x0000000088c00000, 0x0000000088d00000, 0x0000000088d00000|100%| O|  |TAMS 0x0000000088c00000, 0x0000000088c00000| Untracked 
| 141|0x0000000088d00000, 0x0000000088e00000, 0x0000000088e00000|100%| O|  |TAMS 0x0000000088d00000, 0x0000000088d00000| Untracked 
| 142|0x0000000088e00000, 0x0000000088f00000, 0x0000000088f00000|100%| O|  |TAMS 0x0000000088e00000, 0x0000000088e00000| Untracked 
| 143|0x0000000088f00000, 0x0000000089000000, 0x0000000089000000|100%| O|  |TAMS 0x0000000088f00000, 0x0000000088f00000| Untracked 
| 144|0x0000000089000000, 0x0000000089100000, 0x0000000089100000|100%| O|  |TAMS 0x0000000089000000, 0x0000000089000000| Untracked 
| 145|0x0000000089100000, 0x0000000089200000, 0x0000000089200000|100%| O|  |TAMS 0x0000000089100000, 0x0000000089100000| Untracked 
| 146|0x0000000089200000, 0x0000000089300000, 0x0000000089300000|100%| O|  |TAMS 0x0000000089200000, 0x0000000089200000| Untracked 
| 147|0x0000000089300000, 0x0000000089400000, 0x0000000089400000|100%| O|  |TAMS 0x0000000089300000, 0x0000000089300000| Untracked 
| 148|0x0000000089400000, 0x0000000089500000, 0x0000000089500000|100%| O|  |TAMS 0x0000000089400000, 0x0000000089400000| Untracked 
| 149|0x0000000089500000, 0x0000000089600000, 0x0000000089600000|100%| O|  |TAMS 0x0000000089500000, 0x0000000089500000| Untracked 
| 150|0x0000000089600000, 0x0000000089700000, 0x0000000089700000|100%| O|  |TAMS 0x0000000089600000, 0x0000000089600000| Untracked 
| 151|0x0000000089700000, 0x000000008977f400, 0x0000000089800000| 49%| O|  |TAMS 0x0000000089700000, 0x0000000089700000| Untracked 
| 152|0x0000000089800000, 0x0000000089800000, 0x0000000089900000|  0%| F|  |TAMS 0x0000000089800000, 0x0000000089800000| Untracked 
| 153|0x0000000089900000, 0x0000000089900000, 0x0000000089a00000|  0%| F|  |TAMS 0x0000000089900000, 0x0000000089900000| Untracked 
| 154|0x0000000089a00000, 0x0000000089a00000, 0x0000000089b00000|  0%| F|  |TAMS 0x0000000089a00000, 0x0000000089a00000| Untracked 
| 155|0x0000000089b00000, 0x0000000089b00000, 0x0000000089c00000|  0%| F|  |TAMS 0x0000000089b00000, 0x0000000089b00000| Untracked 
| 156|0x0000000089c00000, 0x0000000089c00000, 0x0000000089d00000|  0%| F|  |TAMS 0x0000000089c00000, 0x0000000089c00000| Untracked 
| 157|0x0000000089d00000, 0x0000000089d00000, 0x0000000089e00000|  0%| F|  |TAMS 0x0000000089d00000, 0x0000000089d00000| Untracked 
| 158|0x0000000089e00000, 0x0000000089e00000, 0x0000000089f00000|  0%| F|  |TAMS 0x0000000089e00000, 0x0000000089e00000| Untracked 
| 159|0x0000000089f00000, 0x0000000089f00000, 0x000000008a000000|  0%| F|  |TAMS 0x0000000089f00000, 0x0000000089f00000| Untracked 
| 160|0x000000008a000000, 0x000000008a000000, 0x000000008a100000|  0%| F|  |TAMS 0x000000008a000000, 0x000000008a000000| Untracked 
| 161|0x000000008a100000, 0x000000008a100000, 0x000000008a200000|  0%| F|  |TAMS 0x000000008a100000, 0x000000008a100000| Untracked 
| 162|0x000000008a200000, 0x000000008a200000, 0x000000008a300000|  0%| F|  |TAMS 0x000000008a200000, 0x000000008a200000| Untracked 
| 163|0x000000008a300000, 0x000000008a300000, 0x000000008a400000|  0%| F|  |TAMS 0x000000008a300000, 0x000000008a300000| Untracked 
| 164|0x000000008a400000, 0x000000008a400000, 0x000000008a500000|  0%| F|  |TAMS 0x000000008a400000, 0x000000008a400000| Untracked 
| 165|0x000000008a500000, 0x000000008a500000, 0x000000008a600000|  0%| F|  |TAMS 0x000000008a500000, 0x000000008a500000| Untracked 
| 166|0x000000008a600000, 0x000000008a600000, 0x000000008a700000|  0%| F|  |TAMS 0x000000008a600000, 0x000000008a600000| Untracked 
| 167|0x000000008a700000, 0x000000008a700000, 0x000000008a800000|  0%| F|  |TAMS 0x000000008a700000, 0x000000008a700000| Untracked 
| 168|0x000000008a800000, 0x000000008a800000, 0x000000008a900000|  0%| F|  |TAMS 0x000000008a800000, 0x000000008a800000| Untracked 
| 169|0x000000008a900000, 0x000000008a900000, 0x000000008aa00000|  0%| F|  |TAMS 0x000000008a900000, 0x000000008a900000| Untracked 
| 170|0x000000008aa00000, 0x000000008aa00000, 0x000000008ab00000|  0%| F|  |TAMS 0x000000008aa00000, 0x000000008aa00000| Untracked 
| 171|0x000000008ab00000, 0x000000008ab00000, 0x000000008ac00000|  0%| F|  |TAMS 0x000000008ab00000, 0x000000008ab00000| Untracked 
| 172|0x000000008ac00000, 0x000000008ac00000, 0x000000008ad00000|  0%| F|  |TAMS 0x000000008ac00000, 0x000000008ac00000| Untracked 
| 173|0x000000008ad00000, 0x000000008ad00000, 0x000000008ae00000|  0%| F|  |TAMS 0x000000008ad00000, 0x000000008ad00000| Untracked 
| 174|0x000000008ae00000, 0x000000008ae00000, 0x000000008af00000|  0%| F|  |TAMS 0x000000008ae00000, 0x000000008ae00000| Untracked 
| 175|0x000000008af00000, 0x000000008af00000, 0x000000008b000000|  0%| F|  |TAMS 0x000000008af00000, 0x000000008af00000| Untracked 
| 176|0x000000008b000000, 0x000000008b000000, 0x000000008b100000|  0%| F|  |TAMS 0x000000008b000000, 0x000000008b000000| Untracked 
| 177|0x000000008b100000, 0x000000008b100000, 0x000000008b200000|  0%| F|  |TAMS 0x000000008b100000, 0x000000008b100000| Untracked 
| 178|0x000000008b200000, 0x000000008b200000, 0x000000008b300000|  0%| F|  |TAMS 0x000000008b200000, 0x000000008b200000| Untracked 
| 179|0x000000008b300000, 0x000000008b300000, 0x000000008b400000|  0%| F|  |TAMS 0x000000008b300000, 0x000000008b300000| Untracked 
| 180|0x000000008b400000, 0x000000008b400000, 0x000000008b500000|  0%| F|  |TAMS 0x000000008b400000, 0x000000008b400000| Untracked 
| 181|0x000000008b500000, 0x000000008b500000, 0x000000008b600000|  0%| F|  |TAMS 0x000000008b500000, 0x000000008b500000| Untracked 
| 182|0x000000008b600000, 0x000000008b600000, 0x000000008b700000|  0%| F|  |TAMS 0x000000008b600000, 0x000000008b600000| Untracked 
| 183|0x000000008b700000, 0x000000008b700000, 0x000000008b800000|  0%| F|  |TAMS 0x000000008b700000, 0x000000008b700000| Untracked 
| 184|0x000000008b800000, 0x000000008b800000, 0x000000008b900000|  0%| F|  |TAMS 0x000000008b800000, 0x000000008b800000| Untracked 
| 185|0x000000008b900000, 0x000000008b900000, 0x000000008ba00000|  0%| F|  |TAMS 0x000000008b900000, 0x000000008b900000| Untracked 
| 186|0x000000008ba00000, 0x000000008ba00000, 0x000000008bb00000|  0%| F|  |TAMS 0x000000008ba00000, 0x000000008ba00000| Untracked 
| 187|0x000000008bb00000, 0x000000008bb00000, 0x000000008bc00000|  0%| F|  |TAMS 0x000000008bb00000, 0x000000008bb00000| Untracked 
| 188|0x000000008bc00000, 0x000000008bc00000, 0x000000008bd00000|  0%| F|  |TAMS 0x000000008bc00000, 0x000000008bc00000| Untracked 
| 189|0x000000008bd00000, 0x000000008bd00000, 0x000000008be00000|  0%| F|  |TAMS 0x000000008bd00000, 0x000000008bd00000| Untracked 
| 190|0x000000008be00000, 0x000000008be00000, 0x000000008bf00000|  0%| F|  |TAMS 0x000000008be00000, 0x000000008be00000| Untracked 
| 191|0x000000008bf00000, 0x000000008bf00000, 0x000000008c000000|  0%| F|  |TAMS 0x000000008bf00000, 0x000000008bf00000| Untracked 
| 192|0x000000008c000000, 0x000000008c000000, 0x000000008c100000|  0%| F|  |TAMS 0x000000008c000000, 0x000000008c000000| Untracked 
| 193|0x000000008c100000, 0x000000008c100000, 0x000000008c200000|  0%| F|  |TAMS 0x000000008c100000, 0x000000008c100000| Untracked 
| 194|0x000000008c200000, 0x000000008c200000, 0x000000008c300000|  0%| F|  |TAMS 0x000000008c200000, 0x000000008c200000| Untracked 
| 195|0x000000008c300000, 0x000000008c300000, 0x000000008c400000|  0%| F|  |TAMS 0x000000008c300000, 0x000000008c300000| Untracked 
| 196|0x000000008c400000, 0x000000008c400000, 0x000000008c500000|  0%| F|  |TAMS 0x000000008c400000, 0x000000008c400000| Untracked 
| 197|0x000000008c500000, 0x000000008c5a4e50, 0x000000008c600000| 64%| S|CS|TAMS 0x000000008c500000, 0x000000008c500000| Complete 
| 198|0x000000008c600000, 0x000000008c600000, 0x000000008c700000|  0%| F|  |TAMS 0x000000008c600000, 0x000000008c600000| Untracked 
| 199|0x000000008c700000, 0x000000008c700000, 0x000000008c800000|  0%| F|  |TAMS 0x000000008c700000, 0x000000008c700000| Untracked 
| 200|0x000000008c800000, 0x000000008c900000, 0x000000008c900000|100%| S|CS|TAMS 0x000000008c800000, 0x000000008c800000| Complete 
| 201|0x000000008c900000, 0x000000008ca00000, 0x000000008ca00000|100%| S|CS|TAMS 0x000000008c900000, 0x000000008c900000| Complete 
| 202|0x000000008ca00000, 0x000000008cb00000, 0x000000008cb00000|100%| S|CS|TAMS 0x000000008ca00000, 0x000000008ca00000| Complete 
| 203|0x000000008cb00000, 0x000000008cc00000, 0x000000008cc00000|100%| S|CS|TAMS 0x000000008cb00000, 0x000000008cb00000| Complete 
| 204|0x000000008cc00000, 0x000000008cd00000, 0x000000008cd00000|100%| S|CS|TAMS 0x000000008cc00000, 0x000000008cc00000| Complete 
| 205|0x000000008cd00000, 0x000000008ce00000, 0x000000008ce00000|100%| S|CS|TAMS 0x000000008cd00000, 0x000000008cd00000| Complete 
| 206|0x000000008ce00000, 0x000000008cf00000, 0x000000008cf00000|100%| S|CS|TAMS 0x000000008ce00000, 0x000000008ce00000| Complete 
| 207|0x000000008cf00000, 0x000000008cf00000, 0x000000008d000000|  0%| F|  |TAMS 0x000000008cf00000, 0x000000008cf00000| Untracked 
| 208|0x000000008d000000, 0x000000008d000000, 0x000000008d100000|  0%| F|  |TAMS 0x000000008d000000, 0x000000008d000000| Untracked 
| 209|0x000000008d100000, 0x000000008d100000, 0x000000008d200000|  0%| F|  |TAMS 0x000000008d100000, 0x000000008d100000| Untracked 
| 210|0x000000008d200000, 0x000000008d200000, 0x000000008d300000|  0%| F|  |TAMS 0x000000008d200000, 0x000000008d200000| Untracked 
| 211|0x000000008d300000, 0x000000008d300000, 0x000000008d400000|  0%| F|  |TAMS 0x000000008d300000, 0x000000008d300000| Untracked 
| 212|0x000000008d400000, 0x000000008d400000, 0x000000008d500000|  0%| F|  |TAMS 0x000000008d400000, 0x000000008d400000| Untracked 
| 213|0x000000008d500000, 0x000000008d600000, 0x000000008d600000|100%| S|CS|TAMS 0x000000008d500000, 0x000000008d500000| Complete 
| 214|0x000000008d600000, 0x000000008d700000, 0x000000008d700000|100%| S|CS|TAMS 0x000000008d600000, 0x000000008d600000| Complete 
| 215|0x000000008d700000, 0x000000008d800000, 0x000000008d800000|100%| S|CS|TAMS 0x000000008d700000, 0x000000008d700000| Complete 
| 216|0x000000008d800000, 0x000000008d900000, 0x000000008d900000|100%| S|CS|TAMS 0x000000008d800000, 0x000000008d800000| Complete 
| 217|0x000000008d900000, 0x000000008da00000, 0x000000008da00000|100%| S|CS|TAMS 0x000000008d900000, 0x000000008d900000| Complete 
| 218|0x000000008da00000, 0x000000008da00000, 0x000000008db00000|  0%| F|  |TAMS 0x000000008da00000, 0x000000008da00000| Untracked 
| 219|0x000000008db00000, 0x000000008db00000, 0x000000008dc00000|  0%| F|  |TAMS 0x000000008db00000, 0x000000008db00000| Untracked 
| 220|0x000000008dc00000, 0x000000008dc00000, 0x000000008dd00000|  0%| F|  |TAMS 0x000000008dc00000, 0x000000008dc00000| Untracked 
| 221|0x000000008dd00000, 0x000000008dd00000, 0x000000008de00000|  0%| F|  |TAMS 0x000000008dd00000, 0x000000008dd00000| Untracked 
| 222|0x000000008de00000, 0x000000008de00000, 0x000000008df00000|  0%| F|  |TAMS 0x000000008de00000, 0x000000008de00000| Untracked 
| 223|0x000000008df00000, 0x000000008df00000, 0x000000008e000000|  0%| F|  |TAMS 0x000000008df00000, 0x000000008df00000| Untracked 
| 224|0x000000008e000000, 0x000000008e000000, 0x000000008e100000|  0%| F|  |TAMS 0x000000008e000000, 0x000000008e000000| Untracked 
| 225|0x000000008e100000, 0x000000008e100000, 0x000000008e200000|  0%| F|  |TAMS 0x000000008e100000, 0x000000008e100000| Untracked 
| 226|0x000000008e200000, 0x000000008e200000, 0x000000008e300000|  0%| F|  |TAMS 0x000000008e200000, 0x000000008e200000| Untracked 
| 227|0x000000008e300000, 0x000000008e300000, 0x000000008e400000|  0%| F|  |TAMS 0x000000008e300000, 0x000000008e300000| Untracked 
| 228|0x000000008e400000, 0x000000008e400000, 0x000000008e500000|  0%| F|  |TAMS 0x000000008e400000, 0x000000008e400000| Untracked 
| 229|0x000000008e500000, 0x000000008e500000, 0x000000008e600000|  0%| F|  |TAMS 0x000000008e500000, 0x000000008e500000| Untracked 
| 230|0x000000008e600000, 0x000000008e600000, 0x000000008e700000|  0%| F|  |TAMS 0x000000008e600000, 0x000000008e600000| Untracked 
| 231|0x000000008e700000, 0x000000008e700000, 0x000000008e800000|  0%| F|  |TAMS 0x000000008e700000, 0x000000008e700000| Untracked 
| 232|0x000000008e800000, 0x000000008e800000, 0x000000008e900000|  0%| F|  |TAMS 0x000000008e800000, 0x000000008e800000| Untracked 
| 233|0x000000008e900000, 0x000000008e900000, 0x000000008ea00000|  0%| F|  |TAMS 0x000000008e900000, 0x000000008e900000| Untracked 
| 234|0x000000008ea00000, 0x000000008ea00000, 0x000000008eb00000|  0%| F|  |TAMS 0x000000008ea00000, 0x000000008ea00000| Untracked 
| 235|0x000000008eb00000, 0x000000008eb00000, 0x000000008ec00000|  0%| F|  |TAMS 0x000000008eb00000, 0x000000008eb00000| Untracked 
| 236|0x000000008ec00000, 0x000000008ec00000, 0x000000008ed00000|  0%| F|  |TAMS 0x000000008ec00000, 0x000000008ec00000| Untracked 
| 237|0x000000008ed00000, 0x000000008ed00000, 0x000000008ee00000|  0%| F|  |TAMS 0x000000008ed00000, 0x000000008ed00000| Untracked 
| 238|0x000000008ee00000, 0x000000008ee00000, 0x000000008ef00000|  0%| F|  |TAMS 0x000000008ee00000, 0x000000008ee00000| Untracked 
| 239|0x000000008ef00000, 0x000000008ef00000, 0x000000008f000000|  0%| F|  |TAMS 0x000000008ef00000, 0x000000008ef00000| Untracked 
| 240|0x000000008f000000, 0x000000008f000000, 0x000000008f100000|  0%| F|  |TAMS 0x000000008f000000, 0x000000008f000000| Untracked 
| 241|0x000000008f100000, 0x000000008f100000, 0x000000008f200000|  0%| F|  |TAMS 0x000000008f100000, 0x000000008f100000| Untracked 
| 242|0x000000008f200000, 0x000000008f200000, 0x000000008f300000|  0%| F|  |TAMS 0x000000008f200000, 0x000000008f200000| Untracked 
| 243|0x000000008f300000, 0x000000008f300000, 0x000000008f400000|  0%| F|  |TAMS 0x000000008f300000, 0x000000008f300000| Untracked 
| 244|0x000000008f400000, 0x000000008f400000, 0x000000008f500000|  0%| F|  |TAMS 0x000000008f400000, 0x000000008f400000| Untracked 
| 245|0x000000008f500000, 0x000000008f500000, 0x000000008f600000|  0%| F|  |TAMS 0x000000008f500000, 0x000000008f500000| Untracked 
| 246|0x000000008f600000, 0x000000008f600000, 0x000000008f700000|  0%| F|  |TAMS 0x000000008f600000, 0x000000008f600000| Untracked 
| 247|0x000000008f700000, 0x000000008f700000, 0x000000008f800000|  0%| F|  |TAMS 0x000000008f700000, 0x000000008f700000| Untracked 
| 248|0x000000008f800000, 0x000000008f800000, 0x000000008f900000|  0%| F|  |TAMS 0x000000008f800000, 0x000000008f800000| Untracked 
| 249|0x000000008f900000, 0x000000008f900000, 0x000000008fa00000|  0%| F|  |TAMS 0x000000008f900000, 0x000000008f900000| Untracked 
| 250|0x000000008fa00000, 0x000000008fa00000, 0x000000008fb00000|  0%| F|  |TAMS 0x000000008fa00000, 0x000000008fa00000| Untracked 
| 251|0x000000008fb00000, 0x000000008fb00000, 0x000000008fc00000|  0%| F|  |TAMS 0x000000008fb00000, 0x000000008fb00000| Untracked 
| 252|0x000000008fc00000, 0x000000008fc00000, 0x000000008fd00000|  0%| F|  |TAMS 0x000000008fc00000, 0x000000008fc00000| Untracked 
| 253|0x000000008fd00000, 0x000000008fd00000, 0x000000008fe00000|  0%| F|  |TAMS 0x000000008fd00000, 0x000000008fd00000| Untracked 
| 254|0x000000008fe00000, 0x000000008fe00000, 0x000000008ff00000|  0%| F|  |TAMS 0x000000008fe00000, 0x000000008fe00000| Untracked 
| 255|0x000000008ff00000, 0x000000008ff00000, 0x0000000090000000|  0%| F|  |TAMS 0x000000008ff00000, 0x000000008ff00000| Untracked 
| 256|0x0000000090000000, 0x0000000090000000, 0x0000000090100000|  0%| F|  |TAMS 0x0000000090000000, 0x0000000090000000| Untracked 
| 257|0x0000000090100000, 0x0000000090100000, 0x0000000090200000|  0%| F|  |TAMS 0x0000000090100000, 0x0000000090100000| Untracked 
| 258|0x0000000090200000, 0x0000000090200000, 0x0000000090300000|  0%| F|  |TAMS 0x0000000090200000, 0x0000000090200000| Untracked 
| 259|0x0000000090300000, 0x0000000090300000, 0x0000000090400000|  0%| F|  |TAMS 0x0000000090300000, 0x0000000090300000| Untracked 
| 260|0x0000000090400000, 0x0000000090400000, 0x0000000090500000|  0%| F|  |TAMS 0x0000000090400000, 0x0000000090400000| Untracked 
| 261|0x0000000090500000, 0x0000000090500000, 0x0000000090600000|  0%| F|  |TAMS 0x0000000090500000, 0x0000000090500000| Untracked 
| 262|0x0000000090600000, 0x0000000090600000, 0x0000000090700000|  0%| F|  |TAMS 0x0000000090600000, 0x0000000090600000| Untracked 
| 263|0x0000000090700000, 0x0000000090700000, 0x0000000090800000|  0%| F|  |TAMS 0x0000000090700000, 0x0000000090700000| Untracked 
| 264|0x0000000090800000, 0x0000000090800000, 0x0000000090900000|  0%| F|  |TAMS 0x0000000090800000, 0x0000000090800000| Untracked 
| 265|0x0000000090900000, 0x0000000090900000, 0x0000000090a00000|  0%| F|  |TAMS 0x0000000090900000, 0x0000000090900000| Untracked 
| 266|0x0000000090a00000, 0x0000000090a00000, 0x0000000090b00000|  0%| F|  |TAMS 0x0000000090a00000, 0x0000000090a00000| Untracked 
| 267|0x0000000090b00000, 0x0000000090b00000, 0x0000000090c00000|  0%| F|  |TAMS 0x0000000090b00000, 0x0000000090b00000| Untracked 
| 268|0x0000000090c00000, 0x0000000090c00000, 0x0000000090d00000|  0%| F|  |TAMS 0x0000000090c00000, 0x0000000090c00000| Untracked 
| 269|0x0000000090d00000, 0x0000000090d00000, 0x0000000090e00000|  0%| F|  |TAMS 0x0000000090d00000, 0x0000000090d00000| Untracked 
| 270|0x0000000090e00000, 0x0000000090e00000, 0x0000000090f00000|  0%| F|  |TAMS 0x0000000090e00000, 0x0000000090e00000| Untracked 
| 271|0x0000000090f00000, 0x0000000090f00000, 0x0000000091000000|  0%| F|  |TAMS 0x0000000090f00000, 0x0000000090f00000| Untracked 
| 272|0x0000000091000000, 0x0000000091000000, 0x0000000091100000|  0%| F|  |TAMS 0x0000000091000000, 0x0000000091000000| Untracked 
| 273|0x0000000091100000, 0x0000000091100000, 0x0000000091200000|  0%| F|  |TAMS 0x0000000091100000, 0x0000000091100000| Untracked 
| 274|0x0000000091200000, 0x0000000091200000, 0x0000000091300000|  0%| F|  |TAMS 0x0000000091200000, 0x0000000091200000| Untracked 
| 275|0x0000000091300000, 0x0000000091300000, 0x0000000091400000|  0%| F|  |TAMS 0x0000000091300000, 0x0000000091300000| Untracked 
| 276|0x0000000091400000, 0x0000000091400000, 0x0000000091500000|  0%| F|  |TAMS 0x0000000091400000, 0x0000000091400000| Untracked 
| 277|0x0000000091500000, 0x0000000091500000, 0x0000000091600000|  0%| F|  |TAMS 0x0000000091500000, 0x0000000091500000| Untracked 
| 278|0x0000000091600000, 0x0000000091600000, 0x0000000091700000|  0%| F|  |TAMS 0x0000000091600000, 0x0000000091600000| Untracked 
| 279|0x0000000091700000, 0x0000000091700000, 0x0000000091800000|  0%| F|  |TAMS 0x0000000091700000, 0x0000000091700000| Untracked 
| 280|0x0000000091800000, 0x0000000091800000, 0x0000000091900000|  0%| F|  |TAMS 0x0000000091800000, 0x0000000091800000| Untracked 
| 281|0x0000000091900000, 0x0000000091900000, 0x0000000091a00000|  0%| F|  |TAMS 0x0000000091900000, 0x0000000091900000| Untracked 
| 282|0x0000000091a00000, 0x0000000091a00000, 0x0000000091b00000|  0%| F|  |TAMS 0x0000000091a00000, 0x0000000091a00000| Untracked 
| 283|0x0000000091b00000, 0x0000000091b00000, 0x0000000091c00000|  0%| F|  |TAMS 0x0000000091b00000, 0x0000000091b00000| Untracked 
| 284|0x0000000091c00000, 0x0000000091c00000, 0x0000000091d00000|  0%| F|  |TAMS 0x0000000091c00000, 0x0000000091c00000| Untracked 
| 285|0x0000000091d00000, 0x0000000091d00000, 0x0000000091e00000|  0%| F|  |TAMS 0x0000000091d00000, 0x0000000091d00000| Untracked 
| 286|0x0000000091e00000, 0x0000000091e00000, 0x0000000091f00000|  0%| F|  |TAMS 0x0000000091e00000, 0x0000000091e00000| Untracked 
| 287|0x0000000091f00000, 0x0000000091f00000, 0x0000000092000000|  0%| F|  |TAMS 0x0000000091f00000, 0x0000000091f00000| Untracked 
| 288|0x0000000092000000, 0x0000000092000000, 0x0000000092100000|  0%| F|  |TAMS 0x0000000092000000, 0x0000000092000000| Untracked 
| 289|0x0000000092100000, 0x0000000092100000, 0x0000000092200000|  0%| F|  |TAMS 0x0000000092100000, 0x0000000092100000| Untracked 
| 290|0x0000000092200000, 0x0000000092200000, 0x0000000092300000|  0%| F|  |TAMS 0x0000000092200000, 0x0000000092200000| Untracked 
| 291|0x0000000092300000, 0x0000000092300000, 0x0000000092400000|  0%| F|  |TAMS 0x0000000092300000, 0x0000000092300000| Untracked 
| 292|0x0000000092400000, 0x0000000092400000, 0x0000000092500000|  0%| F|  |TAMS 0x0000000092400000, 0x0000000092400000| Untracked 
| 293|0x0000000092500000, 0x0000000092500000, 0x0000000092600000|  0%| F|  |TAMS 0x0000000092500000, 0x0000000092500000| Untracked 
| 294|0x0000000092600000, 0x0000000092600000, 0x0000000092700000|  0%| F|  |TAMS 0x0000000092600000, 0x0000000092600000| Untracked 
| 295|0x0000000092700000, 0x0000000092700000, 0x0000000092800000|  0%| F|  |TAMS 0x0000000092700000, 0x0000000092700000| Untracked 
| 296|0x0000000092800000, 0x0000000092800000, 0x0000000092900000|  0%| F|  |TAMS 0x0000000092800000, 0x0000000092800000| Untracked 
| 297|0x0000000092900000, 0x0000000092980800, 0x0000000092a00000| 50%| E|  |TAMS 0x0000000092900000, 0x0000000092900000| Complete 
| 298|0x0000000092a00000, 0x0000000092b00000, 0x0000000092b00000|100%| E|CS|TAMS 0x0000000092a00000, 0x0000000092a00000| Complete 
| 299|0x0000000092b00000, 0x0000000092c00000, 0x0000000092c00000|100%| E|CS|TAMS 0x0000000092b00000, 0x0000000092b00000| Complete 
| 300|0x0000000092c00000, 0x0000000092d00000, 0x0000000092d00000|100%| E|CS|TAMS 0x0000000092c00000, 0x0000000092c00000| Complete 
| 301|0x0000000092d00000, 0x0000000092e00000, 0x0000000092e00000|100%| E|CS|TAMS 0x0000000092d00000, 0x0000000092d00000| Complete 
| 302|0x0000000092e00000, 0x0000000092f00000, 0x0000000092f00000|100%| E|CS|TAMS 0x0000000092e00000, 0x0000000092e00000| Complete 
| 303|0x0000000092f00000, 0x0000000093000000, 0x0000000093000000|100%| E|CS|TAMS 0x0000000092f00000, 0x0000000092f00000| Complete 
| 304|0x0000000093000000, 0x0000000093100000, 0x0000000093100000|100%| E|CS|TAMS 0x0000000093000000, 0x0000000093000000| Complete 
| 305|0x0000000093100000, 0x0000000093200000, 0x0000000093200000|100%| E|CS|TAMS 0x0000000093100000, 0x0000000093100000| Complete 
| 306|0x0000000093200000, 0x0000000093300000, 0x0000000093300000|100%| E|CS|TAMS 0x0000000093200000, 0x0000000093200000| Complete 
| 307|0x0000000093300000, 0x0000000093400000, 0x0000000093400000|100%| E|CS|TAMS 0x0000000093300000, 0x0000000093300000| Complete 
| 308|0x0000000093400000, 0x0000000093500000, 0x0000000093500000|100%| E|CS|TAMS 0x0000000093400000, 0x0000000093400000| Complete 
| 309|0x0000000093500000, 0x0000000093600000, 0x0000000093600000|100%| E|CS|TAMS 0x0000000093500000, 0x0000000093500000| Complete 
| 310|0x0000000093600000, 0x0000000093700000, 0x0000000093700000|100%| E|CS|TAMS 0x0000000093600000, 0x0000000093600000| Complete 
| 311|0x0000000093700000, 0x0000000093800000, 0x0000000093800000|100%| E|CS|TAMS 0x0000000093700000, 0x0000000093700000| Complete 
| 312|0x0000000093800000, 0x0000000093900000, 0x0000000093900000|100%| E|CS|TAMS 0x0000000093800000, 0x0000000093800000| Complete 
| 313|0x0000000093900000, 0x0000000093a00000, 0x0000000093a00000|100%| E|CS|TAMS 0x0000000093900000, 0x0000000093900000| Complete 
| 314|0x0000000093a00000, 0x0000000093b00000, 0x0000000093b00000|100%| E|CS|TAMS 0x0000000093a00000, 0x0000000093a00000| Complete 
| 315|0x0000000093b00000, 0x0000000093c00000, 0x0000000093c00000|100%| E|CS|TAMS 0x0000000093b00000, 0x0000000093b00000| Complete 
| 316|0x0000000093c00000, 0x0000000093d00000, 0x0000000093d00000|100%| E|CS|TAMS 0x0000000093c00000, 0x0000000093c00000| Complete 
| 317|0x0000000093d00000, 0x0000000093e00000, 0x0000000093e00000|100%| E|CS|TAMS 0x0000000093d00000, 0x0000000093d00000| Complete 
| 318|0x0000000093e00000, 0x0000000093f00000, 0x0000000093f00000|100%| E|CS|TAMS 0x0000000093e00000, 0x0000000093e00000| Complete 
| 319|0x0000000093f00000, 0x0000000094000000, 0x0000000094000000|100%| E|CS|TAMS 0x0000000093f00000, 0x0000000093f00000| Complete 
| 320|0x0000000094000000, 0x0000000094100000, 0x0000000094100000|100%| E|CS|TAMS 0x0000000094000000, 0x0000000094000000| Complete 
| 321|0x0000000094100000, 0x0000000094200000, 0x0000000094200000|100%| E|CS|TAMS 0x0000000094100000, 0x0000000094100000| Complete 
| 322|0x0000000094200000, 0x0000000094300000, 0x0000000094300000|100%| E|CS|TAMS 0x0000000094200000, 0x0000000094200000| Complete 
| 323|0x0000000094300000, 0x0000000094400000, 0x0000000094400000|100%| E|CS|TAMS 0x0000000094300000, 0x0000000094300000| Complete 
| 324|0x0000000094400000, 0x0000000094500000, 0x0000000094500000|100%| E|CS|TAMS 0x0000000094400000, 0x0000000094400000| Complete 
| 325|0x0000000094500000, 0x0000000094600000, 0x0000000094600000|100%| E|CS|TAMS 0x0000000094500000, 0x0000000094500000| Complete 
| 326|0x0000000094600000, 0x0000000094700000, 0x0000000094700000|100%| E|CS|TAMS 0x0000000094600000, 0x0000000094600000| Complete 
| 327|0x0000000094700000, 0x0000000094800000, 0x0000000094800000|100%| E|CS|TAMS 0x0000000094700000, 0x0000000094700000| Complete 
| 328|0x0000000094800000, 0x0000000094900000, 0x0000000094900000|100%| E|CS|TAMS 0x0000000094800000, 0x0000000094800000| Complete 
| 329|0x0000000094900000, 0x0000000094a00000, 0x0000000094a00000|100%| E|CS|TAMS 0x0000000094900000, 0x0000000094900000| Complete 
| 330|0x0000000094a00000, 0x0000000094b00000, 0x0000000094b00000|100%| E|CS|TAMS 0x0000000094a00000, 0x0000000094a00000| Complete 
| 331|0x0000000094b00000, 0x0000000094c00000, 0x0000000094c00000|100%| E|CS|TAMS 0x0000000094b00000, 0x0000000094b00000| Complete 
| 332|0x0000000094c00000, 0x0000000094d00000, 0x0000000094d00000|100%| E|CS|TAMS 0x0000000094c00000, 0x0000000094c00000| Complete 
| 333|0x0000000094d00000, 0x0000000094e00000, 0x0000000094e00000|100%| E|CS|TAMS 0x0000000094d00000, 0x0000000094d00000| Complete 
| 334|0x0000000094e00000, 0x0000000094f00000, 0x0000000094f00000|100%| E|CS|TAMS 0x0000000094e00000, 0x0000000094e00000| Complete 
| 335|0x0000000094f00000, 0x0000000095000000, 0x0000000095000000|100%| E|CS|TAMS 0x0000000094f00000, 0x0000000094f00000| Complete 
| 336|0x0000000095000000, 0x0000000095100000, 0x0000000095100000|100%| E|CS|TAMS 0x0000000095000000, 0x0000000095000000| Complete 
| 337|0x0000000095100000, 0x0000000095200000, 0x0000000095200000|100%| E|CS|TAMS 0x0000000095100000, 0x0000000095100000| Complete 
| 338|0x0000000095200000, 0x0000000095300000, 0x0000000095300000|100%| E|CS|TAMS 0x0000000095200000, 0x0000000095200000| Complete 
| 339|0x0000000095300000, 0x0000000095400000, 0x0000000095400000|100%| E|CS|TAMS 0x0000000095300000, 0x0000000095300000| Complete 
| 340|0x0000000095400000, 0x0000000095500000, 0x0000000095500000|100%| E|CS|TAMS 0x0000000095400000, 0x0000000095400000| Complete 
| 341|0x0000000095500000, 0x0000000095600000, 0x0000000095600000|100%| E|CS|TAMS 0x0000000095500000, 0x0000000095500000| Complete 
| 342|0x0000000095600000, 0x0000000095700000, 0x0000000095700000|100%| E|CS|TAMS 0x0000000095600000, 0x0000000095600000| Complete 
| 343|0x0000000095700000, 0x0000000095800000, 0x0000000095800000|100%| E|CS|TAMS 0x0000000095700000, 0x0000000095700000| Complete 
| 344|0x0000000095800000, 0x0000000095900000, 0x0000000095900000|100%| E|CS|TAMS 0x0000000095800000, 0x0000000095800000| Complete 
| 345|0x0000000095900000, 0x0000000095a00000, 0x0000000095a00000|100%| E|CS|TAMS 0x0000000095900000, 0x0000000095900000| Complete 
| 346|0x0000000095a00000, 0x0000000095b00000, 0x0000000095b00000|100%| E|CS|TAMS 0x0000000095a00000, 0x0000000095a00000| Complete 
| 347|0x0000000095b00000, 0x0000000095c00000, 0x0000000095c00000|100%| E|CS|TAMS 0x0000000095b00000, 0x0000000095b00000| Complete 
| 348|0x0000000095c00000, 0x0000000095d00000, 0x0000000095d00000|100%| E|CS|TAMS 0x0000000095c00000, 0x0000000095c00000| Complete 
| 349|0x0000000095d00000, 0x0000000095e00000, 0x0000000095e00000|100%| E|CS|TAMS 0x0000000095d00000, 0x0000000095d00000| Complete 
| 350|0x0000000095e00000, 0x0000000095f00000, 0x0000000095f00000|100%| E|CS|TAMS 0x0000000095e00000, 0x0000000095e00000| Complete 
| 351|0x0000000095f00000, 0x0000000096000000, 0x0000000096000000|100%| E|CS|TAMS 0x0000000095f00000, 0x0000000095f00000| Complete 
| 352|0x0000000096000000, 0x0000000096100000, 0x0000000096100000|100%| E|CS|TAMS 0x0000000096000000, 0x0000000096000000| Complete 
| 353|0x0000000096100000, 0x0000000096200000, 0x0000000096200000|100%| E|CS|TAMS 0x0000000096100000, 0x0000000096100000| Complete 
| 354|0x0000000096200000, 0x0000000096300000, 0x0000000096300000|100%| E|CS|TAMS 0x0000000096200000, 0x0000000096200000| Complete 
| 355|0x0000000096300000, 0x0000000096400000, 0x0000000096400000|100%| E|CS|TAMS 0x0000000096300000, 0x0000000096300000| Complete 
| 356|0x0000000096400000, 0x0000000096500000, 0x0000000096500000|100%| E|CS|TAMS 0x0000000096400000, 0x0000000096400000| Complete 
| 357|0x0000000096500000, 0x0000000096600000, 0x0000000096600000|100%| E|CS|TAMS 0x0000000096500000, 0x0000000096500000| Complete 
| 358|0x0000000096600000, 0x0000000096700000, 0x0000000096700000|100%| E|CS|TAMS 0x0000000096600000, 0x0000000096600000| Complete 
| 359|0x0000000096700000, 0x0000000096800000, 0x0000000096800000|100%| E|CS|TAMS 0x0000000096700000, 0x0000000096700000| Complete 
| 360|0x0000000096800000, 0x0000000096900000, 0x0000000096900000|100%| E|CS|TAMS 0x0000000096800000, 0x0000000096800000| Complete 
| 361|0x0000000096900000, 0x0000000096a00000, 0x0000000096a00000|100%| E|CS|TAMS 0x0000000096900000, 0x0000000096900000| Complete 
| 362|0x0000000096a00000, 0x0000000096b00000, 0x0000000096b00000|100%| E|CS|TAMS 0x0000000096a00000, 0x0000000096a00000| Complete 
| 363|0x0000000096b00000, 0x0000000096c00000, 0x0000000096c00000|100%| E|CS|TAMS 0x0000000096b00000, 0x0000000096b00000| Complete 
| 364|0x0000000096c00000, 0x0000000096d00000, 0x0000000096d00000|100%| E|CS|TAMS 0x0000000096c00000, 0x0000000096c00000| Complete 
| 365|0x0000000096d00000, 0x0000000096e00000, 0x0000000096e00000|100%| E|CS|TAMS 0x0000000096d00000, 0x0000000096d00000| Complete 
| 366|0x0000000096e00000, 0x0000000096f00000, 0x0000000096f00000|100%| E|CS|TAMS 0x0000000096e00000, 0x0000000096e00000| Complete 
| 367|0x0000000096f00000, 0x0000000097000000, 0x0000000097000000|100%| E|CS|TAMS 0x0000000096f00000, 0x0000000096f00000| Complete 
| 368|0x0000000097000000, 0x0000000097100000, 0x0000000097100000|100%| E|CS|TAMS 0x0000000097000000, 0x0000000097000000| Complete 
| 369|0x0000000097100000, 0x0000000097200000, 0x0000000097200000|100%| E|CS|TAMS 0x0000000097100000, 0x0000000097100000| Complete 
| 370|0x0000000097200000, 0x0000000097300000, 0x0000000097300000|100%| E|CS|TAMS 0x0000000097200000, 0x0000000097200000| Complete 
| 371|0x0000000097300000, 0x0000000097400000, 0x0000000097400000|100%| E|CS|TAMS 0x0000000097300000, 0x0000000097300000| Complete 
| 372|0x0000000097400000, 0x0000000097500000, 0x0000000097500000|100%| E|CS|TAMS 0x0000000097400000, 0x0000000097400000| Complete 
| 373|0x0000000097500000, 0x0000000097600000, 0x0000000097600000|100%| E|CS|TAMS 0x0000000097500000, 0x0000000097500000| Complete 
| 374|0x0000000097600000, 0x0000000097700000, 0x0000000097700000|100%| E|CS|TAMS 0x0000000097600000, 0x0000000097600000| Complete 
| 375|0x0000000097700000, 0x0000000097800000, 0x0000000097800000|100%| E|CS|TAMS 0x0000000097700000, 0x0000000097700000| Complete 
| 376|0x0000000097800000, 0x0000000097900000, 0x0000000097900000|100%| E|CS|TAMS 0x0000000097800000, 0x0000000097800000| Complete 
| 377|0x0000000097900000, 0x0000000097a00000, 0x0000000097a00000|100%| E|CS|TAMS 0x0000000097900000, 0x0000000097900000| Complete 
| 378|0x0000000097a00000, 0x0000000097b00000, 0x0000000097b00000|100%| E|CS|TAMS 0x0000000097a00000, 0x0000000097a00000| Complete 
| 379|0x0000000097b00000, 0x0000000097c00000, 0x0000000097c00000|100%| E|CS|TAMS 0x0000000097b00000, 0x0000000097b00000| Complete 
| 380|0x0000000097c00000, 0x0000000097d00000, 0x0000000097d00000|100%| E|CS|TAMS 0x0000000097c00000, 0x0000000097c00000| Complete 
| 381|0x0000000097d00000, 0x0000000097e00000, 0x0000000097e00000|100%| E|CS|TAMS 0x0000000097d00000, 0x0000000097d00000| Complete 

Card table byte_map: [0x00000290f7b40000,0x00000290f7f40000] _byte_map_base: 0x00000290f7740000

Marking Bits (Prev, Next): (CMBitMap*) 0x00000290e47425e8, (CMBitMap*) 0x00000290e4742620
 Prev Bits: [0x00000290f8340000, 0x00000290fa340000)
 Next Bits: [0x00000290fa340000, 0x00000290fc340000)

Polling page: 0x00000290e2520000

Metaspace:

Usage:
  Non-class:     94.70 MB capacity,    92.56 MB ( 98%) used,     1.83 MB (  2%) free+waste,   320.50 KB ( <1%) overhead. 
      Class:     14.52 MB capacity,    13.36 MB ( 92%) used,     1.01 MB (  7%) free+waste,   145.25 KB ( <1%) overhead. 
       Both:    109.22 MB capacity,   105.92 MB ( 97%) used,     2.85 MB (  3%) free+waste,   465.75 KB ( <1%) overhead. 

Virtual space:
  Non-class space:       96.00 MB reserved,      94.77 MB ( 99%) committed 
      Class space:        1.00 GB reserved,      14.57 MB (  1%) committed 
             Both:        1.09 GB reserved,     109.34 MB ( 10%) committed 

Chunk freelists:
   Non-Class:  0 bytes
       Class:  13.00 KB
        Both:  13.00 KB

MaxMetaspaceSize: 17179869184.00 GB
CompressedClassSpaceSize: 1.00 GB

CodeHeap 'non-profiled nmethods': size=120000Kb used=8532Kb max_used=8533Kb free=111467Kb
 bounds [0x00000290efcc0000, 0x00000290f0520000, 0x00000290f71f0000]
CodeHeap 'profiled nmethods': size=120000Kb used=33500Kb max_used=33500Kb free=86499Kb
 bounds [0x00000290e8790000, 0x00000290ea850000, 0x00000290efcc0000]
CodeHeap 'non-nmethods': size=5760Kb used=2331Kb max_used=2389Kb free=3428Kb
 bounds [0x00000290e81f0000, 0x00000290e8460000, 0x00000290e8790000]
 total_blobs=14769 nmethods=13826 adapters=852
 compilation: enabled
              stopped_count=0, restarted_count=0
 full_count=0

Compilation events (20 events):
Event: 38.056 Thread 0x00000290ff91e800 nmethod 13921 0x00000290ea3d8c90 code [0x00000290ea3dae40, 0x00000290ea3f1228]
Event: 38.056 Thread 0x00000290ff91e800 13931 %     3       com.android.tools.r8.ir.optimize.g::a @ 27 (219 bytes)
Event: 38.057 Thread 0x00000290ff91e800 nmethod 13931% 0x00000290ea3f8610 code [0x00000290ea3f88c0, 0x00000290ea3f9618]
Event: 38.057 Thread 0x00000290ff91e800 13923 %     3       com.android.tools.r8.u.b.n::a @ 180 (368 bytes)
Event: 38.058 Thread 0x00000290ff91e800 nmethod 13923% 0x00000290ea3f9a90 code [0x00000290ea3f9d60, 0x00000290ea3fade8]
Event: 38.059 Thread 0x00000290ff91e800 13928 %     3       com.android.tools.r8.v.a.a.a.f.e0::d @ 5 (27 bytes)
Event: 38.059 Thread 0x00000290ff91e800 nmethod 13928% 0x00000290ea3fb290 code [0x00000290ea3fb460, 0x00000290ea3fb6f8]
Event: 38.059 Thread 0x00000290ff91e800 13895 %     3       com.android.tools.r8.ir.optimize.I::a @ 48 (115 bytes)
Event: 38.060 Thread 0x00000290ff91e800 nmethod 13895% 0x00000290ea3fb810 code [0x00000290ea3fbaa0, 0x00000290ea3fcb78]
Event: 38.060 Thread 0x00000290ff91e800 13940       3       com.android.tools.r8.s.a.a.b.t0::c (55 bytes)
Event: 38.061 Thread 0x00000290ff91e800 nmethod 13940 0x00000290ea3fd110 code [0x00000290ea3fd340, 0x00000290ea3fd898]
Event: 38.061 Thread 0x00000290ff91e800 13939       2       com.android.tools.r8.ir.conversion.N::a (3075 bytes)
Event: 38.078 Thread 0x00000290ff91e800 nmethod 13939 0x00000290ea3fda90 code [0x00000290ea3fea20, 0x00000290ea405b88]
Event: 38.078 Thread 0x00000290ff91e800 13953 %     3       com.android.tools.r8.u.b.W::a @ 75 (159 bytes)
Event: 38.080 Thread 0x00000290ff91e800 nmethod 13953% 0x00000290ea40a190 code [0x00000290ea40a4a0, 0x00000290ea40b748]
Event: 38.080 Thread 0x00000290ff91e800 13954 %     3       com.android.tools.r8.ir.optimize.Z::b @ 24 (114 bytes)
Event: 38.081 Thread 0x00000290ff91e800 nmethod 13954% 0x00000290ea40bc10 code [0x00000290ea40bf40, 0x00000290ea40d578]
Event: 38.081 Thread 0x00000290ff91e800 13947       2       com.android.tools.r8.u.b.W::c (1138 bytes)
Event: 38.087 Thread 0x00000290ff91e800 nmethod 13947 0x00000290ea40db10 code [0x00000290ea40e1a0, 0x00000290ea410c58]
Event: 38.087 Thread 0x00000290ff91e800 13956 %     3       com.android.tools.r8.ir.conversion.N::a @ 153 (3075 bytes)

GC Heap History (20 events):
Event: 5.202 GC heap after
{Heap after GC invocations=8 (full 0):
 garbage-first heap   total 391168K, used 42336K [0x0000000080000000, 0x0000000100000000)
  region size 1024K, 16 young (16384K), 16 survivors (16384K)
 Metaspace       used 43584K, capacity 44822K, committed 44976K, reserved 1087488K
  class space    used 5656K, capacity 6076K, committed 6144K, reserved 1048576K
}
Event: 6.523 GC heap before
{Heap before GC invocations=8 (full 0):
 garbage-first heap   total 391168K, used 184672K [0x0000000080000000, 0x0000000100000000)
  region size 1024K, 148 young (151552K), 16 survivors (16384K)
 Metaspace       used 58596K, capacity 60152K, committed 60240K, reserved 1101824K
  class space    used 7422K, capacity 7916K, committed 7936K, reserved 1048576K
}
Event: 6.555 GC heap after
{Heap after GC invocations=9 (full 0):
 garbage-first heap   total 391168K, used 64489K [0x0000000080000000, 0x0000000100000000)
  region size 1024K, 25 young (25600K), 25 survivors (25600K)
 Metaspace       used 58596K, capacity 60152K, committed 60240K, reserved 1101824K
  class space    used 7422K, capacity 7916K, committed 7936K, reserved 1048576K
}
Event: 21.809 GC heap before
{Heap before GC invocations=10 (full 0):
 garbage-first heap   total 391168K, used 227305K [0x0000000080000000, 0x0000000100000000)
  region size 1024K, 185 young (189440K), 25 survivors (25600K)
 Metaspace       used 74936K, capacity 76931K, committed 77084K, reserved 1116160K
  class space    used 9406K, capacity 10069K, committed 10188K, reserved 1048576K
}
Event: 21.834 GC heap after
{Heap after GC invocations=11 (full 0):
 garbage-first heap   total 391168K, used 74599K [0x0000000080000000, 0x0000000100000000)
  region size 1024K, 12 young (12288K), 12 survivors (12288K)
 Metaspace       used 74936K, capacity 76931K, committed 77084K, reserved 1116160K
  class space    used 9406K, capacity 10069K, committed 10188K, reserved 1048576K
}
Event: 23.859 GC heap before
{Heap before GC invocations=11 (full 0):
 garbage-first heap   total 391168K, used 291687K [0x0000000080000000, 0x0000000100000000)
  region size 1024K, 224 young (229376K), 12 survivors (12288K)
 Metaspace       used 89824K, capacity 92339K, committed 92572K, reserved 1130496K
  class space    used 11249K, capacity 12081K, committed 12108K, reserved 1048576K
}
Event: 23.876 GC heap after
{Heap after GC invocations=12 (full 0):
 garbage-first heap   total 391168K, used 86150K [0x0000000080000000, 0x0000000100000000)
  region size 1024K, 23 young (23552K), 23 survivors (23552K)
 Metaspace       used 89824K, capacity 92339K, committed 92572K, reserved 1130496K
  class space    used 11249K, capacity 12081K, committed 12108K, reserved 1048576K
}
Event: 34.010 GC heap before
{Heap before GC invocations=12 (full 0):
 garbage-first heap   total 391168K, used 253062K [0x0000000080000000, 0x0000000100000000)
  region size 1024K, 187 young (191488K), 23 survivors (23552K)
 Metaspace       used 97842K, capacity 100875K, committed 100956K, reserved 1136640K
  class space    used 12279K, capacity 13311K, committed 13388K, reserved 1048576K
}
Event: 34.056 GC heap after
{Heap after GC invocations=13 (full 0):
 garbage-first heap   total 391168K, used 94475K [0x0000000080000000, 0x0000000100000000)
  region size 1024K, 23 young (23552K), 23 survivors (23552K)
 Metaspace       used 97842K, capacity 100875K, committed 100956K, reserved 1136640K
  class space    used 12279K, capacity 13311K, committed 13388K, reserved 1048576K
}
Event: 36.136 GC heap before
{Heap before GC invocations=14 (full 0):
 garbage-first heap   total 391168K, used 301323K [0x0000000080000000, 0x0000000100000000)
  region size 1024K, 222 young (227328K), 23 survivors (23552K)
 Metaspace       used 102196K, capacity 105417K, committed 105692K, reserved 1140736K
  class space    used 12874K, capacity 13972K, committed 14028K, reserved 1048576K
}
Event: 36.168 GC heap after
{Heap after GC invocations=15 (full 0):
 garbage-first heap   total 391168K, used 125490K [0x0000000080000000, 0x0000000100000000)
  region size 1024K, 28 young (28672K), 28 survivors (28672K)
 Metaspace       used 102196K, capacity 105417K, committed 105692K, reserved 1140736K
  class space    used 12874K, capacity 13972K, committed 14028K, reserved 1048576K
}
Event: 36.571 GC heap before
{Heap before GC invocations=15 (full 0):
 garbage-first heap   total 391168K, used 299570K [0x0000000080000000, 0x0000000100000000)
  region size 1024K, 194 young (198656K), 28 survivors (28672K)
 Metaspace       used 105161K, capacity 108404K, committed 108508K, reserved 1142784K
  class space    used 13333K, capacity 14456K, committed 14540K, reserved 1048576K
}
Event: 36.612 GC heap after
{Heap after GC invocations=16 (full 0):
 garbage-first heap   total 391168K, used 151552K [0x0000000080000000, 0x0000000100000000)
  region size 1024K, 25 young (25600K), 25 survivors (25600K)
 Metaspace       used 105161K, capacity 108404K, committed 108508K, reserved 1142784K
  class space    used 13333K, capacity 14456K, committed 14540K, reserved 1048576K
}
Event: 37.252 GC heap before
{Heap before GC invocations=16 (full 0):
 garbage-first heap   total 391168K, used 293888K [0x0000000080000000, 0x0000000100000000)
  region size 1024K, 164 young (167936K), 25 survivors (25600K)
 Metaspace       used 107331K, capacity 110733K, committed 110940K, reserved 1144832K
  class space    used 13643K, capacity 14825K, committed 14924K, reserved 1048576K
}
Event: 37.275 GC heap after
{Heap after GC invocations=17 (full 0):
 garbage-first heap   total 391168K, used 158647K [0x0000000080000000, 0x0000000100000000)
  region size 1024K, 5 young (5120K), 5 survivors (5120K)
 Metaspace       used 107331K, capacity 110733K, committed 110940K, reserved 1144832K
  class space    used 13643K, capacity 14825K, committed 14924K, reserved 1048576K
}
Event: 37.589 GC heap before
{Heap before GC invocations=17 (full 0):
 garbage-first heap   total 391168K, used 302007K [0x0000000080000000, 0x0000000100000000)
  region size 1024K, 145 young (148480K), 5 survivors (5120K)
 Metaspace       used 107532K, capacity 110880K, committed 111196K, reserved 1146880K
  class space    used 13665K, capacity 14831K, committed 14924K, reserved 1048576K
}
Event: 37.598 GC heap after
{Heap after GC invocations=18 (full 0):
 garbage-first heap   total 391168K, used 157796K [0x0000000080000000, 0x0000000100000000)
  region size 1024K, 5 young (5120K), 5 survivors (5120K)
 Metaspace       used 107532K, capacity 110880K, committed 111196K, reserved 1146880K
  class space    used 13665K, capacity 14831K, committed 14924K, reserved 1048576K
}
Event: 37.848 GC heap before
{Heap before GC invocations=18 (full 0):
 garbage-first heap   total 391168K, used 307300K [0x0000000080000000, 0x0000000100000000)
  region size 1024K, 151 young (154624K), 5 survivors (5120K)
 Metaspace       used 107715K, capacity 111077K, committed 111196K, reserved 1146880K
  class space    used 13671K, capacity 14831K, committed 14924K, reserved 1048576K
}
Event: 37.855 GC heap after
{Heap after GC invocations=19 (full 0):
 garbage-first heap   total 391168K, used 159864K [0x0000000080000000, 0x0000000100000000)
  region size 1024K, 7 young (7168K), 7 survivors (7168K)
 Metaspace       used 107715K, capacity 111077K, committed 111196K, reserved 1146880K
  class space    used 13671K, capacity 14831K, committed 14924K, reserved 1048576K
}
Event: 38.112 GC heap before
{Heap before GC invocations=19 (full 0):
 garbage-first heap   total 391168K, used 311416K [0x0000000080000000, 0x0000000100000000)
  region size 1024K, 156 young (159744K), 7 survivors (7168K)
 Metaspace       used 107784K, capacity 111176K, committed 111452K, reserved 1146880K
  class space    used 13676K, capacity 14864K, committed 14924K, reserved 1048576K
}

Deoptimization events (20 events):
Event: 38.006 Thread 0x0000029083e2a800 DEOPT PACKING pc=0x00000290ea354aae sp=0x000000f3ff5f98f0
Event: 38.006 Thread 0x0000029083e2a800 DEOPT UNPACKING pc=0x00000290e82176ce sp=0x000000f3ff5f9140 mode 0
Event: 38.008 Thread 0x0000029081ada800 DEOPT PACKING pc=0x00000290ea1f2028 sp=0x000000f3ff7f9ec0
Event: 38.008 Thread 0x0000029081ada800 DEOPT UNPACKING pc=0x00000290e82176ce sp=0x000000f3ff7f94e0 mode 0
Event: 38.011 Thread 0x0000029081ad7800 DEOPT PACKING pc=0x00000290ea2c7e8e sp=0x000000f3ffaf9d10
Event: 38.011 Thread 0x0000029081ad7800 DEOPT UNPACKING pc=0x00000290e82176ce sp=0x000000f3ffaf9188 mode 0
Event: 38.022 Thread 0x0000029081ada800 DEOPT PACKING pc=0x00000290ea1f221d sp=0x000000f3ff7f9c30
Event: 38.022 Thread 0x0000029081ada800 DEOPT UNPACKING pc=0x00000290e82176ce sp=0x000000f3ff7f9260 mode 0
Event: 38.032 Thread 0x0000029081ad7800 DEOPT PACKING pc=0x00000290ea2c7e8e sp=0x000000f3ffaf9c10
Event: 38.032 Thread 0x0000029081ad7800 DEOPT UNPACKING pc=0x00000290e82176ce sp=0x000000f3ffaf9088 mode 0
Event: 38.032 Thread 0x0000029081ad7800 DEOPT PACKING pc=0x00000290ea354aae sp=0x000000f3ffaf9be0
Event: 38.032 Thread 0x0000029081ad7800 DEOPT UNPACKING pc=0x00000290e82176ce sp=0x000000f3ffaf9430 mode 0
Event: 38.046 Thread 0x0000029083e2f800 DEOPT PACKING pc=0x00000290ea1f221d sp=0x000000f3ff1fa400
Event: 38.046 Thread 0x0000029083e2f800 DEOPT UNPACKING pc=0x00000290e82176ce sp=0x000000f3ff1f9a30 mode 0
Event: 38.079 Thread 0x0000029081adb800 DEOPT PACKING pc=0x00000290ea14f54e sp=0x000000f3ff8f9900
Event: 38.079 Thread 0x0000029081adb800 DEOPT UNPACKING pc=0x00000290e82176ce sp=0x000000f3ff8f9088 mode 0
Event: 38.101 Thread 0x0000029081adb800 DEOPT PACKING pc=0x00000290ea1f2028 sp=0x000000f3ff8f9a50
Event: 38.101 Thread 0x0000029081adb800 DEOPT UNPACKING pc=0x00000290e82176ce sp=0x000000f3ff8f9078 mode 0
Event: 38.102 Thread 0x0000029081adb800 DEOPT PACKING pc=0x00000290ea2c7e8e sp=0x000000f3ff8f9ef0
Event: 38.102 Thread 0x0000029081adb800 DEOPT UNPACKING pc=0x00000290e82176ce sp=0x000000f3ff8f9368 mode 0

Classes redefined (0 events):
No events

Internal exceptions (20 events):
Event: 35.581 Thread 0x0000029081adb800 Exception <a 'java/lang/NoSuchMethodError'{0x000000009274c410}: 'java.lang.Object java.lang.invoke.Invokers$Holder.linkToTargetMethod(java.lang.Object, int, java.lang.Object, java.lang.Object)'> (0x000000009274c410) thrown at [./src/hotspot/share/interpreter/linkResolver.cpp, line 773]
Event: 35.779 Thread 0x0000029083e2f800 Exception <a 'sun/nio/fs/WindowsException'{0x00000000909c84f0}> (0x00000000909c84f0) thrown at [./src/hotspot/share/prims/jni.cpp, line 615]
Event: 35.797 Thread 0x0000029081ada800 Exception <a 'sun/nio/fs/WindowsException'{0x000000009015a4c8}> (0x000000009015a4c8) thrown at [./src/hotspot/share/prims/jni.cpp, line 615]
Event: 35.918 Thread 0x0000029081adb800 Exception <a 'sun/nio/fs/WindowsException'{0x000000008c2bf238}> (0x000000008c2bf238) thrown at [./src/hotspot/share/prims/jni.cpp, line 615]
Event: 35.940 Thread 0x0000029081ad7800 Exception <a 'sun/nio/fs/WindowsException'{0x000000008bc9d680}> (0x000000008bc9d680) thrown at [./src/hotspot/share/prims/jni.cpp, line 615]
Event: 35.971 Thread 0x0000029081ada800 Exception <a 'java/lang/NoSuchMethodError'{0x000000008b775a20}: 'java.lang.Object java.lang.invoke.DirectMethodHandle$Holder.invokeStatic(java.lang.Object, java.lang.Object, java.lang.Object, java.lang.Object, java.lang.Object, java.lang.Object, java.lang.Object, java.lang.Object, java.lang.Object, java.lang.Object, java.lang.Object, java.lang.Object, java.lang.Object, java.lang.Object, java.lang.Object, java.lang.Object, java.lang.Object, int, java.lang.Object)'> (0x000000008b775a20) thrown at [./src/hots
Event: 35.971 Thread 0x0000029081ada800 Exception <a 'java/lang/NoSuchMethodError'{0x000000008b77b868}: 'java.lang.Object java.lang.invoke.DirectMethodHandle$Holder.invokeStaticInit(java.lang.Object, java.lang.Object, java.lang.Object, java.lang.Object, java.lang.Object, java.lang.Object, java.lang.Object, java.lang.Object, java.lang.Object, java.lang.Object, java.lang.Object, java.lang.Object, java.lang.Object, java.lang.Object, java.lang.Object, java.lang.Object, java.lang.Object, int, java.lang.Object)'> (0x000000008b77b868) thrown at [./src/
Event: 35.977 Thread 0x0000029083e2a800 Exception <a 'sun/nio/fs/WindowsException'{0x000000008b689778}> (0x000000008b689778) thrown at [./src/hotspot/share/prims/jni.cpp, line 615]
Event: 36.445 Thread 0x0000029081ada800 Exception <a 'java/lang/NoSuchMethodError'{0x00000000918d1f38}: 'long java.lang.invoke.DirectMethodHandle$Holder.invokeStatic(java.lang.Object, java.lang.Object)'> (0x00000000918d1f38) thrown at [./src/hotspot/share/interpreter/linkResolver.cpp, line 773]
Event: 36.445 Thread 0x0000029083e2f800 Exception <a 'java/lang/NoSuchMethodError'{0x00000000912c2cc8}: 'long java.lang.invoke.DirectMethodHandle$Holder.invokeStatic(java.lang.Object, java.lang.Object)'> (0x00000000912c2cc8) thrown at [./src/hotspot/share/interpreter/linkResolver.cpp, line 773]
Event: 36.448 Thread 0x0000029081ada800 Exception <a 'java/lang/NoSuchMethodError'{0x00000000911eed18}: 'void java.lang.invoke.DirectMethodHandle$Holder.invokeSpecial(java.lang.Object, java.lang.Object, int, java.lang.Object)'> (0x00000000911eed18) thrown at [./src/hotspot/share/interpreter/linkResolver.cpp, line 773]
Event: 36.513 Thread 0x0000029081ada800 Exception <a 'java/lang/NoSuchMethodError'{0x000000008fa9b250}: 'java.lang.Object java.lang.invoke.DirectMethodHandle$Holder.invokeVirtual(java.lang.Object, java.lang.Object, int, java.lang.Object)'> (0x000000008fa9b250) thrown at [./src/hotspot/share/interpreter/linkResolver.cpp, line 773]
Event: 36.513 Thread 0x0000029083e2f800 Exception <a 'java/lang/NoSuchMethodError'{0x000000008f464010}: 'java.lang.Object java.lang.invoke.DirectMethodHandle$Holder.invokeVirtual(java.lang.Object, java.lang.Object, int, java.lang.Object)'> (0x000000008f464010) thrown at [./src/hotspot/share/interpreter/linkResolver.cpp, line 773]
Event: 36.534 Thread 0x0000029081ada800 Exception <a 'java/lang/NoSuchMethodError'{0x000000008ec4e3a8}: 'void java.lang.invoke.DirectMethodHandle$Holder.invokeVirtual(java.lang.Object, java.lang.Object, int, java.lang.Object)'> (0x000000008ec4e3a8) thrown at [./src/hotspot/share/interpreter/linkResolver.cpp, line 773]
Event: 36.534 Thread 0x0000029081ad7800 Exception <a 'java/lang/NoSuchMethodError'{0x000000008e96b190}: 'void java.lang.invoke.DirectMethodHandle$Holder.invokeVirtual(java.lang.Object, java.lang.Object, int, java.lang.Object)'> (0x000000008e96b190) thrown at [./src/hotspot/share/interpreter/linkResolver.cpp, line 773]
Event: 36.644 Thread 0x0000029081ada800 Exception <a 'java/lang/NoSuchMethodError'{0x0000000097ab9210}: 'java.lang.Object java.lang.invoke.DirectMethodHandle$Holder.newInvokeSpecial(java.lang.Object, int)'> (0x0000000097ab9210) thrown at [./src/hotspot/share/interpreter/linkResolver.cpp, line 773]
Event: 36.644 Thread 0x0000029083e2f800 Exception <a 'java/lang/NoSuchMethodError'{0x0000000097a51220}: 'java.lang.Object java.lang.invoke.DirectMethodHandle$Holder.newInvokeSpecial(java.lang.Object, int)'> (0x0000000097a51220) thrown at [./src/hotspot/share/interpreter/linkResolver.cpp, line 773]
Event: 36.644 Thread 0x0000029081adb800 Exception <a 'java/lang/NoSuchMethodError'{0x0000000097ce61f0}: 'java.lang.Object java.lang.invoke.DirectMethodHandle$Holder.newInvokeSpecial(java.lang.Object, int)'> (0x0000000097ce61f0) thrown at [./src/hotspot/share/interpreter/linkResolver.cpp, line 773]
Event: 36.710 Thread 0x0000029081ada800 Exception <a 'java/lang/NoSuchMethodError'{0x000000009721c308}: 'java.lang.Object java.lang.invoke.DirectMethodHandle$Holder.invokeInterface(java.lang.Object, java.lang.Object, int)'> (0x000000009721c308) thrown at [./src/hotspot/share/interpreter/linkResolver.cpp, line 773]
Event: 37.109 Thread 0x0000029081ada800 Exception <a 'java/lang/NoSuchMethodError'{0x00000000923484a0}: 'int java.lang.invoke.DirectMethodHandle$Holder.invokeInterface(java.lang.Object, java.lang.Object, int)'> (0x00000000923484a0) thrown at [./src/hotspot/share/interpreter/linkResolver.cpp, line 773]

Events (20 events):
Event: 37.651 loading class com/android/tools/r8/code/a2 done
Event: 37.848 Executing VM operation: G1CollectForAllocation
Event: 37.855 Executing VM operation: G1CollectForAllocation done
Event: 37.878 loading class com/android/tools/r8/code/P3
Event: 37.878 loading class com/android/tools/r8/code/P3 done
Event: 37.879 loading class com/android/tools/r8/code/S3
Event: 37.879 loading class com/android/tools/r8/code/S3 done
Event: 37.879 loading class com/android/tools/r8/code/R3
Event: 37.879 loading class com/android/tools/r8/code/R3 done
Event: 37.879 loading class com/android/tools/r8/code/T3
Event: 37.879 loading class com/android/tools/r8/code/T3 done
Event: 37.880 loading class com/android/tools/r8/code/Q3
Event: 37.880 loading class com/android/tools/r8/code/Q3 done
Event: 37.998 loading class com/android/tools/r8/u/b/h0
Event: 37.998 loading class com/android/tools/r8/u/b/h0 done
Event: 37.998 loading class com/android/tools/r8/u/b/h0
Event: 37.998 loading class com/android/tools/r8/u/b/h0 done
Event: 37.998 loading class com/android/tools/r8/u/b/h0
Event: 37.998 loading class com/android/tools/r8/u/b/h0 done
Event: 38.111 Executing VM operation: G1CollectForAllocation


Dynamic libraries:
0x00007ff679490000 - 0x00007ff67949a000 	E:\AndroidStudio\androidstudio\jre\bin\java.exe
0x00007ffde9410000 - 0x00007ffde9605000 	C:\WINDOWS\SYSTEM32\ntdll.dll
0x00007ffde8df0000 - 0x00007ffde8eae000 	C:\WINDOWS\System32\KERNEL32.DLL
0x00007ffde6e70000 - 0x00007ffde7139000 	C:\WINDOWS\System32\KERNELBASE.dll
0x00007ffde6b30000 - 0x00007ffde6c30000 	C:\WINDOWS\System32\ucrtbase.dll
0x00007ffdcaa40000 - 0x00007ffdcaa59000 	E:\AndroidStudio\androidstudio\jre\bin\jli.dll
0x00007ffdcaa20000 - 0x00007ffdcaa37000 	E:\AndroidStudio\androidstudio\jre\bin\VCRUNTIME140.dll
0x00007ffde7ac0000 - 0x00007ffde7c61000 	C:\WINDOWS\System32\USER32.dll
0x00007ffde6e40000 - 0x00007ffde6e62000 	C:\WINDOWS\System32\win32u.dll
0x00007ffde7c70000 - 0x00007ffde7c9b000 	C:\WINDOWS\System32\GDI32.dll
0x00007ffdcbef0000 - 0x00007ffdcc18a000 	C:\WINDOWS\WinSxS\amd64_microsoft.windows.common-controls_6595b64144ccf1df_6.0.19041.1110_none_60b5254171f9507e\COMCTL32.dll
0x00007ffde7300000 - 0x00007ffde740b000 	C:\WINDOWS\System32\gdi32full.dll
0x00007ffde71d0000 - 0x00007ffde726d000 	C:\WINDOWS\System32\msvcp_win.dll
0x00007ffde8d50000 - 0x00007ffde8dee000 	C:\WINDOWS\System32\msvcrt.dll
0x00007ffde7730000 - 0x00007ffde7760000 	C:\WINDOWS\System32\IMM32.DLL
0x00007ffdba4b0000 - 0x00007ffdba54d000 	E:\AndroidStudio\androidstudio\jre\bin\msvcp140.dll
0x00007ffda8f30000 - 0x00007ffda99ff000 	E:\AndroidStudio\androidstudio\jre\bin\server\jvm.dll
0x00007ffde87b0000 - 0x00007ffde885c000 	C:\WINDOWS\System32\ADVAPI32.dll
0x00007ffde77f0000 - 0x00007ffde788b000 	C:\WINDOWS\System32\sechost.dll
0x00007ffde9120000 - 0x00007ffde924a000 	C:\WINDOWS\System32\RPCRT4.dll
0x00007ffde87a0000 - 0x00007ffde87a8000 	C:\WINDOWS\System32\PSAPI.DLL
0x00007ffdcae00000 - 0x00007ffdcae09000 	C:\WINDOWS\SYSTEM32\WSOCK32.dll
0x00007ffde00a0000 - 0x00007ffde00aa000 	C:\WINDOWS\SYSTEM32\VERSION.dll
0x00007ffde4440000 - 0x00007ffde4467000 	C:\WINDOWS\SYSTEM32\WINMM.dll
0x00007ffde8f60000 - 0x00007ffde8fcb000 	C:\WINDOWS\System32\WS2_32.dll
0x00007ffde53e0000 - 0x00007ffde53f2000 	C:\WINDOWS\SYSTEM32\kernel.appcore.dll
0x00007ffdca990000 - 0x00007ffdca9a1000 	E:\AndroidStudio\androidstudio\jre\bin\verify.dll
0x00007ffde50c0000 - 0x00007ffde52a4000 	C:\WINDOWS\SYSTEM32\DBGHELP.DLL
0x00007ffdd59b0000 - 0x00007ffdd59dc000 	C:\WINDOWS\SYSTEM32\dbgcore.DLL
0x00007ffde7270000 - 0x00007ffde72f3000 	C:\WINDOWS\System32\bcryptPrimitives.dll
0x00007ffdca960000 - 0x00007ffdca989000 	E:\AndroidStudio\androidstudio\jre\bin\java.dll
0x00007ffdde800000 - 0x00007ffdde80b000 	E:\AndroidStudio\androidstudio\jre\bin\jimage.dll
0x00007ffdc63a0000 - 0x00007ffdc63b8000 	E:\AndroidStudio\androidstudio\jre\bin\zip.dll
0x00007ffde8060000 - 0x00007ffde879f000 	C:\WINDOWS\System32\SHELL32.dll
0x00007ffde47d0000 - 0x00007ffde4f60000 	C:\WINDOWS\SYSTEM32\windows.storage.dll
0x00007ffde7ca0000 - 0x00007ffde7ff5000 	C:\WINDOWS\System32\combase.dll
0x00007ffde6580000 - 0x00007ffde65ac000 	C:\WINDOWS\SYSTEM32\Wldp.dll
0x00007ffde8eb0000 - 0x00007ffde8f5d000 	C:\WINDOWS\System32\SHCORE.dll
0x00007ffde8000000 - 0x00007ffde8055000 	C:\WINDOWS\System32\shlwapi.dll
0x00007ffde6a70000 - 0x00007ffde6a8f000 	C:\WINDOWS\SYSTEM32\profapi.dll
0x00007ffdbf830000 - 0x00007ffdbf84a000 	E:\AndroidStudio\androidstudio\jre\bin\net.dll
0x00007ffde3fd0000 - 0x00007ffde40d8000 	C:\WINDOWS\SYSTEM32\WINHTTP.dll
0x00007ffde62e0000 - 0x00007ffde634a000 	C:\WINDOWS\system32\mswsock.dll
0x00007ffdbf7a0000 - 0x00007ffdbf7b4000 	E:\AndroidStudio\androidstudio\jre\bin\nio.dll
0x00007ffdba300000 - 0x00007ffdba326000 	C:\Users\dell\.gradle\native\31\windows-amd64\native-platform.dll
0x00007ffdcd1b0000 - 0x00007ffdcd1ba000 	E:\AndroidStudio\androidstudio\jre\bin\management.dll
0x00007ffdcd130000 - 0x00007ffdcd13c000 	E:\AndroidStudio\androidstudio\jre\bin\management_ext.dll
0x00007ffde64d0000 - 0x00007ffde64e8000 	C:\WINDOWS\SYSTEM32\CRYPTSP.dll
0x00007ffde5bf0000 - 0x00007ffde5c24000 	C:\WINDOWS\system32\rsaenh.dll
0x00007ffde7140000 - 0x00007ffde7167000 	C:\WINDOWS\System32\bcrypt.dll
0x00007ffde6a30000 - 0x00007ffde6a5e000 	C:\WINDOWS\SYSTEM32\USERENV.dll
0x00007ffde64f0000 - 0x00007ffde64fc000 	C:\WINDOWS\SYSTEM32\CRYPTBASE.dll
0x00007ffde5f80000 - 0x00007ffde5fbb000 	C:\WINDOWS\SYSTEM32\IPHLPAPI.DLL
0x00007ffde8d40000 - 0x00007ffde8d48000 	C:\WINDOWS\System32\NSI.dll
0x00007ffddee00000 - 0x00007ffddee17000 	C:\WINDOWS\SYSTEM32\dhcpcsvc6.DLL
0x00007ffde00b0000 - 0x00007ffde00cd000 	C:\WINDOWS\SYSTEM32\dhcpcsvc.DLL
0x00007ffde5fc0000 - 0x00007ffde608c000 	C:\WINDOWS\SYSTEM32\DNSAPI.dll

dbghelp: loaded successfully - version: 4.0.5 - missing functions: none
symbol engine: initialized successfully - sym options: 0x614 - pdb path: .;E:\AndroidStudio\androidstudio\jre\bin;C:\WINDOWS\SYSTEM32;C:\WINDOWS\WinSxS\amd64_microsoft.windows.common-controls_6595b64144ccf1df_6.0.19041.1110_none_60b5254171f9507e;E:\AndroidStudio\androidstudio\jre\bin\server;C:\Users\dell\.gradle\native\31\windows-amd64

VM Arguments:
jvm_args: --add-opens=java.base/java.util=ALL-UNNAMED --add-opens=java.base/java.lang=ALL-UNNAMED --add-opens=java.base/java.lang.invoke=ALL-UNNAMED --add-opens=java.prefs/java.util.prefs=ALL-UNNAMED -Xmx2048m -Dfile.encoding=GBK -Duser.country=CN -Duser.language=zh -Duser.variant 
java_command: org.gradle.launcher.daemon.bootstrap.GradleDaemon 6.1.1
java_class_path (initial): C:\Users\dell\.gradle\wrapper\dists\gradle-6.1.1-all\cfmwm155h49vnt3hynmlrsdst\gradle-6.1.1\lib\gradle-launcher-6.1.1.jar
Launcher Type: SUN_STANDARD

[Global flags]
     intx CICompilerCount                          = 4                                         {product} {ergonomic}
     uint ConcGCThreads                            = 3                                         {product} {ergonomic}
     uint G1ConcRefinementThreads                  = 10                                        {product} {ergonomic}
   size_t G1HeapRegionSize                         = 1048576                                   {product} {ergonomic}
    uintx GCDrainStackTargetSize                   = 64                                        {product} {ergonomic}
   size_t InitialHeapSize                          = 400556032                                 {product} {ergonomic}
   size_t MarkStackSize                            = 4194304                                   {product} {ergonomic}
   size_t MaxHeapSize                              = 2147483648                                {product} {command line}
   size_t MaxNewSize                               = 1287651328                                {product} {ergonomic}
   size_t MinHeapDeltaBytes                        = 1048576                                   {product} {ergonomic}
    uintx NonNMethodCodeHeapSize                   = 5836300                                {pd product} {ergonomic}
    uintx NonProfiledCodeHeapSize                  = 122910970                              {pd product} {ergonomic}
    uintx ProfiledCodeHeapSize                     = 122910970                              {pd product} {ergonomic}
    uintx ReservedCodeCacheSize                    = 251658240                              {pd product} {ergonomic}
     bool SegmentedCodeCache                       = true                                      {product} {ergonomic}
     bool UseCompressedClassPointers               = true                                 {lp64_product} {ergonomic}
     bool UseCompressedOops                        = true                                 {lp64_product} {ergonomic}
     bool UseG1GC                                  = true                                      {product} {ergonomic}
     bool UseLargePagesIndividualAllocation        = false                                  {pd product} {ergonomic}

Logging:
Log output configuration:
 #0: stdout all=warning uptime,level,tags
 #1: stderr all=off uptime,level,tags

Environment Variables:
CLASSPATH=.
PATH=D:\oracle\WINDOWS.X64_193000_db_home\bin;D:\oracle_sql\WINDOWS.X64_193000_db_home\bin;D:\NVIDIA\CUDADevelopment\bin;D:\NVIDIA\CUDADevelopment\libnvvp;D:\xshell\;C:\Program Files (x86)\Common Files\Oracle\Java\javapath;C:\Program Files\Python38\Scripts\;C:\Program Files\Python38\;C:\Program Files (x86)\Intel\Intel(R) Management Engine Components\iCLS\;C:\Program Files\Intel\Intel(R) Management Engine Components\iCLS\;C:\Windows\system32;C:\Windows;C:\Windows\System32\Wbem;C:\Windows\System32\WindowsPowerShell\v1.0\;C:\Windows\System32\OpenSSH\;C:\Program Files (x86)\NVIDIA Corporation\PhysX\Common;C:\WINDOWS\system32;C:\WINDOWS;C:\WINDOWS\System32\Wbem;C:\WINDOWS\System32\WindowsPowerShell\v1.0\;C:\WINDOWS\System32\OpenSSH\;C:\Users\dell\AppData\Roaming\Microsoft\Windows\Start Menu\Programs\Python 3.7;C:\Program Files\Intel\WiFi\bin\;C:\Program Files\Common Files\Intel\WirelessCommon\;D:\MATLAB\runtime\win64;D:\MATLAB\bin;D:\JAVA\jdk1.8.0_80\bin;C:\Users\dell\AppData\Local\Package Cache\{edfa99b7-1514-493a-aeaf-a37eeec724d2}\python-3.8.1-amd64.exe;C:\Users\dell\AppData\Roaming\Python\Python38\Scripts;C:\Users\dell\Downloads\jre-8u251-windows-x64.exe;C:\Program Files\TortoiseGit\bin;D:\Anaconda;D:\Anaconda\Scripts;D:\Anaconda\Library\mingw-w64\bin;D:\Anaconda\Library\usr\bin;D:\Anaconda\Library\bin;C:\Program Files\NVIDIA Corporation\Nsight Compute 2019.5.0\;C:\Program Files\NVIDIA Corporation\NVIDIA NvDLISR;C:\Program Files\NVIDIA GPU Computing Toolkit\CUDA\v10.2;C:\Program Files\NVIDIA GPU Computing Toolkit\CUDA\v10.2\lib\x64;D:\web\mysql-8.0.22-winx64\bin;D:\Git\cmd;E:\node_js\;D:\MySQL5.7\mysql-5.7.33-winx64\bin;E:\XFTPP\XFTP\;C:\Program Files\dotnet\;C:\Program Files (x86)\dotnet\;E:\node_js\node_global;C:\Users\dell\alpha;D:\Go\bin;C:\WINDOWS\system32;C:\WINDOWS;C:\WINDOWS\System32\Wbem;C:\WINDOWS\System32\WindowsPowerShell\v1.0\;C:\WINDOWS\System32\OpenSSH\;D:\windows编程\Windows编程（刘晓翔）2020\VC6+MSDN\Tools\WinNT;D:\windows编程\Windows编程（刘晓翔）2020\
USERNAME=songshijie
OS=Windows_NT
PROCESSOR_IDENTIFIER=Intel64 Family 6 Model 158 Stepping 10, GenuineIntel



---------------  S Y S T E M  ---------------

OS: Windows 10 , 64 bit Build 19041 (10.0.19041.1202)
OS uptime: 0 days 1:25 hours

CPU:total 12 (initial active 12) (6 cores per cpu, 2 threads per core) family 6 model 158 stepping 10 microcode 0xb4, cmov, cx8, fxsr, mmx, sse, sse2, sse3, ssse3, sse4.1, sse4.2, popcnt, avx, avx2, aes, clmul, erms, 3dnowpref, lzcnt, ht, tsc, tscinvbit, bmi1, bmi2, adx, fma

Memory: 4k page, system-wide physical 24370M (9931M free)
TotalPageFile size 34370M (AvailPageFile size 115M)
current process WorkingSet (physical memory assigned to process): 794M, peak: 794M
current process commit charge ("private bytes"): 879M, peak: 879M

vm_info: OpenJDK 64-Bit Server VM (11.0.10+0-b96-7249189) for windows-amd64 JRE (11.0.10+0-b96-7249189), built on Mar 31 2021 21:44:00 by "builder" with MS VC++ 14.0 (VS2015)

END.
